{"/Users/andresdavidsv/React/Patagonia-Pages/client/src/App.tsx": {"path":"/Users/andresdavidsv/React/Patagonia-Pages/client/src/App.tsx","statementMap":{"0":{"start":{"line":1,"column":0},"end":{"line":1,"column":39}},"1":{"start":{"line":2,"column":0},"end":{"line":2,"column":48}},"2":{"start":{"line":3,"column":0},"end":{"line":3,"column":60}},"3":{"start":{"line":4,"column":0},"end":{"line":4,"column":50}},"4":{"start":{"line":5,"column":0},"end":{"line":5,"column":58}},"5":{"start":{"line":6,"column":0},"end":{"line":6,"column":57}},"6":{"start":{"line":7,"column":0},"end":{"line":7,"column":41}},"7":{"start":{"line":8,"column":0},"end":{"line":8,"column":32}},"8":{"start":{"line":11,"column":2},"end":{"line":16,"column":4}},"9":{"start":{"line":20,"column":2},"end":{"line":29,"column":4}},"10":{"start":{"line":32,"column":0},"end":{"line":32,"column":19}}},"fnMap":{"0":{"name":"Router","decl":{"start":{"line":10,"column":9},"end":{"line":10,"column":15}},"loc":{"start":{"line":10,"column":15},"end":{"line":17,"column":1}}},"1":{"name":"App","decl":{"start":{"line":19,"column":9},"end":{"line":19,"column":12}},"loc":{"start":{"line":19,"column":12},"end":{"line":30,"column":1}}}},"branchMap":{},"s":{"0":0,"1":0,"2":0,"3":0,"4":0,"5":0,"6":0,"7":0,"8":0,"9":0,"10":0},"f":{"0":0,"1":0},"b":{}}
,"/Users/andresdavidsv/React/Patagonia-Pages/client/src/main.tsx": {"path":"/Users/andresdavidsv/React/Patagonia-Pages/client/src/main.tsx","statementMap":{"0":{"start":{"line":1,"column":0},"end":{"line":1,"column":46}},"1":{"start":{"line":2,"column":0},"end":{"line":2,"column":24}},"2":{"start":{"line":3,"column":0},"end":{"line":3,"column":21}},"3":{"start":{"line":5,"column":0},"end":{"line":5,"column":61}}},"fnMap":{},"branchMap":{},"s":{"0":0,"1":0,"2":0,"3":0},"f":{},"b":{}}
,"/Users/andresdavidsv/React/Patagonia-Pages/client/src/components/AboutAuthorSection.tsx": {"path":"/Users/andresdavidsv/React/Patagonia-Pages/client/src/components/AboutAuthorSection.tsx","statementMap":{"0":{"start":{"line":5,"column":0},"end":{"line":5,"column":24}},"1":{"start":{"line":1,"column":0},"end":{"line":1,"column":77}},"2":{"start":{"line":2,"column":0},"end":{"line":2,"column":52}},"3":{"start":{"line":3,"column":0},"end":{"line":3,"column":61}},"4":{"start":{"line":6,"column":16},"end":{"line":6,"column":29}},"5":{"start":{"line":8,"column":2},"end":{"line":44,"column":4}}},"fnMap":{"0":{"name":"AboutAuthorSection","decl":{"start":{"line":5,"column":24},"end":{"line":5,"column":42}},"loc":{"start":{"line":5,"column":42},"end":{"line":45,"column":1}}}},"branchMap":{},"s":{"0":0,"1":0,"2":0,"3":0,"4":0,"5":0},"f":{"0":0},"b":{}}
,"/Users/andresdavidsv/React/Patagonia-Pages/client/src/components/AboutBookSection.tsx": {"path":"/Users/andresdavidsv/React/Patagonia-Pages/client/src/components/AboutBookSection.tsx","statementMap":{"0":{"start":{"line":5,"column":0},"end":{"line":5,"column":24}},"1":{"start":{"line":1,"column":0},"end":{"line":1,"column":52}},"2":{"start":{"line":2,"column":0},"end":{"line":2,"column":48}},"3":{"start":{"line":3,"column":0},"end":{"line":3,"column":60}},"4":{"start":{"line":6,"column":26},"end":{"line":6,"column":39}},"5":{"start":{"line":7,"column":16},"end":{"line":7,"column":39}},"6":{"start":{"line":9,"column":2},"end":{"line":58,"column":4}}},"fnMap":{"0":{"name":"AboutBookSection","decl":{"start":{"line":5,"column":24},"end":{"line":5,"column":40}},"loc":{"start":{"line":5,"column":40},"end":{"line":59,"column":1}}}},"branchMap":{},"s":{"0":0,"1":0,"2":0,"3":0,"4":0,"5":0,"6":0},"f":{"0":0},"b":{}}
,"/Users/andresdavidsv/React/Patagonia-Pages/client/src/components/BookPreviewCarousel.tsx": {"path":"/Users/andresdavidsv/React/Patagonia-Pages/client/src/components/BookPreviewCarousel.tsx","statementMap":{"0":{"start":{"line":24,"column":0},"end":{"line":24,"column":16}},"1":{"start":{"line":1,"column":0},"end":{"line":1,"column":null}},"2":{"start":{"line":8,"column":0},"end":{"line":8,"column":60}},"3":{"start":{"line":9,"column":0},"end":{"line":9,"column":63}},"4":{"start":{"line":11,"column":23},"end":{"line":22,"column":2}},"5":{"start":{"line":25,"column":2},"end":{"line":57,"column":4}},"6":{"start":{"line":37,"column":12},"end":{"line":37,"column":null}}},"fnMap":{"0":{"name":"BookPreviewCarousel","decl":{"start":{"line":24,"column":16},"end":{"line":24,"column":35}},"loc":{"start":{"line":24,"column":35},"end":{"line":58,"column":1}}},"1":{"name":"(anonymous_2)","decl":{"start":{"line":36,"column":30},"end":{"line":36,"column":31}},"loc":{"start":{"line":37,"column":12},"end":{"line":37,"column":null}}}},"branchMap":{},"s":{"0":0,"1":0,"2":0,"3":0,"4":0,"5":0,"6":0},"f":{"0":0,"1":0},"b":{}}
,"/Users/andresdavidsv/React/Patagonia-Pages/client/src/components/Footer.tsx": {"path":"/Users/andresdavidsv/React/Patagonia-Pages/client/src/components/Footer.tsx","statementMap":{"0":{"start":{"line":5,"column":0},"end":{"line":5,"column":24}},"1":{"start":{"line":1,"column":0},"end":{"line":1,"column":48}},"2":{"start":{"line":2,"column":0},"end":{"line":2,"column":52}},"3":{"start":{"line":3,"column":0},"end":{"line":3,"column":60}},"4":{"start":{"line":6,"column":16},"end":{"line":6,"column":29}},"5":{"start":{"line":8,"column":2},"end":{"line":62,"column":4}},"6":{"start":{"line":29,"column":14},"end":{"line":30,"column":null}}},"fnMap":{"0":{"name":"Footer","decl":{"start":{"line":5,"column":24},"end":{"line":5,"column":30}},"loc":{"start":{"line":5,"column":30},"end":{"line":63,"column":1}}},"1":{"name":"(anonymous_1)","decl":{"start":{"line":28,"column":30},"end":{"line":28,"column":31}},"loc":{"start":{"line":29,"column":14},"end":{"line":30,"column":null}}}},"branchMap":{},"s":{"0":0,"1":0,"2":0,"3":0,"4":0,"5":0,"6":0},"f":{"0":0,"1":0},"b":{}}
,"/Users/andresdavidsv/React/Patagonia-Pages/client/src/components/HeroSection.tsx": {"path":"/Users/andresdavidsv/React/Patagonia-Pages/client/src/components/HeroSection.tsx","statementMap":{"0":{"start":{"line":5,"column":0},"end":{"line":5,"column":24}},"1":{"start":{"line":1,"column":0},"end":{"line":1,"column":48}},"2":{"start":{"line":2,"column":0},"end":{"line":2,"column":52}},"3":{"start":{"line":3,"column":0},"end":{"line":3,"column":59}},"4":{"start":{"line":6,"column":16},"end":{"line":6,"column":29}},"5":{"start":{"line":8,"column":27},"end":{"line":10,"column":3}},"6":{"start":{"line":9,"column":4},"end":{"line":9,"column":80}},"7":{"start":{"line":12,"column":2},"end":{"line":47,"column":4}}},"fnMap":{"0":{"name":"HeroSection","decl":{"start":{"line":5,"column":24},"end":{"line":5,"column":35}},"loc":{"start":{"line":5,"column":35},"end":{"line":48,"column":1}}},"1":{"name":"(anonymous_2)","decl":{"start":{"line":8,"column":27},"end":{"line":8,"column":30}},"loc":{"start":{"line":8,"column":32},"end":{"line":10,"column":3}}}},"branchMap":{"0":{"loc":{"start":{"line":9,"column":4},"end":{"line":9,"column":79}},"type":"cond-expr","locations":[{"start":{"line":9,"column":39},"end":{"line":9,"column":41}},{"start":{"line":9,"column":39},"end":{"line":9,"column":79}}]},"1":{"loc":{"start":{"line":9,"column":4},"end":{"line":9,"column":41}},"type":"binary-expr","locations":[{"start":{"line":9,"column":4},"end":{"line":9,"column":41}},{"start":{"line":9,"column":39},"end":{"line":9,"column":41}}]}},"s":{"0":0,"1":0,"2":0,"3":0,"4":0,"5":0,"6":0,"7":0},"f":{"0":0,"1":0},"b":{"0":[0,0],"1":[0,0]}}
,"/Users/andresdavidsv/React/Patagonia-Pages/client/src/components/LanguageToggle.tsx": {"path":"/Users/andresdavidsv/React/Patagonia-Pages/client/src/components/LanguageToggle.tsx","statementMap":{"0":{"start":{"line":8,"column":0},"end":{"line":8,"column":24}},"1":{"start":{"line":1,"column":0},"end":{"line":1,"column":48}},"2":{"start":{"line":2,"column":0},"end":{"line":2,"column":52}},"3":{"start":{"line":9,"column":36},"end":{"line":9,"column":49}},"4":{"start":{"line":11,"column":25},"end":{"line":13,"column":3}},"5":{"start":{"line":12,"column":4},"end":{"line":12,"column":49}},"6":{"start":{"line":15,"column":2},"end":{"line":30,"column":4}}},"fnMap":{"0":{"name":"LanguageToggle","decl":{"start":{"line":8,"column":24},"end":{"line":8,"column":38}},"loc":{"start":{"line":8,"column":80},"end":{"line":31,"column":1}}},"1":{"name":"(anonymous_1)","decl":{"start":{"line":11,"column":25},"end":{"line":11,"column":28}},"loc":{"start":{"line":11,"column":30},"end":{"line":13,"column":3}}}},"branchMap":{"0":{"loc":{"start":{"line":8,"column":41},"end":{"line":8,"column":57}},"type":"default-arg","locations":[{"start":{"line":8,"column":51},"end":{"line":8,"column":57}}]},"1":{"loc":{"start":{"line":12,"column":16},"end":{"line":12,"column":47}},"type":"cond-expr","locations":[{"start":{"line":12,"column":36},"end":{"line":12,"column":40}},{"start":{"line":12,"column":43},"end":{"line":12,"column":47}}]},"2":{"loc":{"start":{"line":21,"column":8},"end":{"line":23,"column":14}},"type":"cond-expr","locations":[{"start":{"line":22,"column":12},"end":{"line":22,"column":62}},{"start":{"line":23,"column":12},"end":{"line":23,"column":14}}]},"3":{"loc":{"start":{"line":26,"column":31},"end":{"line":26,"column":72}},"type":"cond-expr","locations":[{"start":{"line":26,"column":51},"end":{"line":26,"column":60}},{"start":{"line":26,"column":63},"end":{"line":26,"column":72}}]},"4":{"loc":{"start":{"line":28,"column":7},"end":{"line":28,"column":38}},"type":"cond-expr","locations":[{"start":{"line":28,"column":27},"end":{"line":28,"column":31}},{"start":{"line":28,"column":34},"end":{"line":28,"column":38}}]}},"s":{"0":1,"1":1,"2":1,"3":13,"4":13,"5":5,"6":13},"f":{"0":13,"1":5},"b":{"0":[11],"1":[3,2],"2":[1,12],"3":[9,4],"4":[9,4]}}
,"/Users/andresdavidsv/React/Patagonia-Pages/client/src/components/Navigation.tsx": {"path":"/Users/andresdavidsv/React/Patagonia-Pages/client/src/components/Navigation.tsx","statementMap":{"0":{"start":{"line":8,"column":0},"end":{"line":8,"column":24}},"1":{"start":{"line":1,"column":0},"end":{"line":1,"column":44}},"2":{"start":{"line":2,"column":0},"end":{"line":2,"column":48}},"3":{"start":{"line":3,"column":0},"end":{"line":3,"column":39}},"4":{"start":{"line":4,"column":0},"end":{"line":4,"column":52}},"5":{"start":{"line":5,"column":0},"end":{"line":5,"column":60}},"6":{"start":{"line":6,"column":0},"end":{"line":6,"column":46}},"7":{"start":{"line":9,"column":38},"end":{"line":9,"column":53}},"8":{"start":{"line":10,"column":50},"end":{"line":10,"column":65}},"9":{"start":{"line":11,"column":16},"end":{"line":11,"column":29}},"10":{"start":{"line":13,"column":2},"end":{"line":17,"column":9}},"11":{"start":{"line":14,"column":25},"end":{"line":14,"column":65}},"12":{"start":{"line":14,"column":31},"end":{"line":14,"column":65}},"13":{"start":{"line":15,"column":4},"end":{"line":15,"column":52}},"14":{"start":{"line":16,"column":4},"end":{"line":16,"column":68}},"15":{"start":{"line":16,"column":17},"end":{"line":16,"column":67}},"16":{"start":{"line":19,"column":26},"end":{"line":22,"column":3}},"17":{"start":{"line":20,"column":4},"end":{"line":20,"column":72}},"18":{"start":{"line":21,"column":4},"end":{"line":21,"column":31}},"19":{"start":{"line":24,"column":22},"end":{"line":24,"column":75}},"20":{"start":{"line":24,"column":28},"end":{"line":24,"column":75}},"21":{"start":{"line":26,"column":20},"end":{"line":28,"column":38}},"22":{"start":{"line":30,"column":20},"end":{"line":30,"column":65}},"23":{"start":{"line":32,"column":2},"end":{"line":105,"column":4}},"24":{"start":{"line":46,"column":14},"end":{"line":46,"column":33}},"25":{"start":{"line":47,"column":14},"end":{"line":47,"column":28}},"26":{"start":{"line":57,"column":14},"end":{"line":58,"column":null}},"27":{"start":{"line":59,"column":31},"end":{"line":59,"column":58}},"28":{"start":{"line":75,"column":29},"end":{"line":75,"column":67}},"29":{"start":{"line":91,"column":16},"end":{"line":92,"column":null}},"30":{"start":{"line":93,"column":33},"end":{"line":93,"column":60}}},"fnMap":{"0":{"name":"Navigation","decl":{"start":{"line":8,"column":24},"end":{"line":8,"column":34}},"loc":{"start":{"line":8,"column":34},"end":{"line":106,"column":1}}},"1":{"name":"(anonymous_2)","decl":{"start":{"line":13,"column":12},"end":{"line":13,"column":15}},"loc":{"start":{"line":13,"column":17},"end":{"line":17,"column":3}}},"2":{"name":"(anonymous_3)","decl":{"start":{"line":14,"column":25},"end":{"line":14,"column":28}},"loc":{"start":{"line":14,"column":31},"end":{"line":14,"column":65}}},"3":{"name":"(anonymous_4)","decl":{"start":{"line":16,"column":11},"end":{"line":16,"column":14}},"loc":{"start":{"line":16,"column":17},"end":{"line":16,"column":67}}},"4":{"name":"(anonymous_5)","decl":{"start":{"line":19,"column":26},"end":{"line":19,"column":27}},"loc":{"start":{"line":19,"column":41},"end":{"line":22,"column":3}}},"5":{"name":"(anonymous_6)","decl":{"start":{"line":24,"column":22},"end":{"line":24,"column":25}},"loc":{"start":{"line":24,"column":28},"end":{"line":24,"column":75}}},"6":{"name":"(anonymous_7)","decl":{"start":{"line":45,"column":21},"end":{"line":45,"column":22}},"loc":{"start":{"line":45,"column":27},"end":{"line":48,"column":13}}},"7":{"name":"(anonymous_8)","decl":{"start":{"line":56,"column":30},"end":{"line":56,"column":31}},"loc":{"start":{"line":57,"column":14},"end":{"line":58,"column":null}}},"8":{"name":"(anonymous_9)","decl":{"start":{"line":59,"column":25},"end":{"line":59,"column":28}},"loc":{"start":{"line":59,"column":31},"end":{"line":59,"column":58}}},"9":{"name":"(anonymous_10)","decl":{"start":{"line":75,"column":23},"end":{"line":75,"column":26}},"loc":{"start":{"line":75,"column":29},"end":{"line":75,"column":67}}},"10":{"name":"(anonymous_11)","decl":{"start":{"line":90,"column":32},"end":{"line":90,"column":33}},"loc":{"start":{"line":91,"column":16},"end":{"line":92,"column":null}}},"11":{"name":"(anonymous_12)","decl":{"start":{"line":93,"column":27},"end":{"line":93,"column":30}},"loc":{"start":{"line":93,"column":33},"end":{"line":93,"column":60}}}},"branchMap":{"0":{"loc":{"start":{"line":20,"column":4},"end":{"line":20,"column":71}},"type":"cond-expr","locations":[{"start":{"line":20,"column":31},"end":{"line":20,"column":33}},{"start":{"line":20,"column":31},"end":{"line":20,"column":71}}]},"1":{"loc":{"start":{"line":20,"column":4},"end":{"line":20,"column":33}},"type":"binary-expr","locations":[{"start":{"line":20,"column":4},"end":{"line":20,"column":33}},{"start":{"line":20,"column":31},"end":{"line":20,"column":33}}]},"2":{"loc":{"start":{"line":26,"column":20},"end":{"line":28,"column":38}},"type":"cond-expr","locations":[{"start":{"line":27,"column":6},"end":{"line":27,"column":51}},{"start":{"line":28,"column":6},"end":{"line":28,"column":38}}]},"3":{"loc":{"start":{"line":30,"column":20},"end":{"line":30,"column":65}},"type":"cond-expr","locations":[{"start":{"line":30,"column":33},"end":{"line":30,"column":50}},{"start":{"line":30,"column":53},"end":{"line":30,"column":65}}]},"4":{"loc":{"start":{"line":35,"column":8},"end":{"line":37,"column":null}},"type":"cond-expr","locations":[{"start":{"line":36,"column":12},"end":{"line":36,"column":70}},{"start":{"line":37,"column":12},"end":{"line":37,"column":null}}]},"5":{"loc":{"start":{"line":66,"column":37},"end":{"line":66,"column":66}},"type":"cond-expr","locations":[{"start":{"line":66,"column":50},"end":{"line":66,"column":56}},{"start":{"line":66,"column":59},"end":{"line":66,"column":66}}]},"6":{"loc":{"start":{"line":70,"column":37},"end":{"line":70,"column":66}},"type":"cond-expr","locations":[{"start":{"line":70,"column":50},"end":{"line":70,"column":56}},{"start":{"line":70,"column":59},"end":{"line":70,"column":66}}]},"7":{"loc":{"start":{"line":74,"column":25},"end":{"line":74,"column":55}},"type":"cond-expr","locations":[{"start":{"line":74,"column":38},"end":{"line":74,"column":40}},{"start":{"line":74,"column":43},"end":{"line":74,"column":55}}]},"8":{"loc":{"start":{"line":79,"column":15},"end":{"line":79,"column":90}},"type":"cond-expr","locations":[{"start":{"line":79,"column":34},"end":{"line":79,"column":59}},{"start":{"line":79,"column":62},"end":{"line":79,"column":90}}]},"9":{"loc":{"start":{"line":84,"column":9},"end":{"line":101,"column":null}},"type":"binary-expr","locations":[{"start":{"line":84,"column":9},"end":{"line":84,"column":25}},{"start":{"line":85,"column":10},"end":{"line":100,"column":null}}]}},"s":{"0":0,"1":0,"2":0,"3":0,"4":0,"5":0,"6":0,"7":0,"8":0,"9":0,"10":0,"11":0,"12":0,"13":0,"14":0,"15":0,"16":0,"17":0,"18":0,"19":0,"20":0,"21":0,"22":0,"23":0,"24":0,"25":0,"26":0,"27":0,"28":0,"29":0,"30":0},"f":{"0":0,"1":0,"2":0,"3":0,"4":0,"5":0,"6":0,"7":0,"8":0,"9":0,"10":0,"11":0},"b":{"0":[0,0],"1":[0,0],"2":[0,0],"3":[0,0],"4":[0,0],"5":[0,0],"6":[0,0],"7":[0,0],"8":[0,0],"9":[0,0]}}
,"/Users/andresdavidsv/React/Patagonia-Pages/client/src/components/PreOrderSection.tsx": {"path":"/Users/andresdavidsv/React/Patagonia-Pages/client/src/components/PreOrderSection.tsx","statementMap":{"0":{"start":{"line":6,"column":0},"end":{"line":6,"column":24}},"1":{"start":{"line":1,"column":0},"end":{"line":1,"column":48}},"2":{"start":{"line":2,"column":0},"end":{"line":2,"column":46}},"3":{"start":{"line":3,"column":0},"end":{"line":3,"column":52}},"4":{"start":{"line":4,"column":0},"end":{"line":4,"column":60}},"5":{"start":{"line":7,"column":16},"end":{"line":7,"column":29}},"6":{"start":{"line":8,"column":58},"end":{"line":8,"column":75}},"7":{"start":{"line":10,"column":2},"end":{"line":62,"column":4}},"8":{"start":{"line":39,"column":29},"end":{"line":39,"column":53}}},"fnMap":{"0":{"name":"PreOrderSection","decl":{"start":{"line":6,"column":24},"end":{"line":6,"column":39}},"loc":{"start":{"line":6,"column":39},"end":{"line":63,"column":1}}},"1":{"name":"(anonymous_1)","decl":{"start":{"line":39,"column":22},"end":{"line":39,"column":23}},"loc":{"start":{"line":39,"column":29},"end":{"line":39,"column":53}}}},"branchMap":{"0":{"loc":{"start":{"line":50,"column":13},"end":{"line":50,"column":76}},"type":"cond-expr","locations":[{"start":{"line":50,"column":28},"end":{"line":50,"column":52}},{"start":{"line":50,"column":55},"end":{"line":50,"column":76}}]}},"s":{"0":0,"1":0,"2":0,"3":0,"4":0,"5":0,"6":0,"7":0,"8":0},"f":{"0":0,"1":0},"b":{"0":[0,0]}}
,"/Users/andresdavidsv/React/Patagonia-Pages/client/src/components/ui/accordion.tsx": {"path":"/Users/andresdavidsv/React/Patagonia-Pages/client/src/components/ui/accordion.tsx","statementMap":{"0":{"start":{"line":1,"column":0},"end":{"line":1,"column":30}},"1":{"start":{"line":2,"column":0},"end":{"line":2,"column":63}},"2":{"start":{"line":3,"column":0},"end":{"line":3,"column":42}},"3":{"start":{"line":5,"column":0},"end":{"line":5,"column":32}},"4":{"start":{"line":7,"column":18},"end":{"line":7,"column":41}},"5":{"start":{"line":56,"column":9},"end":{"line":56,"column":18}},"6":{"start":{"line":9,"column":22},"end":{"line":18,"column":2}},"7":{"start":{"line":12,"column":14},"end":{"line":12,"column":19}},"8":{"start":{"line":12,"column":24},"end":{"line":12,"column":28}},"9":{"start":{"line":12,"column":36},"end":{"line":18,"column":2}},"10":{"start":{"line":56,"column":20},"end":{"line":56,"column":33}},"11":{"start":{"line":19,"column":0},"end":{"line":19,"column":null}},"12":{"start":{"line":21,"column":25},"end":{"line":38,"column":2}},"13":{"start":{"line":24,"column":24},"end":{"line":24,"column":29}},"14":{"start":{"line":24,"column":34},"end":{"line":24,"column":38}},"15":{"start":{"line":24,"column":46},"end":{"line":38,"column":2}},"16":{"start":{"line":56,"column":35},"end":{"line":56,"column":51}},"17":{"start":{"line":39,"column":0},"end":{"line":39,"column":null}},"18":{"start":{"line":41,"column":25},"end":{"line":52,"column":2}},"19":{"start":{"line":44,"column":24},"end":{"line":44,"column":29}},"20":{"start":{"line":44,"column":34},"end":{"line":44,"column":38}},"21":{"start":{"line":44,"column":46},"end":{"line":52,"column":2}},"22":{"start":{"line":56,"column":53},"end":{"line":56,"column":69}},"23":{"start":{"line":54,"column":0},"end":{"line":54,"column":null}}},"fnMap":{"0":{"name":"(anonymous_7)","decl":{"start":{"line":12,"column":2},"end":{"line":12,"column":3}},"loc":{"start":{"line":12,"column":35},"end":{"line":18,"column":2}}},"1":{"name":"(anonymous_8)","decl":{"start":{"line":24,"column":2},"end":{"line":24,"column":3}},"loc":{"start":{"line":24,"column":45},"end":{"line":38,"column":2}}},"2":{"name":"(anonymous_9)","decl":{"start":{"line":44,"column":2},"end":{"line":44,"column":3}},"loc":{"start":{"line":44,"column":45},"end":{"line":52,"column":2}}}},"branchMap":{},"s":{"0":0,"1":0,"2":0,"3":0,"4":0,"5":0,"6":0,"7":0,"8":0,"9":0,"10":0,"11":0,"12":0,"13":0,"14":0,"15":0,"16":0,"17":0,"18":0,"19":0,"20":0,"21":0,"22":0,"23":0},"f":{"0":0,"1":0,"2":0},"b":{}}
,"/Users/andresdavidsv/React/Patagonia-Pages/client/src/components/ui/alert-dialog.tsx": {"path":"/Users/andresdavidsv/React/Patagonia-Pages/client/src/components/ui/alert-dialog.tsx","statementMap":{"0":{"start":{"line":1,"column":0},"end":{"line":1,"column":30}},"1":{"start":{"line":2,"column":0},"end":{"line":2,"column":68}},"2":{"start":{"line":4,"column":0},"end":{"line":4,"column":32}},"3":{"start":{"line":5,"column":0},"end":{"line":5,"column":55}},"4":{"start":{"line":7,"column":20},"end":{"line":7,"column":45}},"5":{"start":{"line":128,"column":2},"end":{"line":128,"column":13}},"6":{"start":{"line":9,"column":27},"end":{"line":9,"column":55}},"7":{"start":{"line":131,"column":2},"end":{"line":131,"column":20}},"8":{"start":{"line":11,"column":26},"end":{"line":11,"column":53}},"9":{"start":{"line":129,"column":2},"end":{"line":129,"column":19}},"10":{"start":{"line":13,"column":27},"end":{"line":25,"column":2}},"11":{"start":{"line":16,"column":14},"end":{"line":16,"column":19}},"12":{"start":{"line":16,"column":24},"end":{"line":16,"column":28}},"13":{"start":{"line":16,"column":36},"end":{"line":25,"column":2}},"14":{"start":{"line":130,"column":2},"end":{"line":130,"column":20}},"15":{"start":{"line":26,"column":0},"end":{"line":26,"column":null}},"16":{"start":{"line":28,"column":27},"end":{"line":43,"column":2}},"17":{"start":{"line":31,"column":14},"end":{"line":31,"column":19}},"18":{"start":{"line":31,"column":24},"end":{"line":31,"column":28}},"19":{"start":{"line":31,"column":36},"end":{"line":43,"column":2}},"20":{"start":{"line":132,"column":2},"end":{"line":132,"column":20}},"21":{"start":{"line":44,"column":0},"end":{"line":44,"column":null}},"22":{"start":{"line":46,"column":26},"end":{"line":57,"column":null}},"23":{"start":{"line":47,"column":11},"end":{"line":47,"column":null}},"24":{"start":{"line":48,"column":10},"end":{"line":49,"column":39}},"25":{"start":{"line":49,"column":44},"end":{"line":57,"column":null}},"26":{"start":{"line":133,"column":2},"end":{"line":133,"column":19}},"27":{"start":{"line":58,"column":0},"end":{"line":58,"column":null}},"28":{"start":{"line":60,"column":26},"end":{"line":71,"column":null}},"29":{"start":{"line":61,"column":11},"end":{"line":61,"column":null}},"30":{"start":{"line":62,"column":10},"end":{"line":63,"column":39}},"31":{"start":{"line":63,"column":44},"end":{"line":71,"column":null}},"32":{"start":{"line":134,"column":2},"end":{"line":134,"column":19}},"33":{"start":{"line":72,"column":0},"end":{"line":72,"column":null}},"34":{"start":{"line":74,"column":25},"end":{"line":83,"column":2}},"35":{"start":{"line":77,"column":14},"end":{"line":77,"column":19}},"36":{"start":{"line":77,"column":24},"end":{"line":77,"column":28}},"37":{"start":{"line":77,"column":36},"end":{"line":83,"column":2}},"38":{"start":{"line":135,"column":2},"end":{"line":135,"column":18}},"39":{"start":{"line":84,"column":0},"end":{"line":84,"column":null}},"40":{"start":{"line":86,"column":31},"end":{"line":95,"column":2}},"41":{"start":{"line":89,"column":14},"end":{"line":89,"column":19}},"42":{"start":{"line":89,"column":24},"end":{"line":89,"column":28}},"43":{"start":{"line":89,"column":36},"end":{"line":95,"column":2}},"44":{"start":{"line":136,"column":2},"end":{"line":136,"column":24}},"45":{"start":{"line":96,"column":0},"end":{"line":97,"column":null}},"46":{"start":{"line":99,"column":26},"end":{"line":108,"column":2}},"47":{"start":{"line":102,"column":14},"end":{"line":102,"column":19}},"48":{"start":{"line":102,"column":24},"end":{"line":102,"column":28}},"49":{"start":{"line":102,"column":36},"end":{"line":108,"column":2}},"50":{"start":{"line":137,"column":2},"end":{"line":137,"column":19}},"51":{"start":{"line":109,"column":0},"end":{"line":109,"column":null}},"52":{"start":{"line":111,"column":26},"end":{"line":124,"column":2}},"53":{"start":{"line":114,"column":14},"end":{"line":114,"column":19}},"54":{"start":{"line":114,"column":24},"end":{"line":114,"column":28}},"55":{"start":{"line":114,"column":36},"end":{"line":124,"column":2}},"56":{"start":{"line":138,"column":2},"end":{"line":138,"column":19}},"57":{"start":{"line":125,"column":0},"end":{"line":125,"column":null}}},"fnMap":{"0":{"name":"(anonymous_7)","decl":{"start":{"line":16,"column":2},"end":{"line":16,"column":3}},"loc":{"start":{"line":16,"column":35},"end":{"line":25,"column":2}}},"1":{"name":"(anonymous_8)","decl":{"start":{"line":31,"column":2},"end":{"line":31,"column":3}},"loc":{"start":{"line":31,"column":35},"end":{"line":43,"column":2}}},"2":{"name":"(anonymous_9)","decl":{"start":{"line":46,"column":26},"end":{"line":46,"column":27}},"loc":{"start":{"line":49,"column":43},"end":{"line":57,"column":null}}},"3":{"name":"(anonymous_10)","decl":{"start":{"line":60,"column":26},"end":{"line":60,"column":27}},"loc":{"start":{"line":63,"column":43},"end":{"line":71,"column":null}}},"4":{"name":"(anonymous_11)","decl":{"start":{"line":77,"column":2},"end":{"line":77,"column":3}},"loc":{"start":{"line":77,"column":35},"end":{"line":83,"column":2}}},"5":{"name":"(anonymous_12)","decl":{"start":{"line":89,"column":2},"end":{"line":89,"column":3}},"loc":{"start":{"line":89,"column":35},"end":{"line":95,"column":2}}},"6":{"name":"(anonymous_13)","decl":{"start":{"line":102,"column":2},"end":{"line":102,"column":3}},"loc":{"start":{"line":102,"column":35},"end":{"line":108,"column":2}}},"7":{"name":"(anonymous_14)","decl":{"start":{"line":114,"column":2},"end":{"line":114,"column":3}},"loc":{"start":{"line":114,"column":35},"end":{"line":124,"column":2}}}},"branchMap":{},"s":{"0":0,"1":0,"2":0,"3":0,"4":0,"5":0,"6":0,"7":0,"8":0,"9":0,"10":0,"11":0,"12":0,"13":0,"14":0,"15":0,"16":0,"17":0,"18":0,"19":0,"20":0,"21":0,"22":0,"23":0,"24":0,"25":0,"26":0,"27":0,"28":0,"29":0,"30":0,"31":0,"32":0,"33":0,"34":0,"35":0,"36":0,"37":0,"38":0,"39":0,"40":0,"41":0,"42":0,"43":0,"44":0,"45":0,"46":0,"47":0,"48":0,"49":0,"50":0,"51":0,"52":0,"53":0,"54":0,"55":0,"56":0,"57":0},"f":{"0":0,"1":0,"2":0,"3":0,"4":0,"5":0,"6":0,"7":0},"b":{}}
,"/Users/andresdavidsv/React/Patagonia-Pages/client/src/components/ui/alert.tsx": {"path":"/Users/andresdavidsv/React/Patagonia-Pages/client/src/components/ui/alert.tsx","statementMap":{"0":{"start":{"line":1,"column":0},"end":{"line":1,"column":30}},"1":{"start":{"line":2,"column":0},"end":{"line":2,"column":65}},"2":{"start":{"line":4,"column":0},"end":{"line":4,"column":32}},"3":{"start":{"line":6,"column":22},"end":{"line":19,"column":null}},"4":{"start":{"line":22,"column":14},"end":{"line":32,"column":2}},"5":{"start":{"line":25,"column":23},"end":{"line":25,"column":28}},"6":{"start":{"line":25,"column":33},"end":{"line":25,"column":37}},"7":{"start":{"line":25,"column":45},"end":{"line":32,"column":2}},"8":{"start":{"line":59,"column":9},"end":{"line":59,"column":14}},"9":{"start":{"line":33,"column":0},"end":{"line":33,"column":null}},"10":{"start":{"line":35,"column":19},"end":{"line":44,"column":2}},"11":{"start":{"line":38,"column":14},"end":{"line":38,"column":19}},"12":{"start":{"line":38,"column":24},"end":{"line":38,"column":28}},"13":{"start":{"line":38,"column":36},"end":{"line":44,"column":2}},"14":{"start":{"line":59,"column":16},"end":{"line":59,"column":26}},"15":{"start":{"line":45,"column":0},"end":{"line":45,"column":null}},"16":{"start":{"line":47,"column":25},"end":{"line":56,"column":2}},"17":{"start":{"line":50,"column":14},"end":{"line":50,"column":19}},"18":{"start":{"line":50,"column":24},"end":{"line":50,"column":28}},"19":{"start":{"line":50,"column":36},"end":{"line":56,"column":2}},"20":{"start":{"line":59,"column":28},"end":{"line":59,"column":44}},"21":{"start":{"line":57,"column":0},"end":{"line":57,"column":null}}},"fnMap":{"0":{"name":"(anonymous_7)","decl":{"start":{"line":25,"column":2},"end":{"line":25,"column":3}},"loc":{"start":{"line":25,"column":44},"end":{"line":32,"column":2}}},"1":{"name":"(anonymous_8)","decl":{"start":{"line":38,"column":2},"end":{"line":38,"column":3}},"loc":{"start":{"line":38,"column":35},"end":{"line":44,"column":2}}},"2":{"name":"(anonymous_9)","decl":{"start":{"line":50,"column":2},"end":{"line":50,"column":3}},"loc":{"start":{"line":50,"column":35},"end":{"line":56,"column":2}}}},"branchMap":{},"s":{"0":0,"1":0,"2":0,"3":0,"4":0,"5":0,"6":0,"7":0,"8":0,"9":0,"10":0,"11":0,"12":0,"13":0,"14":0,"15":0,"16":0,"17":0,"18":0,"19":0,"20":0,"21":0},"f":{"0":0,"1":0,"2":0},"b":{}}
,"/Users/andresdavidsv/React/Patagonia-Pages/client/src/components/ui/aspect-ratio.tsx": {"path":"/Users/andresdavidsv/React/Patagonia-Pages/client/src/components/ui/aspect-ratio.tsx","statementMap":{"0":{"start":{"line":1,"column":0},"end":{"line":1,"column":68}},"1":{"start":{"line":3,"column":20},"end":{"line":3,"column":45}},"2":{"start":{"line":5,"column":9},"end":{"line":5,"column":20}}},"fnMap":{},"branchMap":{},"s":{"0":0,"1":0,"2":0},"f":{},"b":{}}
,"/Users/andresdavidsv/React/Patagonia-Pages/client/src/components/ui/avatar.tsx": {"path":"/Users/andresdavidsv/React/Patagonia-Pages/client/src/components/ui/avatar.tsx","statementMap":{"0":{"start":{"line":3,"column":0},"end":{"line":3,"column":30}},"1":{"start":{"line":4,"column":0},"end":{"line":4,"column":57}},"2":{"start":{"line":6,"column":0},"end":{"line":6,"column":32}},"3":{"start":{"line":8,"column":15},"end":{"line":21,"column":2}},"4":{"start":{"line":11,"column":14},"end":{"line":11,"column":19}},"5":{"start":{"line":11,"column":24},"end":{"line":11,"column":28}},"6":{"start":{"line":11,"column":36},"end":{"line":21,"column":2}},"7":{"start":{"line":51,"column":9},"end":{"line":51,"column":15}},"8":{"start":{"line":22,"column":0},"end":{"line":22,"column":null}},"9":{"start":{"line":24,"column":20},"end":{"line":33,"column":2}},"10":{"start":{"line":27,"column":14},"end":{"line":27,"column":19}},"11":{"start":{"line":27,"column":24},"end":{"line":27,"column":28}},"12":{"start":{"line":27,"column":36},"end":{"line":33,"column":2}},"13":{"start":{"line":51,"column":17},"end":{"line":51,"column":28}},"14":{"start":{"line":34,"column":0},"end":{"line":34,"column":null}},"15":{"start":{"line":36,"column":23},"end":{"line":48,"column":2}},"16":{"start":{"line":39,"column":14},"end":{"line":39,"column":19}},"17":{"start":{"line":39,"column":24},"end":{"line":39,"column":28}},"18":{"start":{"line":39,"column":36},"end":{"line":48,"column":2}},"19":{"start":{"line":51,"column":30},"end":{"line":51,"column":44}},"20":{"start":{"line":49,"column":0},"end":{"line":49,"column":null}}},"fnMap":{"0":{"name":"(anonymous_7)","decl":{"start":{"line":11,"column":2},"end":{"line":11,"column":3}},"loc":{"start":{"line":11,"column":35},"end":{"line":21,"column":2}}},"1":{"name":"(anonymous_8)","decl":{"start":{"line":27,"column":2},"end":{"line":27,"column":3}},"loc":{"start":{"line":27,"column":35},"end":{"line":33,"column":2}}},"2":{"name":"(anonymous_9)","decl":{"start":{"line":39,"column":2},"end":{"line":39,"column":3}},"loc":{"start":{"line":39,"column":35},"end":{"line":48,"column":2}}}},"branchMap":{},"s":{"0":0,"1":0,"2":0,"3":0,"4":0,"5":0,"6":0,"7":0,"8":0,"9":0,"10":0,"11":0,"12":0,"13":0,"14":0,"15":0,"16":0,"17":0,"18":0,"19":0,"20":0},"f":{"0":0,"1":0,"2":0},"b":{}}
,"/Users/andresdavidsv/React/Patagonia-Pages/client/src/components/ui/badge.tsx": {"path":"/Users/andresdavidsv/React/Patagonia-Pages/client/src/components/ui/badge.tsx","statementMap":{"0":{"start":{"line":38,"column":9},"end":{"line":38,"column":14}},"1":{"start":{"line":2,"column":0},"end":{"line":2,"column":65}},"2":{"start":{"line":4,"column":0},"end":{"line":4,"column":32}},"3":{"start":{"line":6,"column":22},"end":{"line":25,"column":null}},"4":{"start":{"line":38,"column":16},"end":{"line":38,"column":29}},"5":{"start":{"line":32,"column":35},"end":{"line":32,"column":40}},"6":{"start":{"line":32,"column":45},"end":{"line":32,"column":59}},"7":{"start":{"line":33,"column":2},"end":{"line":35,"column":4}}},"fnMap":{"0":{"name":"Badge","decl":{"start":{"line":32,"column":9},"end":{"line":32,"column":14}},"loc":{"start":{"line":32,"column":59},"end":{"line":36,"column":1}}}},"branchMap":{},"s":{"0":0,"1":0,"2":0,"3":0,"4":0,"5":0,"6":0,"7":0},"f":{"0":0},"b":{}}
,"/Users/andresdavidsv/React/Patagonia-Pages/client/src/components/ui/breadcrumb.tsx": {"path":"/Users/andresdavidsv/React/Patagonia-Pages/client/src/components/ui/breadcrumb.tsx","statementMap":{"0":{"start":{"line":1,"column":0},"end":{"line":1,"column":30}},"1":{"start":{"line":2,"column":0},"end":{"line":2,"column":43}},"2":{"start":{"line":3,"column":0},"end":{"line":3,"column":59}},"3":{"start":{"line":5,"column":0},"end":{"line":5,"column":32}},"4":{"start":{"line":7,"column":19},"end":{"line":12,"column":78}},"5":{"start":{"line":12,"column":13},"end":{"line":12,"column":17}},"6":{"start":{"line":12,"column":25},"end":{"line":12,"column":78}},"7":{"start":{"line":108,"column":2},"end":{"line":108,"column":12}},"8":{"start":{"line":13,"column":0},"end":{"line":13,"column":null}},"9":{"start":{"line":15,"column":23},"end":{"line":27,"column":2}},"10":{"start":{"line":18,"column":14},"end":{"line":18,"column":19}},"11":{"start":{"line":18,"column":24},"end":{"line":18,"column":28}},"12":{"start":{"line":18,"column":36},"end":{"line":27,"column":2}},"13":{"start":{"line":109,"column":2},"end":{"line":109,"column":16}},"14":{"start":{"line":28,"column":0},"end":{"line":28,"column":null}},"15":{"start":{"line":30,"column":23},"end":{"line":39,"column":2}},"16":{"start":{"line":33,"column":14},"end":{"line":33,"column":19}},"17":{"start":{"line":33,"column":24},"end":{"line":33,"column":28}},"18":{"start":{"line":33,"column":36},"end":{"line":39,"column":2}},"19":{"start":{"line":110,"column":2},"end":{"line":110,"column":16}},"20":{"start":{"line":40,"column":0},"end":{"line":40,"column":null}},"21":{"start":{"line":42,"column":23},"end":{"line":57,"column":2}},"22":{"start":{"line":47,"column":23},"end":{"line":47,"column":28}},"23":{"start":{"line":47,"column":33},"end":{"line":47,"column":37}},"24":{"start":{"line":48,"column":15},"end":{"line":48,"column":35}},"25":{"start":{"line":50,"column":2},"end":{"line":56,"column":null}},"26":{"start":{"line":111,"column":2},"end":{"line":111,"column":16}},"27":{"start":{"line":58,"column":0},"end":{"line":58,"column":null}},"28":{"start":{"line":60,"column":23},"end":{"line":72,"column":2}},"29":{"start":{"line":63,"column":14},"end":{"line":63,"column":19}},"30":{"start":{"line":63,"column":24},"end":{"line":63,"column":28}},"31":{"start":{"line":63,"column":36},"end":{"line":72,"column":2}},"32":{"start":{"line":112,"column":2},"end":{"line":112,"column":16}},"33":{"start":{"line":73,"column":0},"end":{"line":73,"column":null}},"34":{"start":{"line":75,"column":28},"end":{"line":88,"column":null}},"35":{"start":{"line":77,"column":11},"end":{"line":77,"column":null}},"36":{"start":{"line":78,"column":10},"end":{"line":79,"column":29}},"37":{"start":{"line":79,"column":34},"end":{"line":88,"column":null}},"38":{"start":{"line":113,"column":2},"end":{"line":113,"column":21}},"39":{"start":{"line":89,"column":0},"end":{"line":89,"column":null}},"40":{"start":{"line":91,"column":27},"end":{"line":104,"column":null}},"41":{"start":{"line":92,"column":11},"end":{"line":92,"column":null}},"42":{"start":{"line":93,"column":10},"end":{"line":94,"column":31}},"43":{"start":{"line":94,"column":36},"end":{"line":104,"column":null}},"44":{"start":{"line":114,"column":2},"end":{"line":114,"column":20}},"45":{"start":{"line":105,"column":0},"end":{"line":105,"column":null}}},"fnMap":{"0":{"name":"(anonymous_7)","decl":{"start":{"line":12,"column":2},"end":{"line":12,"column":3}},"loc":{"start":{"line":12,"column":24},"end":{"line":12,"column":78}}},"1":{"name":"(anonymous_8)","decl":{"start":{"line":18,"column":2},"end":{"line":18,"column":3}},"loc":{"start":{"line":18,"column":35},"end":{"line":27,"column":2}}},"2":{"name":"(anonymous_9)","decl":{"start":{"line":33,"column":2},"end":{"line":33,"column":3}},"loc":{"start":{"line":33,"column":35},"end":{"line":39,"column":2}}},"3":{"name":"(anonymous_10)","decl":{"start":{"line":47,"column":2},"end":{"line":47,"column":3}},"loc":{"start":{"line":47,"column":44},"end":{"line":57,"column":1}}},"4":{"name":"(anonymous_11)","decl":{"start":{"line":63,"column":2},"end":{"line":63,"column":3}},"loc":{"start":{"line":63,"column":35},"end":{"line":72,"column":2}}},"5":{"name":"(anonymous_12)","decl":{"start":{"line":75,"column":28},"end":{"line":75,"column":29}},"loc":{"start":{"line":79,"column":33},"end":{"line":88,"column":null}}},"6":{"name":"(anonymous_13)","decl":{"start":{"line":91,"column":27},"end":{"line":91,"column":28}},"loc":{"start":{"line":94,"column":35},"end":{"line":104,"column":null}}}},"branchMap":{"0":{"loc":{"start":{"line":48,"column":15},"end":{"line":48,"column":35}},"type":"cond-expr","locations":[{"start":{"line":48,"column":25},"end":{"line":48,"column":29}},{"start":{"line":48,"column":32},"end":{"line":48,"column":35}}]},"1":{"loc":{"start":{"line":86,"column":5},"end":{"line":86,"column":33}},"type":"cond-expr","locations":[{"start":{"line":86,"column":5},"end":{"line":86,"column":13}},{"start":{"line":86,"column":17},"end":{"line":86,"column":33}}]},"2":{"loc":{"start":{"line":86,"column":5},"end":{"line":86,"column":17}},"type":"binary-expr","locations":[{"start":{"line":86,"column":5},"end":{"line":86,"column":17}},{"start":{"line":86,"column":5},"end":{"line":86,"column":17}}]}},"s":{"0":0,"1":0,"2":0,"3":0,"4":0,"5":0,"6":0,"7":0,"8":0,"9":0,"10":0,"11":0,"12":0,"13":0,"14":0,"15":0,"16":0,"17":0,"18":0,"19":0,"20":0,"21":0,"22":0,"23":0,"24":0,"25":0,"26":0,"27":0,"28":0,"29":0,"30":0,"31":0,"32":0,"33":0,"34":0,"35":0,"36":0,"37":0,"38":0,"39":0,"40":0,"41":0,"42":0,"43":0,"44":0,"45":0},"f":{"0":0,"1":0,"2":0,"3":0,"4":0,"5":0,"6":0},"b":{"0":[0,0],"1":[0,0],"2":[0,0]}}
,"/Users/andresdavidsv/React/Patagonia-Pages/client/src/components/ui/button.tsx": {"path":"/Users/andresdavidsv/React/Patagonia-Pages/client/src/components/ui/button.tsx","statementMap":{"0":{"start":{"line":1,"column":0},"end":{"line":1,"column":30}},"1":{"start":{"line":2,"column":0},"end":{"line":2,"column":43}},"2":{"start":{"line":3,"column":0},"end":{"line":3,"column":65}},"3":{"start":{"line":5,"column":0},"end":{"line":5,"column":32}},"4":{"start":{"line":7,"column":23},"end":{"line":39,"column":null}},"5":{"start":{"line":62,"column":17},"end":{"line":62,"column":31}},"6":{"start":{"line":48,"column":15},"end":{"line":58,"column":null}},"7":{"start":{"line":49,"column":46},"end":{"line":49,"column":51}},"8":{"start":{"line":49,"column":56},"end":{"line":49,"column":60}},"9":{"start":{"line":50,"column":17},"end":{"line":50,"column":42}},"10":{"start":{"line":51,"column":4},"end":{"line":57,"column":null}},"11":{"start":{"line":62,"column":9},"end":{"line":62,"column":15}},"12":{"start":{"line":60,"column":0},"end":{"line":60,"column":null}}},"fnMap":{"0":{"name":"(anonymous_7)","decl":{"start":{"line":49,"column":2},"end":{"line":49,"column":3}},"loc":{"start":{"line":49,"column":67},"end":{"line":58,"column":3}}}},"branchMap":{"0":{"loc":{"start":{"line":49,"column":31},"end":{"line":49,"column":46}},"type":"default-arg","locations":[{"start":{"line":49,"column":41},"end":{"line":49,"column":46}}]},"1":{"loc":{"start":{"line":50,"column":17},"end":{"line":50,"column":42}},"type":"cond-expr","locations":[{"start":{"line":50,"column":27},"end":{"line":50,"column":31}},{"start":{"line":50,"column":34},"end":{"line":50,"column":42}}]}},"s":{"0":1,"1":1,"2":1,"3":1,"4":1,"5":1,"6":1,"7":13,"8":13,"9":13,"10":13,"11":1,"12":1},"f":{"0":13},"b":{"0":[13],"1":[0,13]}}
,"/Users/andresdavidsv/React/Patagonia-Pages/client/src/components/ui/calendar.tsx": {"path":"/Users/andresdavidsv/React/Patagonia-Pages/client/src/components/ui/calendar.tsx","statementMap":{"0":{"start":{"line":68,"column":9},"end":{"line":68,"column":17}},"1":{"start":{"line":2,"column":0},"end":{"line":2,"column":56}},"2":{"start":{"line":3,"column":0},"end":{"line":3,"column":44}},"3":{"start":{"line":5,"column":0},"end":{"line":5,"column":32}},"4":{"start":{"line":6,"column":0},"end":{"line":6,"column":55}},"5":{"start":{"line":13,"column":24},"end":{"line":13,"column":null}},"6":{"start":{"line":14,"column":10},"end":{"line":15,"column":16}},"7":{"start":{"line":16,"column":2},"end":{"line":64,"column":null}},"8":{"start":{"line":55,"column":30},"end":{"line":55,"column":35}},"9":{"start":{"line":55,"column":40},"end":{"line":55,"column":44}},"10":{"start":{"line":55,"column":47},"end":{"line":57,"column":null}},"11":{"start":{"line":58,"column":31},"end":{"line":58,"column":36}},"12":{"start":{"line":58,"column":41},"end":{"line":58,"column":45}},"13":{"start":{"line":58,"column":48},"end":{"line":60,"column":null}},"14":{"start":{"line":66,"column":0},"end":{"line":66,"column":null}}},"fnMap":{"0":{"name":"Calendar","decl":{"start":{"line":10,"column":9},"end":{"line":10,"column":17}},"loc":{"start":{"line":15,"column":16},"end":{"line":65,"column":1}}},"1":{"name":"(anonymous_2)","decl":{"start":{"line":55,"column":18},"end":{"line":55,"column":19}},"loc":{"start":{"line":55,"column":46},"end":{"line":57,"column":null}}},"2":{"name":"(anonymous_3)","decl":{"start":{"line":58,"column":19},"end":{"line":58,"column":20}},"loc":{"start":{"line":58,"column":47},"end":{"line":60,"column":null}}}},"branchMap":{"0":{"loc":{"start":{"line":13,"column":2},"end":{"line":13,"column":24}},"type":"default-arg","locations":[{"start":{"line":13,"column":20},"end":{"line":13,"column":24}}]}},"s":{"0":0,"1":0,"2":0,"3":0,"4":0,"5":0,"6":0,"7":0,"8":0,"9":0,"10":0,"11":0,"12":0,"13":0,"14":0},"f":{"0":0,"1":0,"2":0},"b":{"0":[0]}}
,"/Users/andresdavidsv/React/Patagonia-Pages/client/src/components/ui/card.tsx": {"path":"/Users/andresdavidsv/React/Patagonia-Pages/client/src/components/ui/card.tsx","statementMap":{"0":{"start":{"line":1,"column":0},"end":{"line":1,"column":30}},"1":{"start":{"line":3,"column":0},"end":{"line":3,"column":32}},"2":{"start":{"line":5,"column":13},"end":{"line":17,"column":2}},"3":{"start":{"line":8,"column":14},"end":{"line":8,"column":19}},"4":{"start":{"line":8,"column":24},"end":{"line":8,"column":28}},"5":{"start":{"line":8,"column":36},"end":{"line":17,"column":2}},"6":{"start":{"line":79,"column":2},"end":{"line":79,"column":6}},"7":{"start":{"line":18,"column":0},"end":{"line":18,"column":null}},"8":{"start":{"line":20,"column":19},"end":{"line":29,"column":2}},"9":{"start":{"line":23,"column":14},"end":{"line":23,"column":19}},"10":{"start":{"line":23,"column":24},"end":{"line":23,"column":28}},"11":{"start":{"line":23,"column":36},"end":{"line":29,"column":2}},"12":{"start":{"line":80,"column":2},"end":{"line":80,"column":12}},"13":{"start":{"line":30,"column":0},"end":{"line":30,"column":null}},"14":{"start":{"line":32,"column":18},"end":{"line":44,"column":2}},"15":{"start":{"line":35,"column":14},"end":{"line":35,"column":19}},"16":{"start":{"line":35,"column":24},"end":{"line":35,"column":28}},"17":{"start":{"line":35,"column":36},"end":{"line":44,"column":2}},"18":{"start":{"line":82,"column":2},"end":{"line":82,"column":11}},"19":{"start":{"line":45,"column":0},"end":{"line":45,"column":null}},"20":{"start":{"line":47,"column":24},"end":{"line":56,"column":2}},"21":{"start":{"line":50,"column":14},"end":{"line":50,"column":19}},"22":{"start":{"line":50,"column":24},"end":{"line":50,"column":28}},"23":{"start":{"line":50,"column":36},"end":{"line":56,"column":2}},"24":{"start":{"line":83,"column":2},"end":{"line":83,"column":17}},"25":{"start":{"line":57,"column":0},"end":{"line":57,"column":null}},"26":{"start":{"line":59,"column":20},"end":{"line":64,"column":2}},"27":{"start":{"line":62,"column":14},"end":{"line":62,"column":19}},"28":{"start":{"line":62,"column":24},"end":{"line":62,"column":28}},"29":{"start":{"line":62,"column":36},"end":{"line":64,"column":2}},"30":{"start":{"line":84,"column":2},"end":{"line":84,"column":13}},"31":{"start":{"line":65,"column":0},"end":{"line":65,"column":null}},"32":{"start":{"line":67,"column":19},"end":{"line":76,"column":2}},"33":{"start":{"line":70,"column":14},"end":{"line":70,"column":19}},"34":{"start":{"line":70,"column":24},"end":{"line":70,"column":28}},"35":{"start":{"line":70,"column":36},"end":{"line":76,"column":2}},"36":{"start":{"line":81,"column":2},"end":{"line":81,"column":12}},"37":{"start":{"line":77,"column":0},"end":{"line":77,"column":null}}},"fnMap":{"0":{"name":"(anonymous_7)","decl":{"start":{"line":8,"column":2},"end":{"line":8,"column":3}},"loc":{"start":{"line":8,"column":35},"end":{"line":17,"column":2}}},"1":{"name":"(anonymous_8)","decl":{"start":{"line":23,"column":2},"end":{"line":23,"column":3}},"loc":{"start":{"line":23,"column":35},"end":{"line":29,"column":2}}},"2":{"name":"(anonymous_9)","decl":{"start":{"line":35,"column":2},"end":{"line":35,"column":3}},"loc":{"start":{"line":35,"column":35},"end":{"line":44,"column":2}}},"3":{"name":"(anonymous_10)","decl":{"start":{"line":50,"column":2},"end":{"line":50,"column":3}},"loc":{"start":{"line":50,"column":35},"end":{"line":56,"column":2}}},"4":{"name":"(anonymous_11)","decl":{"start":{"line":62,"column":2},"end":{"line":62,"column":3}},"loc":{"start":{"line":62,"column":35},"end":{"line":64,"column":2}}},"5":{"name":"(anonymous_12)","decl":{"start":{"line":70,"column":2},"end":{"line":70,"column":3}},"loc":{"start":{"line":70,"column":35},"end":{"line":76,"column":2}}}},"branchMap":{},"s":{"0":0,"1":0,"2":0,"3":0,"4":0,"5":0,"6":0,"7":0,"8":0,"9":0,"10":0,"11":0,"12":0,"13":0,"14":0,"15":0,"16":0,"17":0,"18":0,"19":0,"20":0,"21":0,"22":0,"23":0,"24":0,"25":0,"26":0,"27":0,"28":0,"29":0,"30":0,"31":0,"32":0,"33":0,"34":0,"35":0,"36":0,"37":0},"f":{"0":0,"1":0,"2":0,"3":0,"4":0,"5":0},"b":{}}
,"/Users/andresdavidsv/React/Patagonia-Pages/client/src/components/ui/carousel.tsx": {"path":"/Users/andresdavidsv/React/Patagonia-Pages/client/src/components/ui/carousel.tsx","statementMap":{"0":{"start":{"line":1,"column":0},"end":{"line":1,"column":30}},"1":{"start":{"line":2,"column":0},"end":{"line":2,"column":null}},"2":{"start":{"line":5,"column":0},"end":{"line":5,"column":52}},"3":{"start":{"line":7,"column":0},"end":{"line":7,"column":32}},"4":{"start":{"line":8,"column":0},"end":{"line":8,"column":47}},"5":{"start":{"line":31,"column":24},"end":{"line":31,"column":78}},"6":{"start":{"line":34,"column":18},"end":{"line":34,"column":51}},"7":{"start":{"line":36,"column":2},"end":{"line":38,"column":3}},"8":{"start":{"line":37,"column":4},"end":{"line":37,"column":null}},"9":{"start":{"line":40,"column":2},"end":{"line":40,"column":null}},"10":{"start":{"line":43,"column":17},"end":{"line":147,"column":null}},"11":{"start":{"line":54,"column":14},"end":{"line":54,"column":null}},"12":{"start":{"line":55,"column":14},"end":{"line":56,"column":null}},"13":{"start":{"line":59,"column":31},"end":{"line":64,"column":null}},"14":{"start":{"line":66,"column":46},"end":{"line":66,"column":67}},"15":{"start":{"line":67,"column":46},"end":{"line":67,"column":67}},"16":{"start":{"line":69,"column":21},"end":{"line":76,"column":10}},"17":{"start":{"line":70,"column":6},"end":{"line":72,"column":7}},"18":{"start":{"line":71,"column":8},"end":{"line":71,"column":14}},"19":{"start":{"line":74,"column":6},"end":{"line":74,"column":null}},"20":{"start":{"line":75,"column":6},"end":{"line":75,"column":null}},"21":{"start":{"line":78,"column":23},"end":{"line":80,"column":13}},"22":{"start":{"line":79,"column":6},"end":{"line":79,"column":null}},"23":{"start":{"line":82,"column":23},"end":{"line":84,"column":13}},"24":{"start":{"line":83,"column":6},"end":{"line":83,"column":null}},"25":{"start":{"line":86,"column":26},"end":{"line":96,"column":null}},"26":{"start":{"line":88,"column":8},"end":{"line":94,"column":9}},"27":{"start":{"line":89,"column":10},"end":{"line":89,"column":null}},"28":{"start":{"line":90,"column":10},"end":{"line":90,"column":null}},"29":{"start":{"line":91,"column":15},"end":{"line":94,"column":9}},"30":{"start":{"line":92,"column":10},"end":{"line":92,"column":null}},"31":{"start":{"line":93,"column":10},"end":{"line":93,"column":null}},"32":{"start":{"line":99,"column":4},"end":{"line":105,"column":null}},"33":{"start":{"line":100,"column":6},"end":{"line":102,"column":7}},"34":{"start":{"line":101,"column":8},"end":{"line":101,"column":14}},"35":{"start":{"line":104,"column":6},"end":{"line":104,"column":null}},"36":{"start":{"line":107,"column":4},"end":{"line":119,"column":null}},"37":{"start":{"line":108,"column":6},"end":{"line":110,"column":7}},"38":{"start":{"line":109,"column":8},"end":{"line":109,"column":14}},"39":{"start":{"line":112,"column":6},"end":{"line":112,"column":null}},"40":{"start":{"line":113,"column":6},"end":{"line":113,"column":null}},"41":{"start":{"line":114,"column":6},"end":{"line":114,"column":null}},"42":{"start":{"line":116,"column":6},"end":{"line":118,"column":null}},"43":{"start":{"line":117,"column":8},"end":{"line":117,"column":null}},"44":{"start":{"line":121,"column":4},"end":{"line":146,"column":null}},"45":{"start":{"line":255,"column":2},"end":{"line":255,"column":10}},"46":{"start":{"line":149,"column":0},"end":{"line":149,"column":null}},"47":{"start":{"line":151,"column":24},"end":{"line":170,"column":2}},"48":{"start":{"line":154,"column":14},"end":{"line":154,"column":19}},"49":{"start":{"line":154,"column":24},"end":{"line":154,"column":28}},"50":{"start":{"line":155,"column":39},"end":{"line":155,"column":52}},"51":{"start":{"line":157,"column":2},"end":{"line":169,"column":null}},"52":{"start":{"line":256,"column":2},"end":{"line":256,"column":17}},"53":{"start":{"line":171,"column":0},"end":{"line":171,"column":null}},"54":{"start":{"line":173,"column":21},"end":{"line":192,"column":2}},"55":{"start":{"line":176,"column":14},"end":{"line":176,"column":19}},"56":{"start":{"line":176,"column":24},"end":{"line":176,"column":28}},"57":{"start":{"line":177,"column":26},"end":{"line":177,"column":39}},"58":{"start":{"line":179,"column":2},"end":{"line":191,"column":null}},"59":{"start":{"line":257,"column":2},"end":{"line":257,"column":14}},"60":{"start":{"line":193,"column":0},"end":{"line":193,"column":null}},"61":{"start":{"line":195,"column":25},"end":{"line":221,"column":2}},"62":{"start":{"line":198,"column":50},"end":{"line":198,"column":55}},"63":{"start":{"line":198,"column":60},"end":{"line":198,"column":64}},"64":{"start":{"line":199,"column":53},"end":{"line":199,"column":66}},"65":{"start":{"line":201,"column":2},"end":{"line":220,"column":null}},"66":{"start":{"line":258,"column":2},"end":{"line":258,"column":18}},"67":{"start":{"line":222,"column":0},"end":{"line":222,"column":null}},"68":{"start":{"line":224,"column":21},"end":{"line":250,"column":2}},"69":{"start":{"line":227,"column":50},"end":{"line":227,"column":55}},"70":{"start":{"line":227,"column":60},"end":{"line":227,"column":64}},"71":{"start":{"line":228,"column":53},"end":{"line":228,"column":66}},"72":{"start":{"line":230,"column":2},"end":{"line":249,"column":null}},"73":{"start":{"line":259,"column":2},"end":{"line":259,"column":14}},"74":{"start":{"line":251,"column":0},"end":{"line":251,"column":null}}},"fnMap":{"0":{"name":"useCarousel","decl":{"start":{"line":33,"column":9},"end":{"line":33,"column":20}},"loc":{"start":{"line":33,"column":20},"end":{"line":41,"column":1}}},"1":{"name":"(anonymous_9)","decl":{"start":{"line":47,"column":2},"end":{"line":47,"column":null}},"loc":{"start":{"line":58,"column":6},"end":{"line":147,"column":3}}},"2":{"name":"(anonymous_10)","decl":{"start":{"line":69,"column":39},"end":{"line":69,"column":40}},"loc":{"start":{"line":69,"column":60},"end":{"line":76,"column":5}}},"3":{"name":"(anonymous_11)","decl":{"start":{"line":78,"column":41},"end":{"line":78,"column":44}},"loc":{"start":{"line":78,"column":46},"end":{"line":80,"column":5}}},"4":{"name":"(anonymous_12)","decl":{"start":{"line":82,"column":41},"end":{"line":82,"column":44}},"loc":{"start":{"line":82,"column":46},"end":{"line":84,"column":5}}},"5":{"name":"(anonymous_13)","decl":{"start":{"line":87,"column":6},"end":{"line":87,"column":7}},"loc":{"start":{"line":87,"column":53},"end":{"line":95,"column":7}}},"6":{"name":"(anonymous_14)","decl":{"start":{"line":99,"column":20},"end":{"line":99,"column":23}},"loc":{"start":{"line":99,"column":25},"end":{"line":105,"column":5}}},"7":{"name":"(anonymous_15)","decl":{"start":{"line":107,"column":20},"end":{"line":107,"column":23}},"loc":{"start":{"line":107,"column":25},"end":{"line":119,"column":5}}},"8":{"name":"(anonymous_16)","decl":{"start":{"line":116,"column":13},"end":{"line":116,"column":16}},"loc":{"start":{"line":116,"column":18},"end":{"line":118,"column":7}}},"9":{"name":"(anonymous_17)","decl":{"start":{"line":154,"column":2},"end":{"line":154,"column":3}},"loc":{"start":{"line":154,"column":35},"end":{"line":170,"column":1}}},"10":{"name":"(anonymous_18)","decl":{"start":{"line":176,"column":2},"end":{"line":176,"column":3}},"loc":{"start":{"line":176,"column":35},"end":{"line":192,"column":1}}},"11":{"name":"(anonymous_19)","decl":{"start":{"line":198,"column":2},"end":{"line":198,"column":3}},"loc":{"start":{"line":198,"column":71},"end":{"line":221,"column":1}}},"12":{"name":"(anonymous_20)","decl":{"start":{"line":227,"column":2},"end":{"line":227,"column":3}},"loc":{"start":{"line":227,"column":71},"end":{"line":250,"column":1}}}},"branchMap":{"0":{"loc":{"start":{"line":36,"column":2},"end":{"line":38,"column":3}},"type":"if","locations":[{"start":{"line":36,"column":2},"end":{"line":38,"column":3}},{"start":{},"end":{}}]},"1":{"loc":{"start":{"line":49,"column":6},"end":{"line":49,"column":32}},"type":"default-arg","locations":[{"start":{"line":49,"column":20},"end":{"line":49,"column":32}}]},"2":{"loc":{"start":{"line":62,"column":14},"end":{"line":62,"column":54}},"type":"cond-expr","locations":[{"start":{"line":62,"column":45},"end":{"line":62,"column":48}},{"start":{"line":62,"column":51},"end":{"line":62,"column":54}}]},"3":{"loc":{"start":{"line":70,"column":6},"end":{"line":72,"column":7}},"type":"if","locations":[{"start":{"line":70,"column":6},"end":{"line":72,"column":7}},{"start":{},"end":{}}]},"4":{"loc":{"start":{"line":79,"column":6},"end":{"line":79,"column":23}},"type":"cond-expr","locations":[{"start":{"line":79,"column":9},"end":{"line":79,"column":11}},{"start":{"line":79,"column":6},"end":{"line":79,"column":23}}]},"5":{"loc":{"start":{"line":79,"column":6},"end":{"line":79,"column":11}},"type":"binary-expr","locations":[{"start":{"line":79,"column":6},"end":{"line":79,"column":11}},{"start":{"line":79,"column":6},"end":{"line":79,"column":11}}]},"6":{"loc":{"start":{"line":83,"column":6},"end":{"line":83,"column":23}},"type":"cond-expr","locations":[{"start":{"line":83,"column":9},"end":{"line":83,"column":11}},{"start":{"line":83,"column":6},"end":{"line":83,"column":23}}]},"7":{"loc":{"start":{"line":83,"column":6},"end":{"line":83,"column":11}},"type":"binary-expr","locations":[{"start":{"line":83,"column":6},"end":{"line":83,"column":11}},{"start":{"line":83,"column":6},"end":{"line":83,"column":11}}]},"8":{"loc":{"start":{"line":88,"column":8},"end":{"line":94,"column":9}},"type":"if","locations":[{"start":{"line":88,"column":8},"end":{"line":94,"column":9}},{"start":{"line":91,"column":15},"end":{"line":94,"column":9}}]},"9":{"loc":{"start":{"line":91,"column":15},"end":{"line":94,"column":9}},"type":"if","locations":[{"start":{"line":91,"column":15},"end":{"line":94,"column":9}},{"start":{},"end":{}}]},"10":{"loc":{"start":{"line":100,"column":6},"end":{"line":102,"column":7}},"type":"if","locations":[{"start":{"line":100,"column":6},"end":{"line":102,"column":7}},{"start":{},"end":{}}]},"11":{"loc":{"start":{"line":100,"column":10},"end":{"line":100,"column":25}},"type":"binary-expr","locations":[{"start":{"line":100,"column":10},"end":{"line":100,"column":14}},{"start":{"line":100,"column":18},"end":{"line":100,"column":25}}]},"12":{"loc":{"start":{"line":108,"column":6},"end":{"line":110,"column":7}},"type":"if","locations":[{"start":{"line":108,"column":6},"end":{"line":110,"column":7}},{"start":{},"end":{}}]},"13":{"loc":{"start":{"line":117,"column":8},"end":{"line":117,"column":36}},"type":"cond-expr","locations":[{"start":{"line":117,"column":11},"end":{"line":117,"column":13}},{"start":{"line":117,"column":8},"end":{"line":117,"column":36}}]},"14":{"loc":{"start":{"line":117,"column":8},"end":{"line":117,"column":13}},"type":"binary-expr","locations":[{"start":{"line":117,"column":8},"end":{"line":117,"column":13}},{"start":{"line":117,"column":8},"end":{"line":117,"column":13}}]},"15":{"loc":{"start":{"line":128,"column":12},"end":{"line":128,"column":75}},"type":"binary-expr","locations":[{"start":{"line":128,"column":12},"end":{"line":128,"column":23}},{"start":{"line":128,"column":28},"end":{"line":128,"column":74}}]},"16":{"loc":{"start":{"line":128,"column":28},"end":{"line":128,"column":74}},"type":"cond-expr","locations":[{"start":{"line":128,"column":49},"end":{"line":128,"column":59}},{"start":{"line":128,"column":62},"end":{"line":128,"column":74}}]},"17":{"loc":{"start":{"line":128,"column":28},"end":{"line":128,"column":38}},"type":"cond-expr","locations":[{"start":{"line":128,"column":32},"end":{"line":128,"column":34}},{"start":{"line":128,"column":28},"end":{"line":128,"column":38}}]},"18":{"loc":{"start":{"line":128,"column":28},"end":{"line":128,"column":34}},"type":"binary-expr","locations":[{"start":{"line":128,"column":28},"end":{"line":128,"column":34}},{"start":{"line":128,"column":28},"end":{"line":128,"column":34}}]},"19":{"loc":{"start":{"line":163,"column":10},"end":{"line":163,"column":67}},"type":"cond-expr","locations":[{"start":{"line":163,"column":41},"end":{"line":163,"column":48}},{"start":{"line":163,"column":51},"end":{"line":163,"column":67}}]},"20":{"loc":{"start":{"line":186,"column":8},"end":{"line":186,"column":54}},"type":"cond-expr","locations":[{"start":{"line":186,"column":39},"end":{"line":186,"column":45}},{"start":{"line":186,"column":48},"end":{"line":186,"column":54}}]},"21":{"loc":{"start":{"line":198,"column":16},"end":{"line":198,"column":35}},"type":"default-arg","locations":[{"start":{"line":198,"column":26},"end":{"line":198,"column":35}}]},"22":{"loc":{"start":{"line":198,"column":37},"end":{"line":198,"column":50}},"type":"default-arg","locations":[{"start":{"line":198,"column":44},"end":{"line":198,"column":50}}]},"23":{"loc":{"start":{"line":208,"column":8},"end":{"line":210,"column":57}},"type":"cond-expr","locations":[{"start":{"line":209,"column":12},"end":{"line":209,"column":47}},{"start":{"line":210,"column":12},"end":{"line":210,"column":57}}]},"24":{"loc":{"start":{"line":227,"column":16},"end":{"line":227,"column":35}},"type":"default-arg","locations":[{"start":{"line":227,"column":26},"end":{"line":227,"column":35}}]},"25":{"loc":{"start":{"line":227,"column":37},"end":{"line":227,"column":50}},"type":"default-arg","locations":[{"start":{"line":227,"column":44},"end":{"line":227,"column":50}}]},"26":{"loc":{"start":{"line":237,"column":8},"end":{"line":239,"column":60}},"type":"cond-expr","locations":[{"start":{"line":238,"column":12},"end":{"line":238,"column":48}},{"start":{"line":239,"column":12},"end":{"line":239,"column":60}}]}},"s":{"0":0,"1":0,"2":0,"3":0,"4":0,"5":0,"6":0,"7":0,"8":0,"9":0,"10":0,"11":0,"12":0,"13":0,"14":0,"15":0,"16":0,"17":0,"18":0,"19":0,"20":0,"21":0,"22":0,"23":0,"24":0,"25":0,"26":0,"27":0,"28":0,"29":0,"30":0,"31":0,"32":0,"33":0,"34":0,"35":0,"36":0,"37":0,"38":0,"39":0,"40":0,"41":0,"42":0,"43":0,"44":0,"45":0,"46":0,"47":0,"48":0,"49":0,"50":0,"51":0,"52":0,"53":0,"54":0,"55":0,"56":0,"57":0,"58":0,"59":0,"60":0,"61":0,"62":0,"63":0,"64":0,"65":0,"66":0,"67":0,"68":0,"69":0,"70":0,"71":0,"72":0,"73":0,"74":0},"f":{"0":0,"1":0,"2":0,"3":0,"4":0,"5":0,"6":0,"7":0,"8":0,"9":0,"10":0,"11":0,"12":0},"b":{"0":[0,0],"1":[0],"2":[0,0],"3":[0,0],"4":[0,0],"5":[0,0],"6":[0,0],"7":[0,0],"8":[0,0],"9":[0,0],"10":[0,0],"11":[0,0],"12":[0,0],"13":[0,0],"14":[0,0],"15":[0,0],"16":[0,0],"17":[0,0],"18":[0,0],"19":[0,0],"20":[0,0],"21":[0],"22":[0],"23":[0,0],"24":[0],"25":[0],"26":[0,0]}}
,"/Users/andresdavidsv/React/Patagonia-Pages/client/src/components/ui/chart.tsx": {"path":"/Users/andresdavidsv/React/Patagonia-Pages/client/src/components/ui/chart.tsx","statementMap":{"0":{"start":{"line":3,"column":0},"end":{"line":3,"column":30}},"1":{"start":{"line":4,"column":0},"end":{"line":4,"column":45}},"2":{"start":{"line":6,"column":0},"end":{"line":6,"column":32}},"3":{"start":{"line":9,"column":15},"end":{"line":9,"column":52}},"4":{"start":{"line":25,"column":21},"end":{"line":25,"column":72}},"5":{"start":{"line":28,"column":18},"end":{"line":28,"column":48}},"6":{"start":{"line":30,"column":2},"end":{"line":32,"column":3}},"7":{"start":{"line":31,"column":4},"end":{"line":31,"column":null}},"8":{"start":{"line":34,"column":2},"end":{"line":34,"column":null}},"9":{"start":{"line":37,"column":23},"end":{"line":67,"column":2}},"10":{"start":{"line":45,"column":36},"end":{"line":45,"column":41}},"11":{"start":{"line":45,"column":46},"end":{"line":45,"column":50}},"12":{"start":{"line":46,"column":19},"end":{"line":46,"column":32}},"13":{"start":{"line":47,"column":18},"end":{"line":47,"column":61}},"14":{"start":{"line":49,"column":2},"end":{"line":66,"column":null}},"15":{"start":{"line":359,"column":2},"end":{"line":359,"column":16}},"16":{"start":{"line":68,"column":0},"end":{"line":68,"column":null}},"17":{"start":{"line":70,"column":19},"end":{"line":101,"column":1}},"18":{"start":{"line":71,"column":22},"end":{"line":72,"column":null}},"19":{"start":{"line":72,"column":20},"end":{"line":72,"column":48}},"20":{"start":{"line":75,"column":2},"end":{"line":77,"column":3}},"21":{"start":{"line":76,"column":4},"end":{"line":76,"column":null}},"22":{"start":{"line":79,"column":2},"end":{"line":100,"column":null}},"23":{"start":{"line":84,"column":33},"end":{"line":95,"column":null}},"24":{"start":{"line":89,"column":6},"end":{"line":90,"column":22}},"25":{"start":{"line":91,"column":4},"end":{"line":91,"column":null}},"26":{"start":{"line":364,"column":2},"end":{"line":364,"column":12}},"27":{"start":{"line":103,"column":21},"end":{"line":103,"column":46}},"28":{"start":{"line":360,"column":2},"end":{"line":360,"column":14}},"29":{"start":{"line":105,"column":28},"end":{"line":255,"column":null}},"30":{"start":{"line":134,"column":23},"end":{"line":134,"column":33}},"31":{"start":{"line":136,"column":25},"end":{"line":170,"column":6}},"32":{"start":{"line":137,"column":6},"end":{"line":139,"column":7}},"33":{"start":{"line":138,"column":8},"end":{"line":138,"column":null}},"34":{"start":{"line":141,"column":21},"end":{"line":141,"column":28}},"35":{"start":{"line":142,"column":18},"end":{"line":142,"column":73}},"36":{"start":{"line":143,"column":25},"end":{"line":143,"column":71}},"37":{"start":{"line":145,"column":8},"end":{"line":147,"column":29}},"38":{"start":{"line":149,"column":6},"end":{"line":155,"column":7}},"39":{"start":{"line":150,"column":8},"end":{"line":154,"column":null}},"40":{"start":{"line":157,"column":6},"end":{"line":159,"column":7}},"41":{"start":{"line":158,"column":8},"end":{"line":158,"column":null}},"42":{"start":{"line":161,"column":6},"end":{"line":161,"column":null}},"43":{"start":{"line":172,"column":4},"end":{"line":174,"column":5}},"44":{"start":{"line":173,"column":6},"end":{"line":173,"column":null}},"45":{"start":{"line":176,"column":22},"end":{"line":176,"column":65}},"46":{"start":{"line":178,"column":4},"end":{"line":254,"column":null}},"47":{"start":{"line":189,"column":24},"end":{"line":189,"column":76}},"48":{"start":{"line":190,"column":31},"end":{"line":190,"column":77}},"49":{"start":{"line":191,"column":35},"end":{"line":191,"column":75}},"50":{"start":{"line":193,"column":12},"end":{"line":250,"column":null}},"51":{"start":{"line":361,"column":2},"end":{"line":361,"column":21}},"52":{"start":{"line":257,"column":0},"end":{"line":257,"column":null}},"53":{"start":{"line":259,"column":20},"end":{"line":259,"column":44}},"54":{"start":{"line":362,"column":2},"end":{"line":362,"column":13}},"55":{"start":{"line":261,"column":27},"end":{"line":315,"column":null}},"56":{"start":{"line":273,"column":23},"end":{"line":273,"column":33}},"57":{"start":{"line":275,"column":4},"end":{"line":277,"column":5}},"58":{"start":{"line":276,"column":6},"end":{"line":276,"column":null}},"59":{"start":{"line":279,"column":4},"end":{"line":314,"column":null}},"60":{"start":{"line":289,"column":22},"end":{"line":289,"column":61}},"61":{"start":{"line":290,"column":29},"end":{"line":290,"column":75}},"62":{"start":{"line":292,"column":10},"end":{"line":311,"column":null}},"63":{"start":{"line":363,"column":2},"end":{"line":363,"column":20}},"64":{"start":{"line":317,"column":0},"end":{"line":317,"column":null}},"65":{"start":{"line":325,"column":2},"end":{"line":327,"column":3}},"66":{"start":{"line":326,"column":4},"end":{"line":326,"column":null}},"67":{"start":{"line":330,"column":4},"end":{"line":334,"column":17}},"68":{"start":{"line":336,"column":31},"end":{"line":336,"column":34}},"69":{"start":{"line":338,"column":2},"end":{"line":351,"column":3}},"70":{"start":{"line":342,"column":4},"end":{"line":342,"column":null}},"71":{"start":{"line":343,"column":9},"end":{"line":351,"column":3}},"72":{"start":{"line":348,"column":4},"end":{"line":350,"column":null}},"73":{"start":{"line":353,"column":2},"end":{"line":355,"column":null}}},"fnMap":{"0":{"name":"useChart","decl":{"start":{"line":27,"column":9},"end":{"line":27,"column":17}},"loc":{"start":{"line":27,"column":17},"end":{"line":35,"column":1}}},"1":{"name":"(anonymous_8)","decl":{"start":{"line":45,"column":2},"end":{"line":45,"column":3}},"loc":{"start":{"line":45,"column":57},"end":{"line":67,"column":1}}},"2":{"name":"(anonymous_9)","decl":{"start":{"line":70,"column":19},"end":{"line":70,"column":20}},"loc":{"start":{"line":70,"column":75},"end":{"line":101,"column":1}}},"3":{"name":"(anonymous_10)","decl":{"start":{"line":72,"column":4},"end":{"line":72,"column":5}},"loc":{"start":{"line":72,"column":20},"end":{"line":72,"column":48}}},"4":{"name":"(anonymous_11)","decl":{"start":{"line":84,"column":12},"end":{"line":84,"column":13}},"loc":{"start":{"line":84,"column":33},"end":{"line":95,"column":null}}},"5":{"name":"(anonymous_12)","decl":{"start":{"line":87,"column":7},"end":{"line":87,"column":8}},"loc":{"start":{"line":87,"column":29},"end":{"line":92,"column":3}}},"6":{"name":"(anonymous_13)","decl":{"start":{"line":116,"column":2},"end":{"line":116,"column":null}},"loc":{"start":{"line":133,"column":6},"end":{"line":255,"column":3}}},"7":{"name":"(anonymous_14)","decl":{"start":{"line":136,"column":39},"end":{"line":136,"column":42}},"loc":{"start":{"line":136,"column":44},"end":{"line":162,"column":5}}},"8":{"name":"(anonymous_15)","decl":{"start":{"line":188,"column":23},"end":{"line":188,"column":24}},"loc":{"start":{"line":188,"column":39},"end":{"line":251,"column":11}}},"9":{"name":"(anonymous_16)","decl":{"start":{"line":269,"column":2},"end":{"line":269,"column":null}},"loc":{"start":{"line":272,"column":6},"end":{"line":315,"column":3}}},"10":{"name":"(anonymous_17)","decl":{"start":{"line":288,"column":21},"end":{"line":288,"column":22}},"loc":{"start":{"line":288,"column":30},"end":{"line":312,"column":9}}},"11":{"name":"getPayloadConfigFromPayload","decl":{"start":{"line":320,"column":9},"end":{"line":320,"column":36}},"loc":{"start":{"line":323,"column":13},"end":{"line":356,"column":1}}}},"branchMap":{"0":{"loc":{"start":{"line":30,"column":2},"end":{"line":32,"column":3}},"type":"if","locations":[{"start":{"line":30,"column":2},"end":{"line":32,"column":3}},{"start":{},"end":{}}]},"1":{"loc":{"start":{"line":47,"column":27},"end":{"line":47,"column":59}},"type":"binary-expr","locations":[{"start":{"line":47,"column":27},"end":{"line":47,"column":29}},{"start":{"line":47,"column":33},"end":{"line":47,"column":59}}]},"2":{"loc":{"start":{"line":72,"column":20},"end":{"line":72,"column":48}},"type":"binary-expr","locations":[{"start":{"line":72,"column":20},"end":{"line":72,"column":32}},{"start":{"line":72,"column":36},"end":{"line":72,"column":48}}]},"3":{"loc":{"start":{"line":75,"column":2},"end":{"line":77,"column":3}},"type":"if","locations":[{"start":{"line":75,"column":2},"end":{"line":77,"column":3}},{"start":{},"end":{}}]},"4":{"loc":{"start":{"line":89,"column":6},"end":{"line":90,"column":22}},"type":"binary-expr","locations":[{"start":{"line":89,"column":6},"end":{"line":89,"column":64}},{"start":{"line":90,"column":6},"end":{"line":90,"column":22}}]},"5":{"loc":{"start":{"line":89,"column":6},"end":{"line":89,"column":64}},"type":"cond-expr","locations":[{"start":{"line":89,"column":22},"end":{"line":89,"column":25}},{"start":{"line":89,"column":22},"end":{"line":89,"column":64}}]},"6":{"loc":{"start":{"line":89,"column":6},"end":{"line":89,"column":25}},"type":"binary-expr","locations":[{"start":{"line":89,"column":6},"end":{"line":89,"column":25}},{"start":{"line":89,"column":22},"end":{"line":89,"column":25}}]},"7":{"loc":{"start":{"line":91,"column":11},"end":{"line":91,"column":55}},"type":"cond-expr","locations":[{"start":{"line":91,"column":19},"end":{"line":91,"column":48}},{"start":{"line":91,"column":51},"end":{"line":91,"column":55}}]},"8":{"loc":{"start":{"line":121,"column":6},"end":{"line":121,"column":23}},"type":"default-arg","locations":[{"start":{"line":121,"column":18},"end":{"line":121,"column":23}}]},"9":{"loc":{"start":{"line":122,"column":6},"end":{"line":122,"column":23}},"type":"default-arg","locations":[{"start":{"line":122,"column":18},"end":{"line":122,"column":23}}]},"10":{"loc":{"start":{"line":123,"column":6},"end":{"line":123,"column":27}},"type":"default-arg","locations":[{"start":{"line":123,"column":22},"end":{"line":123,"column":27}}]},"11":{"loc":{"start":{"line":137,"column":6},"end":{"line":139,"column":7}},"type":"if","locations":[{"start":{"line":137,"column":6},"end":{"line":139,"column":7}},{"start":{},"end":{}}]},"12":{"loc":{"start":{"line":137,"column":10},"end":{"line":137,"column":41}},"type":"binary-expr","locations":[{"start":{"line":137,"column":10},"end":{"line":137,"column":19}},{"start":{"line":137,"column":23},"end":{"line":137,"column":41}}]},"13":{"loc":{"start":{"line":137,"column":24},"end":{"line":137,"column":39}},"type":"cond-expr","locations":[{"start":{"line":137,"column":31},"end":{"line":137,"column":33}},{"start":{"line":137,"column":24},"end":{"line":137,"column":39}}]},"14":{"loc":{"start":{"line":137,"column":24},"end":{"line":137,"column":33}},"type":"binary-expr","locations":[{"start":{"line":137,"column":24},"end":{"line":137,"column":33}},{"start":{"line":137,"column":24},"end":{"line":137,"column":33}}]},"15":{"loc":{"start":{"line":142,"column":21},"end":{"line":142,"column":71}},"type":"binary-expr","locations":[{"start":{"line":142,"column":21},"end":{"line":142,"column":29}},{"start":{"line":142,"column":33},"end":{"line":142,"column":46}},{"start":{"line":142,"column":50},"end":{"line":142,"column":60}},{"start":{"line":142,"column":64},"end":{"line":142,"column":71}}]},"16":{"loc":{"start":{"line":142,"column":33},"end":{"line":142,"column":46}},"type":"cond-expr","locations":[{"start":{"line":142,"column":37},"end":{"line":142,"column":39}},{"start":{"line":142,"column":33},"end":{"line":142,"column":46}}]},"17":{"loc":{"start":{"line":142,"column":33},"end":{"line":142,"column":39}},"type":"binary-expr","locations":[{"start":{"line":142,"column":33},"end":{"line":142,"column":39}},{"start":{"line":142,"column":33},"end":{"line":142,"column":39}}]},"18":{"loc":{"start":{"line":142,"column":50},"end":{"line":142,"column":60}},"type":"cond-expr","locations":[{"start":{"line":142,"column":54},"end":{"line":142,"column":56}},{"start":{"line":142,"column":50},"end":{"line":142,"column":60}}]},"19":{"loc":{"start":{"line":142,"column":50},"end":{"line":142,"column":56}},"type":"binary-expr","locations":[{"start":{"line":142,"column":50},"end":{"line":142,"column":56}},{"start":{"line":142,"column":50},"end":{"line":142,"column":56}}]},"20":{"loc":{"start":{"line":145,"column":8},"end":{"line":147,"column":29}},"type":"cond-expr","locations":[{"start":{"line":146,"column":12},"end":{"line":146,"column":64}},{"start":{"line":147,"column":12},"end":{"line":147,"column":29}}]},"21":{"loc":{"start":{"line":145,"column":8},"end":{"line":145,"column":46}},"type":"binary-expr","locations":[{"start":{"line":145,"column":8},"end":{"line":145,"column":17}},{"start":{"line":145,"column":21},"end":{"line":145,"column":46}}]},"22":{"loc":{"start":{"line":146,"column":12},"end":{"line":146,"column":64}},"type":"binary-expr","locations":[{"start":{"line":146,"column":12},"end":{"line":146,"column":55}},{"start":{"line":146,"column":59},"end":{"line":146,"column":64}}]},"23":{"loc":{"start":{"line":146,"column":12},"end":{"line":146,"column":55}},"type":"cond-expr","locations":[{"start":{"line":146,"column":48},"end":{"line":146,"column":50}},{"start":{"line":146,"column":48},"end":{"line":146,"column":55}}]},"24":{"loc":{"start":{"line":146,"column":12},"end":{"line":146,"column":50}},"type":"binary-expr","locations":[{"start":{"line":146,"column":12},"end":{"line":146,"column":50}},{"start":{"line":146,"column":48},"end":{"line":146,"column":50}}]},"25":{"loc":{"start":{"line":147,"column":12},"end":{"line":147,"column":29}},"type":"cond-expr","locations":[{"start":{"line":147,"column":22},"end":{"line":147,"column":24}},{"start":{"line":147,"column":12},"end":{"line":147,"column":29}}]},"26":{"loc":{"start":{"line":147,"column":12},"end":{"line":147,"column":24}},"type":"binary-expr","locations":[{"start":{"line":147,"column":12},"end":{"line":147,"column":24}},{"start":{"line":147,"column":12},"end":{"line":147,"column":24}}]},"27":{"loc":{"start":{"line":149,"column":6},"end":{"line":155,"column":7}},"type":"if","locations":[{"start":{"line":149,"column":6},"end":{"line":155,"column":7}},{"start":{},"end":{}}]},"28":{"loc":{"start":{"line":157,"column":6},"end":{"line":159,"column":7}},"type":"if","locations":[{"start":{"line":157,"column":6},"end":{"line":159,"column":7}},{"start":{},"end":{}}]},"29":{"loc":{"start":{"line":172,"column":4},"end":{"line":174,"column":5}},"type":"if","locations":[{"start":{"line":172,"column":4},"end":{"line":174,"column":5}},{"start":{},"end":{}}]},"30":{"loc":{"start":{"line":172,"column":8},"end":{"line":172,"column":37}},"type":"binary-expr","locations":[{"start":{"line":172,"column":8},"end":{"line":172,"column":15}},{"start":{"line":172,"column":19},"end":{"line":172,"column":37}}]},"31":{"loc":{"start":{"line":172,"column":20},"end":{"line":172,"column":35}},"type":"cond-expr","locations":[{"start":{"line":172,"column":27},"end":{"line":172,"column":29}},{"start":{"line":172,"column":20},"end":{"line":172,"column":35}}]},"32":{"loc":{"start":{"line":172,"column":20},"end":{"line":172,"column":29}},"type":"binary-expr","locations":[{"start":{"line":172,"column":20},"end":{"line":172,"column":29}},{"start":{"line":172,"column":20},"end":{"line":172,"column":29}}]},"33":{"loc":{"start":{"line":176,"column":22},"end":{"line":176,"column":65}},"type":"binary-expr","locations":[{"start":{"line":176,"column":22},"end":{"line":176,"column":42}},{"start":{"line":176,"column":46},"end":{"line":176,"column":65}}]},"34":{"loc":{"start":{"line":186,"column":9},"end":{"line":186,"column":41}},"type":"cond-expr","locations":[{"start":{"line":186,"column":22},"end":{"line":186,"column":34}},{"start":{"line":186,"column":37},"end":{"line":186,"column":41}}]},"35":{"loc":{"start":{"line":189,"column":27},"end":{"line":189,"column":74}},"type":"binary-expr","locations":[{"start":{"line":189,"column":27},"end":{"line":189,"column":34}},{"start":{"line":189,"column":38},"end":{"line":189,"column":47}},{"start":{"line":189,"column":51},"end":{"line":189,"column":63}},{"start":{"line":189,"column":67},"end":{"line":189,"column":74}}]},"36":{"loc":{"start":{"line":191,"column":35},"end":{"line":191,"column":75}},"type":"binary-expr","locations":[{"start":{"line":191,"column":35},"end":{"line":191,"column":40}},{"start":{"line":191,"column":44},"end":{"line":191,"column":61}},{"start":{"line":191,"column":65},"end":{"line":191,"column":75}}]},"37":{"loc":{"start":{"line":198,"column":18},"end":{"line":198,"column":55}},"type":"binary-expr","locations":[{"start":{"line":198,"column":18},"end":{"line":198,"column":37}},{"start":{"line":198,"column":41},"end":{"line":198,"column":55}}]},"38":{"loc":{"start":{"line":201,"column":17},"end":{"line":247,"column":null}},"type":"cond-expr","locations":[{"start":{"line":202,"column":18},"end":{"line":202,"column":77}},{"start":{"line":204,"column":18},"end":{"line":246,"column":null}}]},"39":{"loc":{"start":{"line":201,"column":17},"end":{"line":201,"column":68}},"type":"binary-expr","locations":[{"start":{"line":201,"column":17},"end":{"line":201,"column":26}},{"start":{"line":201,"column":30},"end":{"line":201,"column":55}},{"start":{"line":201,"column":59},"end":{"line":201,"column":68}}]},"40":{"loc":{"start":{"line":201,"column":30},"end":{"line":201,"column":41}},"type":"cond-expr","locations":[{"start":{"line":201,"column":34},"end":{"line":201,"column":36}},{"start":{"line":201,"column":30},"end":{"line":201,"column":41}}]},"41":{"loc":{"start":{"line":201,"column":30},"end":{"line":201,"column":36}},"type":"binary-expr","locations":[{"start":{"line":201,"column":30},"end":{"line":201,"column":36}},{"start":{"line":201,"column":30},"end":{"line":201,"column":36}}]},"42":{"loc":{"start":{"line":205,"column":21},"end":{"line":227,"column":null}},"type":"cond-expr","locations":[{"start":{"line":206,"column":22},"end":{"line":206,"column":41}},{"start":{"line":208,"column":22},"end":{"line":226,"column":null}}]},"43":{"loc":{"start":{"line":205,"column":21},"end":{"line":205,"column":37}},"type":"cond-expr","locations":[{"start":{"line":205,"column":31},"end":{"line":205,"column":33}},{"start":{"line":205,"column":21},"end":{"line":205,"column":37}}]},"44":{"loc":{"start":{"line":205,"column":21},"end":{"line":205,"column":33}},"type":"binary-expr","locations":[{"start":{"line":205,"column":21},"end":{"line":205,"column":33}},{"start":{"line":205,"column":21},"end":{"line":205,"column":33}}]},"45":{"loc":{"start":{"line":208,"column":22},"end":{"line":226,"column":null}},"type":"binary-expr","locations":[{"start":{"line":208,"column":22},"end":{"line":208,"column":36}},{"start":{"line":209,"column":24},"end":{"line":224,"column":null}}]},"46":{"loc":{"start":{"line":217,"column":40},"end":{"line":217,"column":75}},"type":"binary-expr","locations":[{"start":{"line":217,"column":40},"end":{"line":217,"column":49}},{"start":{"line":217,"column":53},"end":{"line":217,"c
[...]
,"/Users/andresdavidsv/React/Patagonia-Pages/client/src/lib/constants.ts": {"path":"/Users/andresdavidsv/React/Patagonia-Pages/client/src/lib/constants.ts","statementMap":{"0":{"start":{"line":1,"column":0},"end":{"line":1,"column":62}},"1":{"start":{"line":4,"column":13},"end":{"line":7,"column":11}},"2":{"start":{"line":9,"column":13},"end":{"line":13,"column":11}},"3":{"start":{"line":15,"column":13},"end":{"line":19,"column":11}},"4":{"start":{"line":21,"column":13},"end":{"line":25,"column":2}}},"fnMap":{},"branchMap":{},"s":{"0":0,"1":0,"2":0,"3":0,"4":0},"f":{},"b":{}}
,"/Users/andresdavidsv/React/Patagonia-Pages/client/src/lib/queryClient.ts": {"path":"/Users/andresdavidsv/React/Patagonia-Pages/client/src/lib/queryClient.ts","statementMap":{"0":{"start":{"line":10,"column":0},"end":{"line":10,"column":22}},"1":{"start":{"line":1,"column":0},"end":{"line":1,"column":67}},"2":{"start":{"line":4,"column":2},"end":{"line":7,"column":3}},"3":{"start":{"line":5,"column":17},"end":{"line":5,"column":53}},"4":{"start":{"line":6,"column":4},"end":{"line":6,"column":46}},"5":{"start":{"line":15,"column":14},"end":{"line":20,"column":4}},"6":{"start":{"line":22,"column":2},"end":{"line":22,"column":29}},"7":{"start":{"line":23,"column":2},"end":{"line":23,"column":13}},"8":{"start":{"line":30,"column":2},"end":{"line":42,"column":4}},"9":{"start":{"line":31,"column":2},"end":{"line":42,"column":4}},"10":{"start":{"line":31,"column":25},"end":{"line":42,"column":4}},"11":{"start":{"line":32,"column":16},"end":{"line":34,"column":6}},"12":{"start":{"line":36,"column":4},"end":{"line":38,"column":5}},"13":{"start":{"line":37,"column":6},"end":{"line":37,"column":18}},"14":{"start":{"line":40,"column":4},"end":{"line":40,"column":31}},"15":{"start":{"line":41,"column":4},"end":{"line":41,"column":28}},"16":{"start":{"line":27,"column":13},"end":{"line":27,"column":null}},"17":{"start":{"line":44,"column":13},"end":{"line":57,"column":3}}},"fnMap":{"0":{"name":"throwIfResNotOk","decl":{"start":{"line":3,"column":15},"end":{"line":3,"column":30}},"loc":{"start":{"line":3,"column":44},"end":{"line":8,"column":null}}},"1":{"name":"apiRequest","decl":{"start":{"line":10,"column":22},"end":{"line":10,"column":32}},"loc":{"start":{"line":13,"column":28},"end":{"line":24,"column":null}}},"2":{"name":"(anonymous_11)","decl":{"start":{"line":30,"column":2},"end":{"line":30,"column":3}},"loc":{"start":{"line":31,"column":2},"end":{"line":42,"column":4}}},"3":{"name":"(anonymous_12)","decl":{"start":{"line":31,"column":2},"end":{"line":31,"column":9}},"loc":{"start":{"line":31,"column":25},"end":{"line":42,"column":4}}},"4":{"name":"(anonymous_13)","decl":{"start":{"line":31,"column":25},"end":{"line":31,"column":null}},"loc":{"start":{"line":31,"column":21},"end":{"line":42,"column":3}}}},"branchMap":{"0":{"loc":{"start":{"line":4,"column":2},"end":{"line":7,"column":3}},"type":"if","locations":[{"start":{"line":4,"column":2},"end":{"line":7,"column":3}},{"start":{},"end":{}}]},"1":{"loc":{"start":{"line":5,"column":17},"end":{"line":5,"column":53}},"type":"binary-expr","locations":[{"start":{"line":5,"column":18},"end":{"line":5,"column":34}},{"start":{"line":5,"column":39},"end":{"line":5,"column":53}}]},"2":{"loc":{"start":{"line":17,"column":13},"end":{"line":17,"column":63}},"type":"cond-expr","locations":[{"start":{"line":17,"column":20},"end":{"line":17,"column":58}},{"start":{"line":17,"column":61},"end":{"line":17,"column":63}}]},"3":{"loc":{"start":{"line":18,"column":10},"end":{"line":18,"column":49}},"type":"cond-expr","locations":[{"start":{"line":18,"column":17},"end":{"line":18,"column":37}},{"start":{"line":18,"column":40},"end":{"line":18,"column":49}}]},"4":{"loc":{"start":{"line":36,"column":4},"end":{"line":38,"column":5}},"type":"if","locations":[{"start":{"line":36,"column":4},"end":{"line":38,"column":5}},{"start":{},"end":{}}]},"5":{"loc":{"start":{"line":36,"column":8},"end":{"line":36,"column":67}},"type":"binary-expr","locations":[{"start":{"line":36,"column":8},"end":{"line":36,"column":45}},{"start":{"line":36,"column":49},"end":{"line":36,"column":67}}]}},"s":{"0":2,"1":2,"2":0,"3":0,"4":0,"5":0,"6":0,"7":0,"8":2,"9":2,"10":0,"11":0,"12":0,"13":0,"14":0,"15":0,"16":2,"17":2},"f":{"0":0,"1":0,"2":2,"3":0,"4":0},"b":{"0":[0,0],"1":[0,0],"2":[0,0],"3":[0,0],"4":[0,0],"5":[0,0]}}
,"/Users/andresdavidsv/React/Patagonia-Pages/client/src/lib/translations.ts": {"path":"/Users/andresdavidsv/React/Patagonia-Pages/client/src/lib/translations.ts","statementMap":{"0":{"start":{"line":45,"column":13},"end":{"line":134,"column":2}}},"fnMap":{},"branchMap":{},"s":{"0":4},"f":{},"b":{}}
,"/Users/andresdavidsv/React/Patagonia-Pages/client/src/lib/utils.ts": {"path":"/Users/andresdavidsv/React/Patagonia-Pages/client/src/lib/utils.ts","statementMap":{"0":{"start":{"line":4,"column":0},"end":{"line":4,"column":16}},"1":{"start":{"line":1,"column":0},"end":{"line":1,"column":44}},"2":{"start":{"line":2,"column":0},"end":{"line":2,"column":40}},"3":{"start":{"line":5,"column":2},"end":{"line":5,"column":null}}},"fnMap":{"0":{"name":"cn","decl":{"start":{"line":4,"column":16},"end":{"line":4,"column":18}},"loc":{"start":{"line":4,"column":42},"end":{"line":6,"column":1}}}},"branchMap":{},"s":{"0":1,"1":1,"2":1,"3":13},"f":{"0":13},"b":{}}
,"/Users/andresdavidsv/React/Patagonia-Pages/client/src/pages/Home.tsx": {"path":"/Users/andresdavidsv/React/Patagonia-Pages/client/src/pages/Home.tsx","statementMap":{"0":{"start":{"line":8,"column":0},"end":{"line":8,"column":24}},"1":{"start":{"line":1,"column":0},"end":{"line":1,"column":49}},"2":{"start":{"line":2,"column":0},"end":{"line":2,"column":51}},"3":{"start":{"line":3,"column":0},"end":{"line":3,"column":61}},"4":{"start":{"line":4,"column":0},"end":{"line":4,"column":65}},"5":{"start":{"line":5,"column":0},"end":{"line":5,"column":59}},"6":{"start":{"line":6,"column":0},"end":{"line":6,"column":41}},"7":{"start":{"line":9,"column":2},"end":{"line":20,"column":4}}},"fnMap":{"0":{"name":"Home","decl":{"start":{"line":8,"column":24},"end":{"line":8,"column":28}},"loc":{"start":{"line":8,"column":28},"end":{"line":21,"column":1}}}},"branchMap":{},"s":{"0":0,"1":0,"2":0,"3":0,"4":0,"5":0,"6":0,"7":0},"f":{"0":0},"b":{}}
,"/Users/andresdavidsv/React/Patagonia-Pages/client/src/pages/not-found.tsx": {"path":"/Users/andresdavidsv/React/Patagonia-Pages/client/src/pages/not-found.tsx","statementMap":{"0":{"start":{"line":4,"column":0},"end":{"line":4,"column":24}},"1":{"start":{"line":1,"column":0},"end":{"line":1,"column":57}},"2":{"start":{"line":2,"column":0},"end":{"line":2,"column":43}},"3":{"start":{"line":5,"column":2},"end":{"line":20,"column":4}}},"fnMap":{"0":{"name":"NotFound","decl":{"start":{"line":4,"column":24},"end":{"line":4,"column":32}},"loc":{"start":{"line":4,"column":32},"end":{"line":21,"column":1}}}},"branchMap":{},"s":{"0":0,"1":0,"2":0,"3":0},"f":{"0":0},"b":{}}
,"/Users/andresdavidsv/React/Patagonia-Pages/server/index.ts": {"path":"/Users/andresdavidsv/React/Patagonia-Pages/server/index.ts","statementMap":{"0":{"start":{"line":25,"column":0},"end":{"line":25,"column":16}},"1":{"start":{"line":1,"column":0},"end":{"line":1,"column":72}},"2":{"start":{"line":2,"column":0},"end":{"line":2,"column":42}},"3":{"start":{"line":3,"column":0},"end":{"line":3,"column":39}},"4":{"start":{"line":4,"column":0},"end":{"line":4,"column":36}},"5":{"start":{"line":6,"column":12},"end":{"line":6,"column":21}},"6":{"start":{"line":7,"column":19},"end":{"line":7,"column":36}},"7":{"start":{"line":15,"column":0},"end":{"line":21,"column":2}},"8":{"start":{"line":18,"column":6},"end":{"line":18,"column":24}},"9":{"start":{"line":23,"column":0},"end":{"line":23,"column":49}},"10":{"start":{"line":26,"column":24},"end":{"line":31,"column":4}},"11":{"start":{"line":33,"column":2},"end":{"line":33,"column":57}},"12":{"start":{"line":36,"column":0},"end":{"line":60,"column":3}},"13":{"start":{"line":37,"column":16},"end":{"line":37,"column":26}},"14":{"start":{"line":38,"column":15},"end":{"line":38,"column":23}},"15":{"start":{"line":39,"column":62},"end":{"line":39,"column":71}},"16":{"start":{"line":41,"column":26},"end":{"line":41,"column":34}},"17":{"start":{"line":42,"column":2},"end":{"line":45,"column":4}},"18":{"start":{"line":43,"column":4},"end":{"line":43,"column":36}},"19":{"start":{"line":44,"column":4},"end":{"line":44,"column":59}},"20":{"start":{"line":47,"column":2},"end":{"line":57,"column":5}},"21":{"start":{"line":48,"column":21},"end":{"line":48,"column":39}},"22":{"start":{"line":49,"column":4},"end":{"line":56,"column":5}},"23":{"start":{"line":50,"column":20},"end":{"line":50,"column":78}},"24":{"start":{"line":51,"column":6},"end":{"line":53,"column":7}},"25":{"start":{"line":52,"column":8},"end":{"line":52,"column":65}},"26":{"start":{"line":55,"column":6},"end":{"line":55,"column":19}},"27":{"start":{"line":59,"column":2},"end":{"line":59,"column":9}},"28":{"start":{"line":62,"column":0},"end":{"line":98,"column":5}},"29":{"start":{"line":62,"column":12},"end":{"line":98,"column":2}},"30":{"start":{"line":63,"column":2},"end":{"line":63,"column":40}},"31":{"start":{"line":65,"column":2},"end":{"line":71,"column":5}},"32":{"start":{"line":66,"column":19},"end":{"line":66,"column":54}},"33":{"start":{"line":67,"column":20},"end":{"line":67,"column":58}},"34":{"start":{"line":69,"column":4},"end":{"line":69,"column":41}},"35":{"start":{"line":70,"column":4},"end":{"line":70,"column":14}},"36":{"start":{"line":76,"column":2},"end":{"line":81,"column":3}},"37":{"start":{"line":77,"column":4},"end":{"line":77,"column":21}},"38":{"start":{"line":79,"column":26},"end":{"line":79,"column":48}},"39":{"start":{"line":80,"column":4},"end":{"line":80,"column":37}},"40":{"start":{"line":87,"column":15},"end":{"line":87,"column":55}},"41":{"start":{"line":88,"column":2},"end":{"line":97,"column":4}},"42":{"start":{"line":95,"column":6},"end":{"line":95,"column":37}}},"fnMap":{"0":{"name":"(anonymous_14)","decl":{"start":{"line":17,"column":12},"end":{"line":17,"column":13}},"loc":{"start":{"line":17,"column":31},"end":{"line":19,"column":5}}},"1":{"name":"log","decl":{"start":{"line":25,"column":16},"end":{"line":25,"column":19}},"loc":{"start":{"line":25,"column":55},"end":{"line":34,"column":1}}},"2":{"name":"(anonymous_16)","decl":{"start":{"line":36,"column":8},"end":{"line":36,"column":9}},"loc":{"start":{"line":36,"column":27},"end":{"line":60,"column":1}}},"3":{"name":"(anonymous_17)","decl":{"start":{"line":42,"column":13},"end":{"line":42,"column":23}},"loc":{"start":{"line":42,"column":40},"end":{"line":45,"column":3}}},"4":{"name":"(anonymous_18)","decl":{"start":{"line":47,"column":19},"end":{"line":47,"column":22}},"loc":{"start":{"line":47,"column":24},"end":{"line":57,"column":3}}},"5":{"name":"(anonymous_19)","decl":{"start":{"line":62,"column":1},"end":{"line":62,"column":10}},"loc":{"start":{"line":62,"column":12},"end":{"line":98,"column":2}}},"6":{"name":"(anonymous_20)","decl":{"start":{"line":62,"column":12},"end":{"line":62,"column":null}},"loc":{"start":{"line":62,"column":12},"end":{"line":98,"column":1}}},"7":{"name":"(anonymous_21)","decl":{"start":{"line":65,"column":10},"end":{"line":65,"column":11}},"loc":{"start":{"line":65,"column":74},"end":{"line":71,"column":3}}},"8":{"name":"(anonymous_22)","decl":{"start":{"line":79,"column":26},"end":{"line":79,"column":39}},"loc":{"start":{"line":79,"column":26},"end":{"line":79,"column":48}}},"9":{"name":"(anonymous_23)","decl":{"start":{"line":94,"column":4},"end":{"line":94,"column":7}},"loc":{"start":{"line":94,"column":9},"end":{"line":96,"column":5}}}},"branchMap":{"0":{"loc":{"start":{"line":25,"column":37},"end":{"line":25,"column":55}},"type":"default-arg","locations":[{"start":{"line":25,"column":46},"end":{"line":25,"column":55}}]},"1":{"loc":{"start":{"line":49,"column":4},"end":{"line":56,"column":5}},"type":"if","locations":[{"start":{"line":49,"column":4},"end":{"line":56,"column":5}},{"start":{},"end":{}}]},"2":{"loc":{"start":{"line":51,"column":6},"end":{"line":53,"column":7}},"type":"if","locations":[{"start":{"line":51,"column":6},"end":{"line":53,"column":7}},{"start":{},"end":{}}]},"3":{"loc":{"start":{"line":66,"column":19},"end":{"line":66,"column":54}},"type":"binary-expr","locations":[{"start":{"line":66,"column":19},"end":{"line":66,"column":29}},{"start":{"line":66,"column":33},"end":{"line":66,"column":47}},{"start":{"line":66,"column":51},"end":{"line":66,"column":54}}]},"4":{"loc":{"start":{"line":67,"column":20},"end":{"line":67,"column":58}},"type":"binary-expr","locations":[{"start":{"line":67,"column":20},"end":{"line":67,"column":31}},{"start":{"line":67,"column":35},"end":{"line":67,"column":58}}]},"5":{"loc":{"start":{"line":76,"column":2},"end":{"line":81,"column":3}},"type":"if","locations":[{"start":{"line":76,"column":2},"end":{"line":81,"column":3}},{"start":{"line":78,"column":9},"end":{"line":81,"column":3}}]},"6":{"loc":{"start":{"line":87,"column":24},"end":{"line":87,"column":50}},"type":"binary-expr","locations":[{"start":{"line":87,"column":24},"end":{"line":87,"column":40}},{"start":{"line":87,"column":44},"end":{"line":87,"column":50}}]}},"s":{"0":0,"1":0,"2":0,"3":0,"4":0,"5":0,"6":0,"7":0,"8":0,"9":0,"10":0,"11":0,"12":0,"13":0,"14":0,"15":0,"16":0,"17":0,"18":0,"19":0,"20":0,"21":0,"22":0,"23":0,"24":0,"25":0,"26":0,"27":0,"28":0,"29":0,"30":0,"31":0,"32":0,"33":0,"34":0,"35":0,"36":0,"37":0,"38":0,"39":0,"40":0,"41":0,"42":0},"f":{"0":0,"1":0,"2":0,"3":0,"4":0,"5":0,"6":0,"7":0,"8":0,"9":0},"b":{"0":[0],"1":[0,0],"2":[0,0],"3":[0,0,0],"4":[0,0],"5":[0,0],"6":[0,0]}}
,"/Users/andresdavidsv/React/Patagonia-Pages/server/routes.ts": {"path":"/Users/andresdavidsv/React/Patagonia-Pages/server/routes.ts","statementMap":{"0":{"start":{"line":5,"column":0},"end":{"line":5,"column":22}},"1":{"start":{"line":15,"column":2},"end":{"line":15,"column":20}}},"fnMap":{"0":{"name":"registerRoutes","decl":{"start":{"line":5,"column":22},"end":{"line":5,"column":36}},"loc":{"start":{"line":7,"column":14},"end":{"line":16,"column":null}}}},"branchMap":{},"s":{"0":0,"1":0},"f":{"0":0},"b":{}}
,"/Users/andresdavidsv/React/Patagonia-Pages/server/static.ts": {"path":"/Users/andresdavidsv/React/Patagonia-Pages/server/static.ts","statementMap":{"0":{"start":{"line":5,"column":0},"end":{"line":5,"column":16}},"1":{"start":{"line":1,"column":0},"end":{"line":1,"column":48}},"2":{"start":{"line":2,"column":0},"end":{"line":2,"column":20}},"3":{"start":{"line":3,"column":0},"end":{"line":3,"column":24}},"4":{"start":{"line":6,"column":19},"end":{"line":6,"column":52}},"5":{"start":{"line":7,"column":2},"end":{"line":11,"column":3}},"6":{"start":{"line":8,"column":4},"end":{"line":10,"column":6}},"7":{"start":{"line":13,"column":2},"end":{"line":13,"column":36}},"8":{"start":{"line":16,"column":2},"end":{"line":18,"column":5}},"9":{"start":{"line":17,"column":4},"end":{"line":17,"column":55}}},"fnMap":{"0":{"name":"serveStatic","decl":{"start":{"line":5,"column":16},"end":{"line":5,"column":27}},"loc":{"start":{"line":5,"column":40},"end":{"line":19,"column":1}}},"1":{"name":"(anonymous_2)","decl":{"start":{"line":16,"column":15},"end":{"line":16,"column":16}},"loc":{"start":{"line":16,"column":29},"end":{"line":18,"column":3}}}},"branchMap":{"0":{"loc":{"start":{"line":7,"column":2},"end":{"line":11,"column":3}},"type":"if","locations":[{"start":{"line":7,"column":2},"end":{"line":11,"column":3}},{"start":{},"end":{}}]}},"s":{"0":0,"1":0,"2":0,"3":0,"4":0,"5":0,"6":0,"7":0,"8":0,"9":0},"f":{"0":0,"1":0},"b":{"0":[0,0]}}
,"/Users/andresdavidsv/React/Patagonia-Pages/server/storage.ts": {"path":"/Users/andresdavidsv/React/Patagonia-Pages/server/storage.ts","statementMap":{"0":{"start":{"line":2,"column":0},"end":{"line":2,"column":36}},"1":{"start":{"line":17,"column":4},"end":{"line":17,"column":27}},"2":{"start":{"line":21,"column":4},"end":{"line":21,"column":30}},"3":{"start":{"line":25,"column":4},"end":{"line":27,"column":6}},"4":{"start":{"line":26,"column":16},"end":{"line":26,"column":42}},"5":{"start":{"line":31,"column":15},"end":{"line":31,"column":27}},"6":{"start":{"line":32,"column":14},"end":{"line":32,"column":44}},"7":{"start":{"line":33,"column":4},"end":{"line":33,"column":29}},"8":{"start":{"line":34,"column":4},"end":{"line":34,"column":16}},"9":{"start":{"line":13,"column":0},"end":{"line":13,"column":13}},"10":{"start":{"line":38,"column":13},"end":{"line":38,"column":40}}},"fnMap":{"0":{"name":"(anonymous_7)","decl":{"start":{"line":16,"column":2},"end":{"line":16,"column":null}},"loc":{"start":{"line":16,"column":2},"end":{"line":18,"column":3}}},"1":{"name":"(anonymous_8)","decl":{"start":{"line":20,"column":8},"end":{"line":20,"column":15}},"loc":{"start":{"line":20,"column":26},"end":{"line":22,"column":null}}},"2":{"name":"(anonymous_10)","decl":{"start":{"line":24,"column":8},"end":{"line":24,"column":25}},"loc":{"start":{"line":24,"column":42},"end":{"line":28,"column":null}}},"3":{"name":"(anonymous_12)","decl":{"start":{"line":26,"column":6},"end":{"line":26,"column":7}},"loc":{"start":{"line":26,"column":16},"end":{"line":26,"column":42}}},"4":{"name":"(anonymous_13)","decl":{"start":{"line":30,"column":8},"end":{"line":30,"column":18}},"loc":{"start":{"line":30,"column":41},"end":{"line":35,"column":null}}}},"branchMap":{},"s":{"0":0,"1":0,"2":0,"3":0,"4":0,"5":0,"6":0,"7":0,"8":0,"9":0,"10":0},"f":{"0":0,"1":0,"2":0,"3":0,"4":0},"b":{}}
,"/Users/andresdavidsv/React/Patagonia-Pages/shared/schema.ts": {"path":"/Users/andresdavidsv/React/Patagonia-Pages/shared/schema.ts","statementMap":{"0":{"start":{"line":1,"column":0},"end":{"line":1,"column":34}},"1":{"start":{"line":2,"column":0},"end":{"line":2,"column":61}},"2":{"start":{"line":3,"column":0},"end":{"line":3,"column":49}},"3":{"start":{"line":6,"column":13},"end":{"line":10,"column":3}},"4":{"start":{"line":12,"column":13},"end":{"line":15,"column":3}}},"fnMap":{},"branchMap":{},"s":{"0":0,"1":0,"2":0,"3":0,"4":0},"f":{},"b":{}}
}
