TN:
SF:client/src/App.tsx
FN:10,Router
FN:19,App
FNF:2
FNH:0
FNDA:0,Router
FNDA:0,App
DA:1,0
DA:2,0
DA:3,0
DA:4,0
DA:5,0
DA:6,0
DA:7,0
DA:8,0
DA:11,0
DA:20,0
DA:32,0
LF:11
LH:0
BRF:0
BRH:0
end_of_record
TN:
SF:client/src/main.tsx
FNF:0
FNH:0
DA:1,0
DA:2,0
DA:3,0
DA:5,0
LF:4
LH:0
BRF:0
BRH:0
end_of_record
TN:
SF:client/src/components/AboutAuthorSection.tsx
FN:6,AboutAuthorSection
FNF:1
FNH:0
FNDA:0,AboutAuthorSection
DA:1,0
DA:2,0
DA:3,0
DA:4,0
DA:6,0
DA:7,0
DA:9,0
LF:7
LH:0
BRF:0
BRH:0
end_of_record
TN:
SF:client/src/components/AboutBookSection.tsx
FN:6,AboutBookSection
FNF:1
FNH:0
FNDA:0,AboutBookSection
DA:1,0
DA:2,0
DA:3,0
DA:4,0
DA:6,0
DA:7,0
DA:8,0
DA:10,0
LF:8
LH:0
BRF:0
BRH:0
end_of_record
TN:
SF:client/src/components/BookPreviewCarousel.tsx
FN:24,BookPreviewCarousel
FN:36,(anonymous_2)
FNF:2
FNH:0
FNDA:0,BookPreviewCarousel
FNDA:0,(anonymous_2)
DA:1,0
DA:2,0
DA:3,0
DA:11,0
DA:24,0
DA:25,0
DA:37,0
LF:7
LH:0
BRF:0
BRH:0
end_of_record
TN:
SF:client/src/components/Footer.tsx
FN:5,Footer
FN:28,(anonymous_1)
FNF:2
FNH:0
FNDA:0,Footer
FNDA:0,(anonymous_1)
DA:1,0
DA:2,0
DA:3,0
DA:5,0
DA:6,0
DA:8,0
DA:29,0
LF:7
LH:0
BRF:0
BRH:0
end_of_record
TN:
SF:client/src/components/HeroSection.tsx
FN:6,HeroSection
FN:37,(anonymous_2)
FNF:2
FNH:0
FNDA:0,HeroSection
FNDA:0,(anonymous_2)
DA:1,0
DA:2,0
DA:3,0
DA:4,0
DA:6,0
DA:7,0
DA:8,0
DA:10,0
DA:37,0
LF:9
LH:0
BRF:0
BRH:0
end_of_record
TN:
SF:client/src/components/LanguageToggle.tsx
FN:9,LanguageToggle
FN:12,(anonymous_1)
FNF:2
FNH:2
FNDA:12,LanguageToggle
FNDA:5,(anonymous_1)
DA:1,1
DA:2,1
DA:3,1
DA:9,1
DA:10,12
DA:12,12
DA:13,5
DA:16,12
LF:8
LH:8
BRDA:13,0,0,3
BRDA:13,0,1,2
BRDA:23,1,0,8
BRDA:23,1,1,4
BRDA:25,2,0,8
BRDA:25,2,1,4
BRF:6
BRH:6
end_of_record
TN:
SF:client/src/components/Navigation.tsx
FN:9,Navigation
FN:15,(anonymous_2)
FN:16,(anonymous_3)
FN:18,(anonymous_4)
FN:22,(anonymous_5)
FN:48,(anonymous_6)
FN:59,(anonymous_7)
FN:62,(anonymous_8)
FN:90,(anonymous_9)
FN:109,(anonymous_10)
FN:112,(anonymous_11)
FNF:11
FNH:0
FNDA:0,Navigation
FNDA:0,(anonymous_2)
FNDA:0,(anonymous_3)
FNDA:0,(anonymous_4)
FNDA:0,(anonymous_5)
FNDA:0,(anonymous_6)
FNDA:0,(anonymous_7)
FNDA:0,(anonymous_8)
FNDA:0,(anonymous_9)
FNDA:0,(anonymous_10)
FNDA:0,(anonymous_11)
DA:1,0
DA:2,0
DA:3,0
DA:4,0
DA:5,0
DA:6,0
DA:7,0
DA:9,0
DA:10,0
DA:11,0
DA:12,0
DA:13,0
DA:15,0
DA:16,0
DA:17,0
DA:18,0
DA:21,0
DA:23,0
DA:24,0
DA:29,0
DA:33,0
DA:35,0
DA:49,0
DA:50,0
DA:60,0
DA:62,0
DA:90,0
DA:110,0
DA:112,0
LF:29
LH:0
BRDA:29,0,0,0
BRDA:29,0,1,0
BRDA:33,1,0,0
BRDA:33,1,1,0
BRDA:38,2,0,0
BRDA:38,2,1,0
BRDA:71,3,0,0
BRDA:71,3,1,0
BRDA:81,4,0,0
BRDA:81,4,1,0
BRDA:89,5,0,0
BRDA:89,5,1,0
BRDA:94,6,0,0
BRDA:94,6,1,0
BRDA:103,7,0,0
BRDA:103,7,1,0
BRF:16
BRH:0
end_of_record
TN:
SF:client/src/components/ui/accordion.tsx
FN:11,(anonymous_7)
FN:23,(anonymous_8)
FN:43,(anonymous_9)
FNF:3
FNH:0
FNDA:0,(anonymous_7)
FNDA:0,(anonymous_8)
FNDA:0,(anonymous_9)
DA:1,0
DA:2,0
DA:3,0
DA:4,0
DA:6,0
DA:8,0
DA:11,0
DA:18,0
DA:20,0
DA:23,0
DA:38,0
DA:40,0
DA:43,0
DA:53,0
DA:55,0
LF:15
LH:0
BRF:0
BRH:0
end_of_record
TN:
SF:client/src/components/ui/alert-dialog.tsx
FN:15,(anonymous_7)
FN:30,(anonymous_8)
FN:45,(anonymous_9)
FN:59,(anonymous_10)
FN:76,(anonymous_11)
FN:88,(anonymous_12)
FN:101,(anonymous_13)
FN:113,(anonymous_14)
FNF:8
FNH:0
FNDA:0,(anonymous_7)
FNDA:0,(anonymous_8)
FNDA:0,(anonymous_9)
FNDA:0,(anonymous_10)
FNDA:0,(anonymous_11)
FNDA:0,(anonymous_12)
FNDA:0,(anonymous_13)
FNDA:0,(anonymous_14)
DA:1,0
DA:2,0
DA:3,0
DA:4,0
DA:6,0
DA:8,0
DA:10,0
DA:12,0
DA:15,0
DA:25,0
DA:27,0
DA:30,0
DA:43,0
DA:45,0
DA:46,0
DA:47,0
DA:48,0
DA:57,0
DA:59,0
DA:60,0
DA:61,0
DA:62,0
DA:71,0
DA:73,0
DA:76,0
DA:83,0
DA:85,0
DA:88,0
DA:95,0
DA:98,0
DA:101,0
DA:108,0
DA:110,0
DA:113,0
DA:124,0
DA:127,0
DA:128,0
DA:129,0
DA:130,0
DA:131,0
DA:132,0
DA:133,0
DA:134,0
DA:135,0
DA:136,0
DA:137,0
LF:46
LH:0
BRF:0
BRH:0
end_of_record
TN:
SF:client/src/components/ui/alert.tsx
FN:24,(anonymous_7)
FN:37,(anonymous_8)
FN:49,(anonymous_9)
FNF:3
FNH:0
FNDA:0,(anonymous_7)
FNDA:0,(anonymous_8)
FNDA:0,(anonymous_9)
DA:1,0
DA:2,0
DA:3,0
DA:5,0
DA:21,0
DA:24,0
DA:32,0
DA:34,0
DA:37,0
DA:44,0
DA:46,0
DA:49,0
DA:56,0
DA:58,0
LF:14
LH:0
BRF:0
BRH:0
end_of_record
TN:
SF:client/src/components/ui/aspect-ratio.tsx
FNF:0
FNH:0
DA:1,0
DA:3,0
DA:5,0
LF:3
LH:0
BRF:0
BRH:0
end_of_record
TN:
SF:client/src/components/ui/avatar.tsx
FN:10,(anonymous_7)
FN:25,(anonymous_8)
FN:37,(anonymous_9)
FNF:3
FNH:0
FNDA:0,(anonymous_7)
FNDA:0,(anonymous_8)
FNDA:0,(anonymous_9)
DA:3,0
DA:4,0
DA:5,0
DA:7,0
DA:10,0
DA:20,0
DA:22,0
DA:25,0
DA:32,0
DA:34,0
DA:37,0
DA:47,0
DA:49,0
LF:13
LH:0
BRF:0
BRH:0
end_of_record
TN:
SF:client/src/components/ui/badge.tsx
FN:32,Badge
FNF:1
FNH:0
FNDA:0,Badge
DA:2,0
DA:3,0
DA:5,0
DA:32,0
DA:33,0
DA:38,0
LF:6
LH:0
BRF:0
BRH:0
end_of_record
TN:
SF:client/src/components/ui/breadcrumb.tsx
FN:11,(anonymous_7)
FN:17,(anonymous_8)
FN:32,(anonymous_9)
FN:46,(anonymous_10)
FN:62,(anonymous_11)
FN:74,(anonymous_12)
FN:90,(anonymous_13)
FNF:7
FNH:0
FNDA:0,(anonymous_7)
FNDA:0,(anonymous_8)
FNDA:0,(anonymous_9)
FNDA:0,(anonymous_10)
FNDA:0,(anonymous_11)
FNDA:0,(anonymous_12)
FNDA:0,(anonymous_13)
DA:1,0
DA:2,0
DA:3,0
DA:4,0
DA:6,0
DA:11,0
DA:12,0
DA:14,0
DA:17,0
DA:27,0
DA:29,0
DA:32,0
DA:39,0
DA:41,0
DA:46,0
DA:47,0
DA:49,0
DA:57,0
DA:59,0
DA:62,0
DA:72,0
DA:74,0
DA:76,0
DA:77,0
DA:78,0
DA:88,0
DA:90,0
DA:91,0
DA:92,0
DA:93,0
DA:104,0
DA:107,0
DA:108,0
DA:109,0
DA:110,0
DA:111,0
DA:112,0
DA:113,0
LF:38
LH:0
BRDA:47,0,0,0
BRDA:47,0,1,0
BRDA:85,1,0,0
BRDA:85,1,1,0
BRDA:85,2,0,0
BRDA:85,2,1,0
BRF:6
BRH:0
end_of_record
TN:
SF:client/src/components/ui/button.tsx
FN:50,(anonymous_7)
FNF:1
FNH:1
FNDA:12,(anonymous_7)
DA:1,1
DA:2,1
DA:3,1
DA:4,1
DA:6,1
DA:49,1
DA:50,12
DA:51,12
DA:52,12
DA:61,1
DA:63,1
LF:11
LH:11
BRDA:50,0,0,12
BRDA:51,1,0,0
BRDA:51,1,1,12
BRF:3
BRH:2
end_of_record
TN:
SF:client/src/components/ui/calendar.tsx
FN:9,Calendar
FN:54,(anonymous_2)
FN:57,(anonymous_3)
FNF:3
FNH:0
FNDA:0,Calendar
FNDA:0,(anonymous_2)
FNDA:0,(anonymous_3)
DA:2,0
DA:3,0
DA:4,0
DA:5,0
DA:12,0
DA:13,0
DA:15,0
DA:54,0
DA:57,0
DA:65,0
DA:67,0
LF:11
LH:0
BRDA:12,0,0,0
BRF:1
BRH:0
end_of_record
TN:
SF:client/src/components/ui/card.tsx
FN:7,(anonymous_7)
FN:22,(anonymous_8)
FN:34,(anonymous_9)
FN:49,(anonymous_10)
FN:61,(anonymous_11)
FN:69,(anonymous_12)
FNF:6
FNH:0
FNDA:0,(anonymous_7)
FNDA:0,(anonymous_8)
FNDA:0,(anonymous_9)
FNDA:0,(anonymous_10)
FNDA:0,(anonymous_11)
FNDA:0,(anonymous_12)
DA:1,0
DA:2,0
DA:4,0
DA:7,0
DA:17,0
DA:19,0
DA:22,0
DA:29,0
DA:31,0
DA:34,0
DA:44,0
DA:46,0
DA:49,0
DA:56,0
DA:58,0
DA:61,0
DA:64,0
DA:66,0
DA:69,0
DA:76,0
DA:78,0
DA:79,0
DA:80,0
DA:81,0
DA:82,0
DA:83,0
LF:26
LH:0
BRF:0
BRH:0
end_of_record
TN:
SF:client/src/components/ui/carousel.tsx
FN:32,useCarousel
FN:46,(anonymous_9)
FN:68,(anonymous_10)
FN:77,(anonymous_11)
FN:81,(anonymous_12)
FN:86,(anonymous_13)
FN:98,(anonymous_14)
FN:106,(anonymous_15)
FN:115,(anonymous_16)
FN:153,(anonymous_17)
FN:175,(anonymous_18)
FN:197,(anonymous_19)
FN:226,(anonymous_20)
FNF:13
FNH:0
FNDA:0,useCarousel
FNDA:0,(anonymous_9)
FNDA:0,(anonymous_10)
FNDA:0,(anonymous_11)
FNDA:0,(anonymous_12)
FNDA:0,(anonymous_13)
FNDA:0,(anonymous_14)
FNDA:0,(anonymous_15)
FNDA:0,(anonymous_16)
FNDA:0,(anonymous_17)
FNDA:0,(anonymous_18)
FNDA:0,(anonymous_19)
FNDA:0,(anonymous_20)
DA:1,0
DA:2,0
DA:5,0
DA:6,0
DA:7,0
DA:30,0
DA:33,0
DA:35,0
DA:36,0
DA:39,0
DA:42,0
DA:53,0
DA:54,0
DA:58,0
DA:65,0
DA:66,0
DA:68,0
DA:69,0
DA:70,0
DA:73,0
DA:74,0
DA:77,0
DA:78,0
DA:81,0
DA:82,0
DA:85,0
DA:87,0
DA:88,0
DA:89,0
DA:90,0
DA:91,0
DA:92,0
DA:98,0
DA:99,0
DA:100,0
DA:103,0
DA:106,0
DA:107,0
DA:108,0
DA:111,0
DA:112,0
DA:113,0
DA:115,0
DA:116,0
DA:120,0
DA:148,0
DA:150,0
DA:153,0
DA:154,0
DA:156,0
DA:170,0
DA:172,0
DA:175,0
DA:176,0
DA:178,0
DA:192,0
DA:194,0
DA:197,0
DA:198,0
DA:200,0
DA:221,0
DA:223,0
DA:226,0
DA:227,0
DA:229,0
DA:250,0
DA:254,0
DA:255,0
DA:256,0
DA:257,0
DA:258,0
LF:71
LH:0
BRDA:35,0,0,0
BRDA:35,0,1,0
BRDA:48,1,0,0
BRDA:61,2,0,0
BRDA:61,2,1,0
BRDA:69,3,0,0
BRDA:69,3,1,0
BRDA:78,4,0,0
BRDA:78,4,1,0
BRDA:78,5,0,0
BRDA:78,5,1,0
BRDA:82,6,0,0
BRDA:82,6,1,0
BRDA:82,7,0,0
BRDA:82,7,1,0
BRDA:87,8,0,0
BRDA:87,8,1,0
BRDA:90,9,0,0
BRDA:90,9,1,0
BRDA:99,10,0,0
BRDA:99,10,1,0
BRDA:99,11,0,0
BRDA:99,11,1,0
BRDA:107,12,0,0
BRDA:107,12,1,0
BRDA:116,13,0,0
BRDA:116,13,1,0
BRDA:116,14,0,0
BRDA:116,14,1,0
BRDA:127,15,0,0
BRDA:127,15,1,0
BRDA:127,16,0,0
BRDA:127,16,1,0
BRDA:127,17,0,0
BRDA:127,17,1,0
BRDA:127,18,0,0
BRDA:127,18,1,0
BRDA:162,19,0,0
BRDA:162,19,1,0
BRDA:185,20,0,0
BRDA:185,20,1,0
BRDA:197,21,0,0
BRDA:197,22,0,0
BRDA:207,23,0,0
BRDA:207,23,1,0
BRDA:226,24,0,0
BRDA:226,25,0,0
BRDA:236,26,0,0
BRDA:236,26,1,0
BRF:49
BRH:0
end_of_record
TN:
SF:client/src/components/ui/chart.tsx
FN:26,useChart
FN:44,(anonymous_8)
FN:69,(anonymous_9)
FN:71,(anonymous_10)
FN:83,(anonymous_11)
FN:86,(anonymous_12)
FN:115,(anonymous_13)
FN:135,(anonymous_14)
FN:187,(anonymous_15)
FN:268,(anonymous_16)
FN:287,(anonymous_17)
FN:319,getPayloadConfigFromPayload
FNF:12
FNH:0
FNDA:0,useChart
FNDA:0,(anonymous_8)
FNDA:0,(anonymous_9)
FNDA:0,(anonymous_10)
FNDA:0,(anonymous_11)
FNDA:0,(anonymous_12)
FNDA:0,(anonymous_13)
FNDA:0,(anonymous_14)
FNDA:0,(anonymous_15)
FNDA:0,(anonymous_16)
FNDA:0,(anonymous_17)
FNDA:0,getPayloadConfigFromPayload
DA:3,0
DA:4,0
DA:5,0
DA:8,0
DA:24,0
DA:27,0
DA:29,0
DA:30,0
DA:33,0
DA:36,0
DA:44,0
DA:45,0
DA:46,0
DA:48,0
DA:67,0
DA:69,0
DA:70,0
DA:71,0
DA:74,0
DA:75,0
DA:78,0
DA:83,0
DA:88,0
DA:90,0
DA:102,0
DA:104,0
DA:133,0
DA:135,0
DA:136,0
DA:137,0
DA:140,0
DA:141,0
DA:142,0
DA:144,0
DA:148,0
DA:149,0
DA:156,0
DA:157,0
DA:160,0
DA:171,0
DA:172,0
DA:175,0
DA:177,0
DA:188,0
DA:189,0
DA:190,0
DA:192,0
DA:256,0
DA:258,0
DA:260,0
DA:272,0
DA:274,0
DA:275,0
DA:278,0
DA:288,0
DA:289,0
DA:291,0
DA:316,0
DA:324,0
DA:325,0
DA:329,0
DA:335,0
DA:337,0
DA:341,0
DA:342,0
DA:347,0
DA:352,0
DA:358,0
DA:359,0
DA:360,0
DA:361,0
DA:362,0
DA:363,0
LF:73
LH:0
BRDA:29,0,0,0
BRDA:29,0,1,0
BRDA:46,1,0,0
BRDA:46,1,1,0
BRDA:71,2,0,0
BRDA:71,2,1,0
BRDA:74,3,0,0
BRDA:74,3,1,0
BRDA:88,4,0,0
BRDA:88,4,1,0
BRDA:88,5,0,0
BRDA:88,5,1,0
BRDA:88,6,0,0
BRDA:88,6,1,0
BRDA:90,7,0,0
BRDA:90,7,1,0
BRDA:120,8,0,0
BRDA:121,9,0,0
BRDA:122,10,0,0
BRDA:136,11,0,0
BRDA:136,11,1,0
BRDA:136,12,0,0
BRDA:136,12,1,0
BRDA:136,13,0,0
BRDA:136,13,1,0
BRDA:136,14,0,0
BRDA:136,14,1,0
BRDA:141,15,0,0
BRDA:141,15,1,0
BRDA:141,15,2,0
BRDA:141,15,3,0
BRDA:141,16,0,0
BRDA:141,16,1,0
BRDA:141,17,0,0
BRDA:141,17,1,0
BRDA:141,18,0,0
BRDA:141,18,1,0
BRDA:141,19,0,0
BRDA:141,19,1,0
BRDA:144,20,0,0
BRDA:144,20,1,0
BRDA:144,21,0,0
BRDA:144,21,1,0
BRDA:145,22,0,0
BRDA:145,22,1,0
BRDA:145,23,0,0
BRDA:145,23,1,0
BRDA:145,24,0,0
BRDA:145,24,1,0
BRDA:146,25,0,0
BRDA:146,25,1,0
BRDA:146,26,0,0
BRDA:146,26,1,0
BRDA:148,27,0,0
BRDA:148,27,1,0
BRDA:156,28,0,0
BRDA:156,28,1,0
BRDA:171,29,0,0
BRDA:171,29,1,0
BRDA:171,30,0,0
BRDA:171,30,1,0
BRDA:171,31,0,0
BRDA:171,31,1,0
BRDA:171,32,0,0
BRDA:171,32,1,0
BRDA:175,33,0,0
BRDA:175,33,1,0
BRDA:185,34,0,0
BRDA:185,34,1,0
BRDA:188,35,0,0
BRDA:188,35,1,0
BRDA:188,35,2,0
BRDA:188,35,3,0
BRDA:190,36,0,0
BRDA:190,36,1,0
BRDA:190,36,2,0
BRDA:197,37,0,0
BRDA:197,37,1,0
BRDA:200,38,0,0
BRDA:200,38,1,0
BRDA:200,39,0,0
BRDA:200,39,1,0
BRDA:200,39,2,0
BRDA:200,40,0,0
BRDA:200,40,1,0
BRDA:200,41,0,0
BRDA:200,41,1,0
BRDA:204,42,0,0
BRDA:204,42,1,0
BRDA:204,43,0,0
BRDA:204,43,1,0
BRDA:204,44,0,0
BRDA:204,44,1,0
BRDA:207,45,0,0
BRDA:207,45,1,0
BRDA:216,46,0,0
BRDA:216,46,1,0
BRDA:231,47,0,0
BRDA:231,47,1,0
BRDA:235,48,0,0
BRDA:235,48,1,0
BRDA:237,49,0,0
BRDA:237,49,1,0
BRDA:237,50,0,0
BRDA:237,50,1,0
BRDA:237,51,0,0
BRDA:237,51,1,0
BRDA:240,52,0,0
BRDA:240,52,1,0
BRDA:269,53,0,0
BRDA:269,54,0,0
BRDA:274,55,0,0
BRDA:274,55,1,0
BRDA:274,56,0,0
BRDA:274,56,1,0
BRDA:274,57,0,0
BRDA:274,57,1,0
BRDA:283,58,0,0
BRDA:283,58,1,0
BRDA:288,59,0,0
BRDA:288,59,1,0
BRDA:288,59,2,0
BRDA:298,60,0,0
BRDA:298,60,1,0
BRDA:298,61,0,0
BRDA:298,61,1,0
BRDA:298,62,0,0
BRDA:298,62,1,0
BRDA:298,63,0,0
BRDA:298,63,1,0
BRDA:308,64,0,0
BRDA:308,64,1,0
BRDA:308,65,0,0
BRDA:308,65,1,0
BRDA:324,66,0,0
BRDA:324,66,1,0
BRDA:324,67,0,0
BRDA:324,67,1,0
BRDA:329,68,0,0
BRDA:329,68,1,0
BRDA:329,69,0,0
BRDA:329,69,1,0
BRDA:329,69,2,0
BRDA:337,70,0,0
BRDA:337,70,1,0
BRDA:338,71,0,0
BRDA:338,71,1,0
BRDA:342,72,0,0
BRDA:342,72,1,0
BRDA:343,73,0,0
BRDA:343,73,1,0
BRDA:343,73,2,0
BRDA:352,74,0,0
BRDA:352,74,1,0
BRF:154
BRH:0
end_of_record
TN:
SF:client/src/components/ui/checkbox.tsx
FN:9,(anonymous_7)
FNF:1
FNH:0
FNDA:0,(anonymous_7)
DA:1,0
DA:2,0
DA:3,0
DA:4,0
DA:6,0
DA:9,0
DA:25,0
DA:27,0
LF:8
LH:0
BRF:0
BRH:0
end_of_record
TN:
SF:client/src/components/ui/collapsible.tsx
FNF:0
FNH:0
DA:3,0
DA:5,0
DA:7,0
DA:9,0
DA:11,0
LF:5
LH:0
BRF:0
BRH:0
end_of_record
TN:
SF:client/src/components/ui/command.tsx
FN:11,(anonymous_7)
FN:23,(anonymous_8)
FN:38,(anonymous_9)
FN:57,(anonymous_10)
FN:70,(anonymous_11)
FN:83,(anonymous_12)
FN:99,(anonymous_13)
FN:111,(anonymous_14)
FN:124,(anonymous_15)
FNF:9
FNH:0
FNDA:0,(anonymous_7)
FNDA:0,(anonymous_8)
FNDA:0,(anonymous_9)
FNDA:0,(anonymous_10)
FNDA:0,(anonymous_11)
FNDA:0,(anonymous_12)
FNDA:0,(anonymous_13)
FNDA:0,(anonymous_14)
FNDA:0,(anonymous_15)
DA:1,0
DA:3,0
DA:4,0
DA:5,0
DA:6,0
DA:8,0
DA:11,0
DA:21,0
DA:23,0
DA:24,0
DA:35,0
DA:38,0
DA:52,0
DA:54,0
DA:57,0
DA:65,0
DA:67,0
DA:71,0
DA:78,0
DA:80,0
DA:83,0
DA:94,0
DA:96,0
DA:99,0
DA:106,0
DA:108,0
DA:111,0
DA:122,0
DA:124,0
DA:125,0
DA:126,0
DA:128,0
DA:138,0
DA:141,0
DA:142,0
DA:143,0
DA:144,0
DA:145,0
DA:146,0
DA:147,0
DA:148,0
DA:149,0
LF:42
LH:0
BRF:0
BRH:0
end_of_record
TN:
SF:client/src/components/ui/context-menu.tsx
FN:23,(anonymous_7)
FN:42,(anonymous_8)
FN:57,(anonymous_9)
FN:76,(anonymous_10)
FN:92,(anonymous_11)
FN:116,(anonymous_12)
FN:140,(anonymous_13)
FN:156,(anonymous_14)
FN:165,(anonymous_15)
FNF:9
FNH:0
FNDA:0,(anonymous_7)
FNDA:0,(anonymous_8)
FNDA:0,(anonymous_9)
FNDA:0,(anonymous_10)
FNDA:0,(anonymous_11)
FNDA:0,(anonymous_12)
FNDA:0,(anonymous_13)
FNDA:0,(anonymous_14)
FNDA:0,(anonymous_15)
DA:1,0
DA:2,0
DA:3,0
DA:4,0
DA:6,0
DA:8,0
DA:10,0
DA:12,0
DA:14,0
DA:16,0
DA:18,0
DA:23,0
DA:37,0
DA:39,0
DA:42,0
DA:52,0
DA:54,0
DA:57,0
DA:69,0
DA:71,0
DA:76,0
DA:87,0
DA:89,0
DA:92,0
DA:110,0
DA:113,0
DA:116,0
DA:133,0
DA:135,0
DA:140,0
DA:151,0
DA:153,0
DA:156,0
DA:163,0
DA:165,0
DA:166,0
DA:167,0
DA:169,0
DA:179,0
DA:182,0
DA:183,0
DA:184,0
DA:185,0
DA:186,0
DA:187,0
DA:188,0
DA:189,0
DA:190,0
DA:191,0
DA:192,0
DA:193,0
DA:194,0
DA:195,0
DA:196,0
LF:54
LH:0
BRDA:28,0,0,0
BRDA:28,0,1,0
BRDA:81,1,0,0
BRDA:81,1,1,0
BRDA:145,2,0,0
BRDA:145,2,1,0
BRF:6
BRH:0
end_of_record
TN:
SF:client/src/components/ui/dialog.tsx
FN:19,(anonymous_7)
FN:34,(anonymous_8)
FN:55,(anonymous_9)
FN:69,(anonymous_10)
FN:86,(anonymous_11)
FN:101,(anonymous_12)
FNF:6
FNH:0
FNDA:0,(anonymous_7)
FNDA:0,(anonymous_8)
FNDA:0,(anonymous_9)
FNDA:0,(anonymous_10)
FNDA:0,(anonymous_11)
FNDA:0,(anonymous_12)
DA:3,0
DA:4,0
DA:5,0
DA:6,0
DA:8,0
DA:10,0
DA:12,0
DA:14,0
DA:16,0
DA:19,0
DA:29,0
DA:31,0
DA:34,0
DA:53,0
DA:55,0
DA:56,0
DA:57,0
DA:58,0
DA:67,0
DA:69,0
DA:70,0
DA:71,0
DA:72,0
DA:81,0
DA:83,0
DA:86,0
DA:96,0
DA:98,0
DA:101,0
DA:108,0
DA:111,0
DA:112,0
DA:113,0
DA:114,0
DA:115,0
DA:116,0
DA:117,0
DA:118,0
DA:119,0
DA:120,0
LF:40
LH:0
BRF:0
BRH:0
end_of_record
TN:
SF:client/src/components/ui/drawer.tsx
FN:7,(anonymous_7)
FN:27,(anonymous_8)
FN:39,(anonymous_9)
FN:57,(anonymous_10)
FN:68,(anonymous_11)
FN:82,(anonymous_12)
FN:97,(anonymous_13)
FNF:7
FNH:0
FNDA:0,(anonymous_7)
FNDA:0,(anonymous_8)
FNDA:0,(anonymous_9)
FNDA:0,(anonymous_10)
FNDA:0,(anonymous_11)
FNDA:0,(anonymous_12)
FNDA:0,(anonymous_13)
DA:3,0
DA:4,0
DA:5,0
DA:7,0
DA:8,0
DA:9,0
DA:10,0
DA:16,0
DA:18,0
DA:20,0
DA:22,0
DA:24,0
DA:27,0
DA:34,0
DA:36,0
DA:39,0
DA:55,0
DA:57,0
DA:58,0
DA:59,0
DA:60,0
DA:66,0
DA:68,0
DA:69,0
DA:70,0
DA:71,0
DA:77,0
DA:79,0
DA:82,0
DA:92,0
DA:94,0
DA:97,0
DA:104,0
DA:107,0
DA:108,0
DA:109,0
DA:110,0
DA:111,0
DA:112,0
DA:113,0
DA:114,0
DA:115,0
DA:116,0
LF:43
LH:0
BRDA:8,0,0,0
BRF:1
BRH:0
end_of_record
TN:
SF:client/src/components/ui/dropdown-menu.tsx
FN:23,(anonymous_7)
FN:43,(anonymous_8)
FN:59,(anonymous_9)
FN:79,(anonymous_10)
FN:95,(anonymous_11)
FN:119,(anonymous_12)
FN:143,(anonymous_13)
FN:159,(anonymous_14)
FN:168,(anonymous_15)
FNF:9
FNH:0
FNDA:0,(anonymous_7)
FNDA:0,(anonymous_8)
FNDA:0,(anonymous_9)
FNDA:0,(anonymous_10)
FNDA:0,(anonymous_11)
FNDA:0,(anonymous_12)
FNDA:0,(anonymous_13)
FNDA:0,(anonymous_14)
FNDA:0,(anonymous_15)
DA:1,0
DA:2,0
DA:3,0
DA:4,0
DA:6,0
DA:8,0
DA:10,0
DA:12,0
DA:14,0
DA:16,0
DA:18,0
DA:23,0
DA:37,0
DA:40,0
DA:43,0
DA:53,0
DA:56,0
DA:59,0
DA:72,0
DA:74,0
DA:79,0
DA:90,0
DA:92,0
DA:95,0
DA:113,0
DA:116,0
DA:119,0
DA:136,0
DA:138,0
DA:143,0
DA:154,0
DA:156,0
DA:159,0
DA:166,0
DA:168,0
DA:169,0
DA:170,0
DA:172,0
DA:179,0
DA:182,0
DA:183,0
DA:184,0
DA:185,0
DA:186,0
DA:187,0
DA:188,0
DA:189,0
DA:190,0
DA:191,0
DA:192,0
DA:193,0
DA:194,0
DA:195,0
DA:196,0
LF:54
LH:0
BRDA:28,0,0,0
BRDA:28,0,1,0
BRDA:59,1,0,0
BRDA:84,2,0,0
BRDA:84,2,1,0
BRDA:148,3,0,0
BRDA:148,3,1,0
BRF:7
BRH:0
end_of_record
TN:
SF:client/src/components/ui/form.tsx
FN:30,(anonymous_7)
FN:43,(anonymous_8)
FN:77,(anonymous_9)
FN:91,(anonymous_10)
FN:108,(anonymous_11)
FN:131,(anonymous_12)
FN:148,(anonymous_13)
FNF:7
FNH:0
FNDA:0,(anonymous_7)
FNDA:0,(anonymous_8)
FNDA:0,(anonymous_9)
FNDA:0,(anonymous_10)
FNDA:0,(anonymous_11)
FNDA:0,(anonymous_12)
FNDA:0,(anonymous_13)
DA:3,0
DA:5,0
DA:6,0
DA:14,0
DA:15,0
DA:17,0
DA:26,0
DA:30,0
DA:34,0
DA:36,0
DA:43,0
DA:44,0
DA:45,0
DA:46,0
DA:48,0
DA:50,0
DA:51,0
DA:54,0
DA:56,0
DA:70,0
DA:74,0
DA:77,0
DA:78,0
DA:80,0
DA:86,0
DA:88,0
DA:91,0
DA:92,0
DA:94,0
DA:103,0
DA:105,0
DA:108,0
DA:110,0
DA:112,0
DA:126,0
DA:128,0
DA:131,0
DA:132,0
DA:134,0
DA:143,0
DA:145,0
DA:148,0
DA:149,0
DA:150,0
DA:152,0
DA:153,0
DA:156,0
DA:167,0
DA:170,0
DA:171,0
DA:172,0
DA:173,0
DA:174,0
DA:175,0
DA:176,0
DA:177,0
LF:56
LH:0
BRDA:50,0,0,0
BRDA:50,0,1,0
BRDA:97,1,0,0
BRDA:97,1,1,0
BRDA:117,2,0,0
BRDA:117,2,1,0
BRDA:150,3,0,0
BRDA:150,3,1,0
BRDA:150,4,0,0
BRDA:150,4,1,0
BRDA:150,5,0,0
BRDA:150,5,1,0
BRDA:150,6,0,0
BRDA:150,6,1,0
BRDA:150,7,0,0
BRDA:150,7,1,0
BRDA:152,8,0,0
BRDA:152,8,1,0
BRF:18
BRH:0
end_of_record
TN:
SF:client/src/components/ui/hover-card.tsx
FN:14,(anonymous_7)
FNF:1
FNH:0
FNDA:0,(anonymous_7)
DA:3,0
DA:4,0
DA:5,0
DA:7,0
DA:9,0
DA:11,0
DA:14,0
DA:26,0
DA:28,0
LF:9
LH:0
BRDA:14,0,0,0
BRDA:14,1,0,0
BRF:2
BRH:0
end_of_record
TN:
SF:client/src/components/ui/input-otp.tsx
FN:9,(anonymous_7)
FN:25,(anonymous_8)
FN:33,(anonymous_9)
FN:61,(anonymous_10)
FNF:4
FNH:0
FNDA:0,(anonymous_7)
FNDA:0,(anonymous_8)
FNDA:0,(anonymous_9)
FNDA:0,(anonymous_10)
DA:1,0
DA:2,0
DA:3,0
DA:4,0
DA:6,0
DA:9,0
DA:20,0
DA:22,0
DA:25,0
DA:28,0
DA:30,0
DA:33,0
DA:34,0
DA:35,0
DA:37,0
DA:56,0
DA:58,0
DA:61,0
DA:66,0
DA:68,0
LF:20
LH:0
BRDA:42,0,0,0
BRDA:42,0,1,0
BRDA:48,1,0,0
BRDA:48,1,1,0
BRF:4
BRH:0
end_of_record
TN:
SF:client/src/components/ui/input.tsx
FN:5,(anonymous_7)
FNF:1
FNH:0
FNDA:0,(anonymous_7)
DA:1,0
DA:2,0
DA:4,0
DA:5,0
DA:7,0
DA:20,0
DA:22,0
LF:7
LH:0
BRF:0
BRH:0
end_of_record
TN:
SF:client/src/components/ui/label.tsx
FN:14,(anonymous_7)
FNF:1
FNH:0
FNDA:0,(anonymous_7)
DA:1,0
DA:2,0
DA:3,0
DA:4,0
DA:6,0
DA:10,0
DA:14,0
DA:21,0
DA:23,0
LF:9
LH:0
BRF:0
BRH:0
end_of_record
TN:
SF:client/src/components/ui/menubar.tsx
FN:8,MenubarMenu
FN:14,MenubarGroup
FN:20,MenubarPortal
FN:26,MenubarRadioGroup
FN:32,MenubarSub
FN:41,(anonymous_12)
FN:56,(anonymous_13)
FN:73,(anonymous_14)
FN:92,(anonymous_15)
FN:108,(anonymous_16)
FN:134,(anonymous_17)
FN:150,(anonymous_18)
FN:173,(anonymous_19)
FN:197,(anonymous_20)
FN:213,(anonymous_21)
FN:222,(anonymous_22)
FNF:16
FNH:0
FNDA:0,MenubarMenu
FNDA:0,MenubarGroup
FNDA:0,MenubarPortal
FNDA:0,MenubarRadioGroup
FNDA:0,MenubarSub
FNDA:0,(anonymous_12)
FNDA:0,(anonymous_13)
FNDA:0,(anonymous_14)
FNDA:0,(anonymous_15)
FNDA:0,(anonymous_16)
FNDA:0,(anonymous_17)
FNDA:0,(anonymous_18)
FNDA:0,(anonymous_19)
FNDA:0,(anonymous_20)
FNDA:0,(anonymous_21)
FNDA:0,(anonymous_22)
DA:3,0
DA:4,0
DA:5,0
DA:6,0
DA:9,0
DA:11,0
DA:15,0
DA:17,0
DA:21,0
DA:23,0
DA:27,0
DA:29,0
DA:33,0
DA:35,0
DA:38,0
DA:41,0
DA:51,0
DA:53,0
DA:56,0
DA:66,0
DA:68,0
DA:73,0
DA:87,0
DA:89,0
DA:92,0
DA:102,0
DA:104,0
DA:109,0
DA:111,0
DA:127,0
DA:129,0
DA:134,0
DA:145,0
DA:147,0
DA:150,0
DA:168,0
DA:170,0
DA:173,0
DA:190,0
DA:192,0
DA:197,0
DA:208,0
DA:210,0
DA:213,0
DA:220,0
DA:222,0
DA:223,0
DA:224,0
DA:226,0
DA:236,0
DA:239,0
DA:240,0
DA:241,0
DA:242,0
DA:243,0
DA:244,0
DA:245,0
DA:246,0
DA:247,0
DA:248,0
DA:249,0
DA:250,0
DA:251,0
DA:252,0
DA:253,0
DA:254,0
LF:66
LH:0
BRDA:78,0,0,0
BRDA:78,0,1,0
BRDA:109,1,0,0
BRDA:109,2,0,0
BRDA:109,3,0,0
BRDA:139,4,0,0
BRDA:139,4,1,0
BRDA:202,5,0,0
BRDA:202,5,1,0
BRF:9
BRH:0
end_of_record
TN:
SF:client/src/components/ui/navigation-menu.tsx
FN:10,(anonymous_7)
FN:28,(anonymous_8)
FN:49,(anonymous_9)
FN:67,(anonymous_10)
FN:84,(anonymous_11)
FN:102,(anonymous_12)
FNF:6
FNH:0
FNDA:0,(anonymous_7)
FNDA:0,(anonymous_8)
FNDA:0,(anonymous_9)
FNDA:0,(anonymous_10)
FNDA:0,(anonymous_11)
FNDA:0,(anonymous_12)
DA:1,0
DA:2,0
DA:3,0
DA:4,0
DA:5,0
DA:7,0
DA:10,0
DA:23,0
DA:25,0
DA:28,0
DA:38,0
DA:40,0
DA:42,0
DA:46,0
DA:49,0
DA:62,0
DA:64,0
DA:67,0
DA:77,0
DA:79,0
DA:81,0
DA:84,0
DA:96,0
DA:99,0
DA:102,0
DA:114,0
DA:118,0
DA:119,0
DA:120,0
DA:121,0
DA:122,0
DA:123,0
DA:124,0
DA:125,0
DA:126,0
LF:35
LH:0
BRF:0
BRH:0
end_of_record
TN:
SF:client/src/components/ui/pagination.tsx
FN:6,(anonymous_7)
FN:19,(anonymous_8)
FN:31,(anonymous_9)
FN:41,(anonymous_10)
FN:61,(anonymous_11)
FN:77,(anonymous_12)
FN:93,(anonymous_13)
FNF:7
FNH:0
FNDA:0,(anonymous_7)
FNDA:0,(anonymous_8)
FNDA:0,(anonymous_9)
FNDA:0,(anonymous_10)
FNDA:0,(anonymous_11)
FNDA:0,(anonymous_12)
FNDA:0,(anonymous_13)
DA:1,0
DA:2,0
DA:3,0
DA:4,0
DA:6,0
DA:14,0
DA:16,0
DA:19,0
DA:26,0
DA:28,0
DA:31,0
DA:34,0
DA:41,0
DA:44,0
DA:45,0
DA:46,0
DA:59,0
DA:61,0
DA:62,0
DA:63,0
DA:64,0
DA:75,0
DA:77,0
DA:78,0
DA:79,0
DA:80,0
DA:91,0
DA:93,0
DA:94,0
DA:95,0
DA:96,0
DA:106,0
DA:109,0
DA:110,0
DA:111,0
DA:112,0
DA:113,0
DA:114,0
DA:115,0
LF:39
LH:0
BRDA:44,0,0,0
BRDA:48,1,0,0
BRDA:48,1,1,0
BRDA:51,2,0,0
BRDA:51,2,1,0
BRF:5
BRH:0
end_of_record
TN:
SF:client/src/components/ui/popover.tsx
FN:12,(anonymous_7)
FNF:1
FNH:0
FNDA:0,(anonymous_7)
DA:1,0
DA:2,0
DA:3,0
DA:5,0
DA:7,0
DA:9,0
DA:12,0
DA:26,0
DA:28,0
LF:9
LH:0
BRDA:12,0,0,0
BRDA:12,1,0,0
BRF:2
BRH:0
end_of_record
TN:
SF:client/src/components/ui/progress.tsx
FN:10,(anonymous_7)
FNF:1
FNH:0
FNDA:0,(anonymous_7)
DA:3,0
DA:4,0
DA:5,0
DA:7,0
DA:10,0
DA:25,0
DA:27,0
LF:7
LH:0
BRDA:21,0,0,0
BRDA:21,0,1,0
BRF:2
BRH:0
end_of_record
TN:
SF:client/src/components/ui/radio-group.tsx
FN:9,(anonymous_7)
FN:23,(anonymous_8)
FNF:2
FNH:0
FNDA:0,(anonymous_7)
FNDA:0,(anonymous_8)
DA:1,0
DA:2,0
DA:3,0
DA:4,0
DA:6,0
DA:9,0
DA:10,0
DA:18,0
DA:20,0
DA:23,0
DA:24,0
DA:39,0
DA:41,0
LF:13
LH:0
BRF:0
BRH:0
end_of_record
TN:
SF:client/src/components/ui/resizable.tsx
FN:7,(anonymous_7)
FN:22,(anonymous_8)
FNF:2
FNH:0
FNDA:0,(anonymous_7)
FNDA:0,(anonymous_8)
DA:3,0
DA:4,0
DA:5,0
DA:7,0
DA:8,0
DA:9,0
DA:10,0
DA:20,0
DA:22,0
DA:24,0
DA:25,0
DA:28,0
DA:44,0
LF:13
LH:0
BRDA:36,0,0,0
BRDA:36,0,1,0
BRF:2
BRH:0
end_of_record
TN:
SF:client/src/components/ui/scroll-area.tsx
FN:8,(anonymous_7)
FN:26,(anonymous_8)
FNF:2
FNH:0
FNDA:0,(anonymous_7)
FNDA:0,(anonymous_8)
DA:1,0
DA:2,0
DA:3,0
DA:5,0
DA:8,0
DA:21,0
DA:23,0
DA:26,0
DA:43,0
DA:45,0
LF:10
LH:0
BRDA:26,0,0,0
BRDA:32,1,0,0
BRDA:32,1,1,0
BRDA:34,2,0,0
BRDA:34,2,1,0
BRF:5
BRH:0
end_of_record
TN:
SF:client/src/components/ui/section.tsx
FN:17,Section
FN:53,SectionHeading
FNF:2
FNH:0
FNDA:0,Section
FNDA:0,SectionHeading
DA:1,0
DA:17,0
DA:26,0
DA:53,0
DA:59,0
LF:5
LH:0
BRDA:21,0,0,0
BRDA:22,1,0,0
BRDA:23,2,0,0
BRDA:36,3,0,0
BRDA:36,3,1,0
BRDA:56,4,0,0
BRF:6
BRH:0
end_of_record
TN:
SF:client/src/components/ui/select.tsx
FN:17,(anonymous_7)
FN:37,(anonymous_8)
FN:54,(anonymous_9)
FN:72,(anonymous_10)
FN:104,(anonymous_11)
FN:116,(anonymous_12)
FN:139,(anonymous_13)
FNF:7
FNH:0
FNDA:0,(anonymous_7)
FNDA:0,(anonymous_8)
FNDA:0,(anonymous_9)
FNDA:0,(anonymous_10)
FNDA:0,(anonymous_11)
FNDA:0,(anonymous_12)
FNDA:0,(anonymous_13)
DA:3,0
DA:4,0
DA:5,0
DA:6,0
DA:8,0
DA:10,0
DA:12,0
DA:14,0
DA:17,0
DA:32,0
DA:34,0
DA:37,0
DA:49,0
DA:51,0
DA:54,0
DA:66,0
DA:69,0
DA:72,0
DA:99,0
DA:101,0
DA:104,0
DA:111,0
DA:113,0
DA:116,0
DA:134,0
DA:136,0
DA:139,0
DA:146,0
DA:149,0
DA:150,0
DA:151,0
DA:152,0
DA:153,0
DA:154,0
DA:155,0
DA:156,0
DA:157,0
DA:158,0
LF:38
LH:0
BRDA:72,0,0,0
BRDA:78,1,0,0
BRDA:78,1,1,0
BRDA:89,2,0,0
BRDA:89,2,1,0
BRF:5
BRH:0
end_of_record
TN:
SF:client/src/components/ui/separator.tsx
FN:9,(anonymous_7)
FNF:1
FNH:0
FNDA:0,(anonymous_7)
DA:1,0
DA:2,0
DA:3,0
DA:5,0
DA:10,0
DA:12,0
DA:26,0
DA:28,0
LF:8
LH:0
BRDA:10,0,0,0
BRDA:10,1,0,0
BRDA:19,2,0,0
BRDA:19,2,1,0
BRF:4
BRH:0
end_of_record
TN:
SF:client/src/components/ui/sheet.tsx
FN:20,(anonymous_7)
FN:59,(anonymous_8)
FN:77,(anonymous_9)
FN:91,(anonymous_10)
FN:108,(anonymous_11)
FN:120,(anonymous_12)
FNF:6
FNH:0
FNDA:0,(anonymous_7)
FNDA:0,(anonymous_8)
FNDA:0,(anonymous_9)
FNDA:0,(anonymous_10)
FNDA:0,(anonymous_11)
FNDA:0,(anonymous_12)
DA:3,0
DA:4,0
DA:5,0
DA:6,0
DA:7,0
DA:9,0
DA:11,0
DA:13,0
DA:15,0
DA:17,0
DA:20,0
DA:30,0
DA:32,0
DA:56,0
DA:59,0
DA:75,0
DA:77,0
DA:78,0
DA:79,0
DA:80,0
DA:89,0
DA:91,0
DA:92,0
DA:93,0
DA:94,0
DA:103,0
DA:105,0
DA:108,0
DA:115,0
DA:117,0
DA:120,0
DA:127,0
DA:130,0
DA:131,0
DA:132,0
DA:133,0
DA:134,0
DA:135,0
DA:136,0
DA:137,0
DA:138,0
DA:139,0
LF:42
LH:0
BRDA:59,0,0,0
BRF:1
BRH:0
end_of_record
TN:
SF:client/src/components/ui/sidebar.tsx
FN:46,useSidebar
FN:55,SidebarProvider
FN:76,(anonymous_9)
FN:91,(anonymous_10)
FN:92,(anonymous_11)
FN:92,(anonymous_12)
FN:96,(anonymous_13)
FN:97,(anonymous_14)
FN:108,(anonymous_15)
FN:116,(anonymous_16)
FN:153,Sidebar
FN:255,SidebarTrigger
FN:269,(anonymous_19)
FN:281,SidebarRail
FN:307,SidebarInset
FN:321,SidebarInput
FN:335,SidebarHeader
FN:346,SidebarFooter
FN:357,SidebarSeparator
FN:371,SidebarContent
FN:385,SidebarGroup
FN:396,SidebarGroupLabel
FN:417,SidebarGroupAction
FN:440,SidebarGroupContent
FN:454,SidebarMenu
FN:465,SidebarMenuItem
FN:498,SidebarMenuButton
FN:548,SidebarMenuAction
FN:580,SidebarMenuBadge
FN:602,SidebarMenuSkeleton
FN:610,(anonymous_37)
FN:640,SidebarMenuSub
FN:655,SidebarMenuSubItem
FN:669,SidebarMenuSubButton
FNF:34
FNH:0
FNDA:0,useSidebar
FNDA:0,SidebarProvider
FNDA:0,(anonymous_9)
FNDA:0,(anonymous_10)
FNDA:0,(anonymous_11)
FNDA:0,(anonymous_12)
FNDA:0,(anonymous_13)
FNDA:0,(anonymous_14)
FNDA:0,(anonymous_15)
FNDA:0,(anonymous_16)
FNDA:0,Sidebar
FNDA:0,SidebarTrigger
FNDA:0,(anonymous_19)
FNDA:0,SidebarRail
FNDA:0,SidebarInset
FNDA:0,SidebarInput
FNDA:0,SidebarHeader
FNDA:0,SidebarFooter
FNDA:0,SidebarSeparator
FNDA:0,SidebarContent
FNDA:0,SidebarGroup
FNDA:0,SidebarGroupLabel
FNDA:0,SidebarGroupAction
FNDA:0,SidebarGroupContent
FNDA:0,SidebarMenu
FNDA:0,SidebarMenuItem
FNDA:0,SidebarMenuButton
FNDA:0,SidebarMenuAction
FNDA:0,SidebarMenuBadge
FNDA:0,SidebarMenuSkeleton
FNDA:0,(anonymous_37)
FNDA:0,SidebarMenuSub
FNDA:0,SidebarMenuSubItem
FNDA:0,SidebarMenuSubButton
DA:3,0
DA:4,0
DA:5,0
DA:6,0
DA:7,0
DA:8,0
DA:9,0
DA:10,0
DA:11,0
DA:12,0
DA:19,0
DA:20,0
DA:27,0
DA:28,0
DA:29,0
DA:30,0
DA:31,0
DA:32,0
DA:44,0
DA:47,0
DA:48,0
DA:49,0
DA:52,0
DA:61,0
DA:62,0
DA:68,0
DA:69,0
DA:73,0
DA:74,0
DA:75,0
DA:77,0
DA:78,0
DA:79,0
DA:81,0
DA:85,0
DA:91,0
DA:92,0
DA:96,0
DA:97,0
DA:98,0
DA:102,0
DA:103,0
DA:107,0
DA:108,0
DA:113,0
DA:115,0
DA:116,0
DA:128,0
DA:158,0
DA:159,0
DA:165,0
DA:167,0
DA:168,0
DA:182,0
DA:183,0
DA:207,0
DA:257,0
DA:258,0
DA:260,0
DA:262,0
DA:270,0
DA:271,0
DA:281,0
DA:282,0
DA:285,0
DA:307,0
DA:308,0
DA:322,0
DA:323,0
DA:325,0
DA:335,0
DA:336,0
DA:346,0
DA:347,0
DA:358,0
DA:359,0
DA:361,0
DA:371,0
DA:372,0
DA:385,0
DA:386,0
DA:398,0
DA:399,0
DA:401,0
DA:403,0
DA:419,0
DA:420,0
DA:422,0
DA:424,0
DA:441,0
DA:442,0
DA:444,0
DA:454,0
DA:455,0
DA:465,0
DA:466,0
DA:476,0
DA:504,0
DA:505,0
DA:511,0
DA:512,0
DA:515,0
DA:525,0
DA:526,0
DA:529,0
DA:530,0
DA:535,0
DA:551,0
DA:552,0
DA:557,0
DA:559,0
DA:581,0
DA:582,0
DA:584,0
DA:604,0
DA:605,0
DA:610,0
DA:611,0
DA:614,0
DA:640,0
DA:641,0
DA:656,0
DA:657,0
DA:659,0
DA:673,0
DA:674,0
DA:680,0
DA:682,0
DA:702,0
DA:703,0
DA:704,0
DA:705,0
DA:706,0
DA:707,0
DA:708,0
DA:709,0
DA:710,0
DA:711,0
DA:712,0
DA:713,0
DA:714,0
DA:715,0
DA:716,0
DA:717,0
DA:718,0
DA:719,0
DA:720,0
DA:721,0
DA:722,0
DA:723,0
DA:724,0
DA:725,0
LF:152
LH:0
BRDA:48,0,0,0
BRDA:48,0,1,0
BRDA:56,1,0,0
BRDA:74,2,0,0
BRDA:74,2,1,0
BRDA:74,3,0,0
BRDA:74,3,1,0
BRDA:77,4,0,0
BRDA:77,4,1,0
BRDA:78,5,0,0
BRDA:78,5,1,0
BRDA:92,6,0,0
BRDA:92,6,1,0
BRDA:98,7,0,0
BRDA:98,7,1,0
BRDA:99,8,0,0
BRDA:99,8,1,0
BRDA:99,8,2,0
BRDA:113,9,0,0
BRDA:113,9,1,0
BRDA:154,10,0,0
BRDA:155,11,0,0
BRDA:156,12,0,0
BRDA:167,13,0,0
BRDA:167,13,1,0
BRDA:182,14,0,0
BRDA:182,14,1,0
BRDA:211,15,0,0
BRDA:211,15,1,0
BRDA:223,16,0,0
BRDA:223,16,1,0
BRDA:223,17,0,0
BRDA:223,17,1,0
BRDA:232,18,0,0
BRDA:232,18,1,0
BRDA:236,19,0,0
BRDA:236,19,1,0
BRDA:236,20,0,0
BRDA:236,20,1,0
BRDA:270,21,0,0
BRDA:270,21,1,0
BRDA:270,22,0,0
BRDA:270,22,1,0
BRDA:398,23,0,0
BRDA:401,24,0,0
BRDA:401,24,1,0
BRDA:419,25,0,0
BRDA:422,26,0,0
BRDA:422,26,1,0
BRDA:499,27,0,0
BRDA:500,28,0,0
BRDA:501,29,0,0
BRDA:502,30,0,0
BRDA:511,31,0,0
BRDA:511,31,1,0
BRDA:525,32,0,0
BRDA:525,32,1,0
BRDA:529,33,0,0
BRDA:529,33,1,0
BRDA:541,34,0,0
BRDA:541,34,1,0
BRDA:550,35,0,0
BRDA:551,36,0,0
BRDA:557,37,0,0
BRDA:557,37,1,0
BRDA:571,38,0,0
BRDA:571,38,1,0
BRDA:604,39,0,0
BRDA:621,40,0,0
BRDA:621,40,1,0
BRDA:670,41,0,0
BRDA:671,42,0,0
BRDA:672,43,0,0
BRDA:680,44,0,0
BRDA:680,44,1,0
BRDA:691,45,0,0
BRDA:691,45,1,0
BRDA:692,46,0,0
BRDA:692,46,1,0
BRF:79
BRH:0
end_of_record
TN:
SF:client/src/components/ui/skeleton.tsx
FN:3,Skeleton
FNF:1
FNH:0
FNDA:0,Skeleton
DA:1,0
DA:4,0
DA:5,0
DA:7,0
DA:15,0
LF:5
LH:0
BRF:0
BRH:0
end_of_record
TN:
SF:client/src/components/ui/slider.tsx
FN:8,(anonymous_7)
FNF:1
FNH:0
FNDA:0,(anonymous_7)
DA:1,0
DA:2,0
DA:3,0
DA:5,0
DA:8,0
DA:23,0
DA:25,0
LF:7
LH:0
BRF:0
BRH:0
end_of_record
TN:
SF:client/src/components/ui/switch.tsx
FN:8,(anonymous_7)
FNF:1
FNH:0
FNDA:0,(anonymous_7)
DA:1,0
DA:2,0
DA:3,0
DA:5,0
DA:8,0
DA:24,0
DA:26,0
LF:7
LH:0
BRF:0
BRH:0
end_of_record
TN:
SF:client/src/components/ui/table.tsx
FN:7,(anonymous_7)
FN:21,(anonymous_8)
FN:29,(anonymous_9)
FN:41,(anonymous_10)
FN:56,(anonymous_11)
FN:71,(anonymous_12)
FN:86,(anonymous_13)
FN:98,(anonymous_14)
FNF:8
FNH:0
FNDA:0,(anonymous_7)
FNDA:0,(anonymous_8)
FNDA:0,(anonymous_9)
FNDA:0,(anonymous_10)
FNDA:0,(anonymous_11)
FNDA:0,(anonymous_12)
FNDA:0,(anonymous_13)
FNDA:0,(anonymous_14)
DA:1,0
DA:2,0
DA:4,0
DA:7,0
DA:16,0
DA:18,0
DA:21,0
DA:24,0
DA:26,0
DA:29,0
DA:36,0
DA:38,0
DA:41,0
DA:51,0
DA:53,0
DA:56,0
DA:66,0
DA:68,0
DA:71,0
DA:81,0
DA:83,0
DA:86,0
DA:93,0
DA:95,0
DA:98,0
DA:105,0
DA:108,0
DA:109,0
DA:110,0
DA:111,0
DA:112,0
DA:113,0
DA:114,0
DA:115,0
LF:34
LH:0
BRF:0
BRH:0
end_of_record
TN:
SF:client/src/components/ui/tabs.tsx
FN:10,(anonymous_7)
FN:25,(anonymous_8)
FN:40,(anonymous_9)
FNF:3
FNH:0
FNDA:0,(anonymous_7)
FNDA:0,(anonymous_8)
FNDA:0,(anonymous_9)
DA:1,0
DA:2,0
DA:3,0
DA:5,0
DA:7,0
DA:10,0
DA:20,0
DA:22,0
DA:25,0
DA:35,0
DA:37,0
DA:40,0
DA:50,0
DA:52,0
LF:14
LH:0
BRF:0
BRH:0
end_of_record
TN:
SF:client/src/components/ui/textarea.tsx
FN:7,(anonymous_7)
FNF:1
FNH:0
FNDA:0,(anonymous_7)
DA:1,0
DA:2,0
DA:4,0
DA:7,0
DA:8,0
DA:19,0
DA:21,0
LF:7
LH:0
BRF:0
BRH:0
end_of_record
TN:
SF:client/src/components/ui/toast.tsx
FN:12,(anonymous_7)
FN:44,(anonymous_8)
FN:58,(anonymous_9)
FN:73,(anonymous_10)
FN:91,(anonymous_11)
FN:103,(anonymous_12)
FNF:6
FNH:0
FNDA:0,(anonymous_7)
FNDA:0,(anonymous_8)
FNDA:0,(anonymous_9)
FNDA:0,(anonymous_10)
FNDA:0,(anonymous_11)
FNDA:0,(anonymous_12)
DA:1,0
DA:2,0
DA:3,0
DA:4,0
DA:5,0
DA:7,0
DA:9,0
DA:12,0
DA:22,0
DA:24,0
DA:40,0
DA:44,0
DA:45,0
DA:53,0
DA:55,0
DA:58,0
DA:68,0
DA:70,0
DA:73,0
DA:86,0
DA:88,0
DA:91,0
DA:98,0
DA:100,0
DA:103,0
DA:110,0
DA:119,0
DA:120,0
DA:121,0
DA:122,0
DA:123,0
DA:124,0
DA:125,0
LF:33
LH:0
BRF:0
BRH:0
end_of_record
TN:
SF:client/src/components/ui/toaster.tsx
FN:11,Toaster
FN:16,(anonymous_2)
FNF:2
FNH:0
FNDA:0,Toaster
FNDA:0,(anonymous_2)
DA:1,0
DA:2,0
DA:11,0
DA:12,0
DA:14,0
DA:16,0
DA:17,0
LF:7
LH:0
BRDA:20,0,0,0
BRDA:20,0,1,0
BRDA:21,1,0,0
BRDA:21,1,1,0
BRF:4
BRH:0
end_of_record
TN:
SF:client/src/components/ui/toggle-group.tsx
FN:20,(anonymous_7)
FN:38,(anonymous_8)
FNF:2
FNH:0
FNDA:0,(anonymous_7)
FNDA:0,(anonymous_8)
DA:3,0
DA:4,0
DA:6,0
DA:7,0
DA:9,0
DA:16,0
DA:20,0
DA:32,0
DA:34,0
DA:38,0
DA:39,0
DA:41,0
DA:58,0
DA:60,0
LF:14
LH:0
BRDA:46,0,0,0
BRDA:46,0,1,0
BRDA:47,1,0,0
BRDA:47,1,1,0
BRF:4
BRH:0
end_of_record
TN:
SF:client/src/components/ui/toggle.tsx
FN:32,(anonymous_7)
FNF:1
FNH:0
FNDA:0,(anonymous_7)
DA:1,0
DA:2,0
DA:3,0
DA:4,0
DA:6,0
DA:28,0
DA:32,0
DA:40,0
DA:42,0
LF:9
LH:0
BRF:0
BRH:0
end_of_record
TN:
SF:client/src/components/ui/tooltip.tsx
FN:16,(anonymous_7)
FNF:1
FNH:0
FNDA:0,(anonymous_7)
DA:3,0
DA:4,0
DA:5,0
DA:7,0
DA:9,0
DA:11,0
DA:13,0
DA:16,0
DA:27,0
DA:29,0
LF:10
LH:0
BRDA:16,0,0,0
BRF:1
BRH:0
end_of_record
TN:
SF:client/src/hooks/use-mobile.tsx
FN:5,useIsMobile
FN:10,(anonymous_7)
FN:12,(anonymous_8)
FN:17,(anonymous_9)
FNF:4
FNH:4
FNDA:13,useIsMobile
FNDA:6,(anonymous_7)
FNDA:1,(anonymous_8)
FNDA:6,(anonymous_9)
DA:1,1
DA:3,1
DA:5,1
DA:6,13
DA:10,13
DA:11,6
DA:12,6
DA:13,1
DA:15,6
DA:16,6
DA:17,6
DA:20,13
LF:12
LH:12
BRF:0
BRH:0
end_of_record
TN:
SF:client/src/hooks/use-scroll-to-section.ts
FN:3,useScrollToSection
FN:4,(anonymous_1)
FN:8,(anonymous_2)
FNF:3
FNH:0
FNDA:0,useScrollToSection
FNDA:0,(anonymous_1)
FNDA:0,(anonymous_2)
DA:1,0
DA:3,0
DA:4,0
DA:5,0
DA:8,0
DA:9,0
DA:12,0
LF:7
LH:0
BRDA:5,0,0,0
BRDA:5,0,1,0
BRDA:5,1,0,0
BRDA:5,1,1,0
BRF:4
BRH:0
end_of_record
TN:
SF:client/src/hooks/use-toast.ts
FN:23,genId
FN:54,(anonymous_8)
FN:59,(anonymous_9)
FN:70,(anonymous_10)
FN:81,(anonymous_11)
FN:94,(anonymous_12)
FN:101,(anonymous_13)
FN:120,(anonymous_14)
FN:129,dispatch
FN:131,(anonymous_16)
FN:138,toast
FN:141,(anonymous_18)
FN:146,(anonymous_19)
FN:154,(anonymous_20)
FN:167,useToast
FN:170,(anonymous_22)
FN:172,(anonymous_23)
FN:183,(anonymous_24)
FNF:18
FNH:16
FNDA:10,genId
FNDA:4,(anonymous_8)
FNDA:1,(anonymous_9)
FNDA:20,(anonymous_10)
FNDA:2,(anonymous_11)
FNDA:1,(anonymous_12)
FNDA:4,(anonymous_13)
FNDA:2,(anonymous_14)
FNDA:15,dispatch
FNDA:16,(anonymous_16)
FNDA:10,toast
FNDA:1,(anonymous_18)
FNDA:0,(anonymous_19)
FNDA:0,(anonymous_20)
FNDA:28,useToast
FNDA:13,(anonymous_22)
FNDA:13,(anonymous_23)
FNDA:3,(anonymous_24)
DA:1,2
DA:4,2
DA:5,2
DA:14,2
DA:21,2
DA:24,10
DA:25,10
DA:52,2
DA:54,2
DA:55,4
DA:56,0
DA:59,4
DA:60,1
DA:61,1
DA:67,4
DA:70,2
DA:71,20
DA:73,11
DA:79,2
DA:82,2
DA:87,4
DA:91,4
DA:92,3
DA:94,1
DA:95,1
DA:99,4
DA:102,4
DA:112,3
DA:113,1
DA:118,2
DA:120,2
DA:125,2
DA:127,2
DA:130,15
DA:131,15
DA:132,16
DA:138,10
DA:139,10
DA:141,10
DA:142,1
DA:146,10
DA:148,10
DA:155,0
DA:160,10
DA:168,28
DA:170,28
DA:171,13
DA:172,13
DA:173,13
DA:174,13
DA:175,13
DA:180,28
DA:183,3
DA:187,2
LF:54
LH:52
BRDA:55,0,0,0
BRDA:55,0,1,4
BRDA:71,1,0,11
BRDA:71,1,1,2
BRDA:71,1,2,4
BRDA:71,1,3,3
BRDA:82,2,0,2
BRDA:82,2,1,0
BRDA:91,3,0,3
BRDA:91,3,1,1
BRDA:102,4,0,4
BRDA:102,4,1,0
BRDA:102,5,0,4
BRDA:102,5,1,1
BRDA:112,6,0,1
BRDA:112,6,1,2
BRDA:155,7,0,0
BRDA:155,7,1,0
BRDA:174,8,0,13
BRDA:174,8,1,0
BRF:20
BRH:14
end_of_record
TN:
SF:client/src/hooks/use-waitlist-form.ts
FN:5,useWaitlistForm
FN:11,(anonymous_8)
FN:11,(anonymous_9)
FN:18,(anonymous_10)
FNF:4
FNH:3
FNDA:5,useWaitlistForm
FNDA:1,(anonymous_8)
FNDA:1,(anonymous_9)
FNDA:0,(anonymous_10)
DA:1,1
DA:2,1
DA:3,1
DA:5,1
DA:6,5
DA:7,5
DA:8,5
DA:9,5
DA:11,5
DA:12,1
DA:13,1
DA:15,0
DA:18,0
DA:20,0
DA:25,0
DA:26,0
DA:29,5
LF:17
LH:12
BRDA:13,0,0,1
BRDA:13,0,1,0
BRF:2
BRH:1
end_of_record
TN:
SF:client/src/lib/LanguageContext.tsx
FN:20,LanguageProvider
FN:21,(anonymous_1)
FN:35,(anonymous_2)
FN:40,(anonymous_3)
FN:53,useLanguage
FNF:5
FNH:5
FNDA:28,LanguageProvider
FNDA:18,(anonymous_1)
FNDA:10,(anonymous_2)
FNDA:28,(anonymous_3)
FNDA:33,useLanguage
DA:1,3
DA:8,3
DA:16,3
DA:20,3
DA:21,28
DA:22,18
DA:23,18
DA:24,18
DA:25,3
DA:27,15
DA:28,15
DA:29,0
DA:32,15
DA:35,28
DA:36,10
DA:37,10
DA:40,28
DA:41,28
DA:44,28
DA:46,28
DA:53,3
DA:54,33
DA:55,33
DA:56,4
DA:58,29
LF:25
LH:24
BRDA:22,0,0,18
BRDA:22,0,1,0
BRDA:24,1,0,3
BRDA:24,1,1,15
BRDA:24,2,0,18
BRDA:24,2,1,3
BRDA:24,2,2,3
BRDA:28,3,0,0
BRDA:28,3,1,15
BRDA:55,4,0,4
BRDA:55,4,1,29
BRF:11
BRH:9
end_of_record
TN:
SF:client/src/lib/constants.ts
FNF:0
FNH:0
DA:1,0
DA:4,0
DA:9,0
DA:15,0
DA:21,0
LF:5
LH:0
BRF:0
BRH:0
end_of_record
TN:
SF:client/src/lib/queryClient.ts
FN:3,throwIfResNotOk
FN:10,apiRequest
FN:30,(anonymous_11)
FN:31,(anonymous_12)
FN:31,(anonymous_13)
FNF:5
FNH:1
FNDA:0,throwIfResNotOk
FNDA:0,apiRequest
FNDA:2,(anonymous_11)
FNDA:0,(anonymous_12)
FNDA:0,(anonymous_13)
DA:1,2
DA:4,0
DA:5,0
DA:6,0
DA:10,2
DA:15,0
DA:22,0
DA:23,0
DA:27,2
DA:30,2
DA:31,2
DA:32,0
DA:36,0
DA:37,0
DA:40,0
DA:41,0
DA:44,2
LF:17
LH:6
BRDA:4,0,0,0
BRDA:4,0,1,0
BRDA:5,1,0,0
BRDA:5,1,1,0
BRDA:17,2,0,0
BRDA:17,2,1,0
BRDA:18,3,0,0
BRDA:18,3,1,0
BRDA:36,4,0,0
BRDA:36,4,1,0
BRDA:36,5,0,0
BRDA:36,5,1,0
BRF:12
BRH:0
end_of_record
TN:
SF:client/src/lib/translations.ts
FNF:0
FNH:0
DA:45,4
LF:1
LH:1
BRF:0
BRH:0
end_of_record
TN:
SF:client/src/lib/utils.ts
FN:4,cn
FNF:1
FNH:1
FNDA:24,cn
DA:1,1
DA:2,1
DA:4,1
DA:5,24
LF:4
LH:4
BRF:0
BRH:0
end_of_record
TN:
SF:client/src/pages/Home.tsx
FN:8,Home
FNF:1
FNH:0
FNDA:0,Home
DA:1,0
DA:2,0
DA:3,0
DA:4,0
DA:5,0
DA:6,0
DA:8,0
DA:9,0
LF:8
LH:0
BRF:0
BRH:0
end_of_record
TN:
SF:client/src/pages/not-found.tsx
FN:4,NotFound
FNF:1
FNH:0
FNDA:0,NotFound
DA:1,0
DA:2,0
DA:4,0
DA:5,0
LF:4
LH:0
BRF:0
BRH:0
end_of_record
TN:
SF:server/index.ts
FN:17,(anonymous_14)
FN:25,log
FN:36,(anonymous_16)
FN:42,(anonymous_17)
FN:47,(anonymous_18)
FN:62,(anonymous_19)
FN:62,(anonymous_20)
FN:65,(anonymous_21)
FN:79,(anonymous_22)
FN:94,(anonymous_23)
FNF:10
FNH:0
FNDA:0,(anonymous_14)
FNDA:0,log
FNDA:0,(anonymous_16)
FNDA:0,(anonymous_17)
FNDA:0,(anonymous_18)
FNDA:0,(anonymous_19)
FNDA:0,(anonymous_20)
FNDA:0,(anonymous_21)
FNDA:0,(anonymous_22)
FNDA:0,(anonymous_23)
DA:1,0
DA:2,0
DA:3,0
DA:4,0
DA:6,0
DA:7,0
DA:15,0
DA:18,0
DA:23,0
DA:25,0
DA:26,0
DA:33,0
DA:36,0
DA:37,0
DA:38,0
DA:39,0
DA:41,0
DA:42,0
DA:43,0
DA:44,0
DA:47,0
DA:48,0
DA:49,0
DA:50,0
DA:51,0
DA:52,0
DA:55,0
DA:59,0
DA:62,0
DA:63,0
DA:65,0
DA:66,0
DA:67,0
DA:69,0
DA:70,0
DA:76,0
DA:77,0
DA:79,0
DA:80,0
DA:87,0
DA:88,0
DA:95,0
LF:42
LH:0
BRDA:25,0,0,0
BRDA:49,1,0,0
BRDA:49,1,1,0
BRDA:51,2,0,0
BRDA:51,2,1,0
BRDA:66,3,0,0
BRDA:66,3,1,0
BRDA:66,3,2,0
BRDA:67,4,0,0
BRDA:67,4,1,0
BRDA:76,5,0,0
BRDA:76,5,1,0
BRDA:87,6,0,0
BRDA:87,6,1,0
BRF:14
BRH:0
end_of_record
TN:
SF:server/routes.ts
FN:3,registerRoutes
FNF:1
FNH:0
FNDA:0,registerRoutes
DA:3,0
LF:1
LH:0
BRF:0
BRH:0
end_of_record
TN:
SF:shared/schema.ts
FNF:0
FNH:0
DA:1,0
DA:2,0
DA:3,0
DA:6,0
DA:14,0
LF:5
LH:0
BRF:0
BRH:0
end_of_record
