TN:
SF:client/src/App.tsx
FN:10,Router
FN:19,App
FNF:2
FNH:0
FNDA:0,Router
FNDA:0,App
DA:1,0
DA:2,0
DA:3,0
DA:4,0
DA:5,0
DA:6,0
DA:7,0
DA:8,0
DA:11,0
DA:20,0
DA:32,0
LF:11
LH:0
BRF:0
BRH:0
end_of_record
TN:
SF:client/src/main.tsx
FNF:0
FNH:0
DA:1,0
DA:2,0
DA:3,0
DA:5,0
LF:4
LH:0
BRF:0
BRH:0
end_of_record
TN:
SF:client/src/components/AboutAuthorSection.tsx
FN:5,AboutAuthorSection
FNF:1
FNH:0
FNDA:0,AboutAuthorSection
DA:1,0
DA:2,0
DA:3,0
DA:5,0
DA:6,0
DA:8,0
LF:6
LH:0
BRF:0
BRH:0
end_of_record
TN:
SF:client/src/components/AboutBookSection.tsx
FN:5,AboutBookSection
FNF:1
FNH:0
FNDA:0,AboutBookSection
DA:1,0
DA:2,0
DA:3,0
DA:5,0
DA:6,0
DA:7,0
DA:9,0
LF:7
LH:0
BRF:0
BRH:0
end_of_record
TN:
SF:client/src/components/BookPreviewCarousel.tsx
FN:24,BookPreviewCarousel
FN:36,(anonymous_2)
FNF:2
FNH:0
FNDA:0,BookPreviewCarousel
FNDA:0,(anonymous_2)
DA:1,0
DA:8,0
DA:9,0
DA:11,0
DA:24,0
DA:25,0
DA:37,0
LF:7
LH:0
BRF:0
BRH:0
end_of_record
TN:
SF:client/src/components/Footer.tsx
FN:5,Footer
FN:28,(anonymous_1)
FNF:2
FNH:0
FNDA:0,Footer
FNDA:0,(anonymous_1)
DA:1,0
DA:2,0
DA:3,0
DA:5,0
DA:6,0
DA:8,0
DA:29,0
LF:7
LH:0
BRF:0
BRH:0
end_of_record
TN:
SF:client/src/components/HeroSection.tsx
FN:5,HeroSection
FN:8,(anonymous_2)
FNF:2
FNH:0
FNDA:0,HeroSection
FNDA:0,(anonymous_2)
DA:1,0
DA:2,0
DA:3,0
DA:5,0
DA:6,0
DA:8,0
DA:9,0
DA:12,0
LF:8
LH:0
BRDA:9,0,0,0
BRDA:9,0,1,0
BRDA:9,1,0,0
BRDA:9,1,1,0
BRF:4
BRH:0
end_of_record
TN:
SF:client/src/components/LanguageToggle.tsx
FN:8,LanguageToggle
FN:11,(anonymous_1)
FNF:2
FNH:2
FNDA:13,LanguageToggle
FNDA:5,(anonymous_1)
DA:1,1
DA:2,1
DA:8,1
DA:9,13
DA:11,13
DA:12,5
DA:15,13
LF:7
LH:7
BRDA:8,0,0,11
BRDA:12,1,0,3
BRDA:12,1,1,2
BRDA:21,2,0,1
BRDA:21,2,1,12
BRDA:26,3,0,9
BRDA:26,3,1,4
BRDA:28,4,0,9
BRDA:28,4,1,4
BRF:9
BRH:9
end_of_record
TN:
SF:client/src/components/Navigation.tsx
FN:8,Navigation
FN:13,(anonymous_2)
FN:14,(anonymous_3)
FN:16,(anonymous_4)
FN:19,(anonymous_5)
FN:24,(anonymous_6)
FN:45,(anonymous_7)
FN:56,(anonymous_8)
FN:59,(anonymous_9)
FN:75,(anonymous_10)
FN:90,(anonymous_11)
FN:93,(anonymous_12)
FNF:12
FNH:0
FNDA:0,Navigation
FNDA:0,(anonymous_2)
FNDA:0,(anonymous_3)
FNDA:0,(anonymous_4)
FNDA:0,(anonymous_5)
FNDA:0,(anonymous_6)
FNDA:0,(anonymous_7)
FNDA:0,(anonymous_8)
FNDA:0,(anonymous_9)
FNDA:0,(anonymous_10)
FNDA:0,(anonymous_11)
FNDA:0,(anonymous_12)
DA:1,0
DA:2,0
DA:3,0
DA:4,0
DA:5,0
DA:6,0
DA:8,0
DA:9,0
DA:10,0
DA:11,0
DA:13,0
DA:14,0
DA:15,0
DA:16,0
DA:19,0
DA:20,0
DA:21,0
DA:24,0
DA:26,0
DA:30,0
DA:32,0
DA:46,0
DA:47,0
DA:57,0
DA:59,0
DA:75,0
DA:91,0
DA:93,0
LF:28
LH:0
BRDA:20,0,0,0
BRDA:20,0,1,0
BRDA:20,1,0,0
BRDA:20,1,1,0
BRDA:26,2,0,0
BRDA:26,2,1,0
BRDA:30,3,0,0
BRDA:30,3,1,0
BRDA:35,4,0,0
BRDA:35,4,1,0
BRDA:66,5,0,0
BRDA:66,5,1,0
BRDA:70,6,0,0
BRDA:70,6,1,0
BRDA:74,7,0,0
BRDA:74,7,1,0
BRDA:79,8,0,0
BRDA:79,8,1,0
BRDA:84,9,0,0
BRDA:84,9,1,0
BRF:20
BRH:0
end_of_record
TN:
SF:client/src/components/PreOrderSection.tsx
FN:6,PreOrderSection
FN:39,(anonymous_1)
FNF:2
FNH:0
FNDA:0,PreOrderSection
FNDA:0,(anonymous_1)
DA:1,0
DA:2,0
DA:3,0
DA:4,0
DA:6,0
DA:7,0
DA:8,0
DA:10,0
DA:39,0
LF:9
LH:0
BRDA:50,0,0,0
BRDA:50,0,1,0
BRF:2
BRH:0
end_of_record
TN:
SF:client/src/components/ui/accordion.tsx
FN:12,(anonymous_7)
FN:24,(anonymous_8)
FN:44,(anonymous_9)
FNF:3
FNH:0
FNDA:0,(anonymous_7)
FNDA:0,(anonymous_8)
FNDA:0,(anonymous_9)
DA:1,0
DA:2,0
DA:3,0
DA:5,0
DA:7,0
DA:9,0
DA:12,0
DA:19,0
DA:21,0
DA:24,0
DA:39,0
DA:41,0
DA:44,0
DA:54,0
DA:56,0
LF:15
LH:0
BRF:0
BRH:0
end_of_record
TN:
SF:client/src/components/ui/alert-dialog.tsx
FN:16,(anonymous_7)
FN:31,(anonymous_8)
FN:46,(anonymous_9)
FN:60,(anonymous_10)
FN:77,(anonymous_11)
FN:89,(anonymous_12)
FN:102,(anonymous_13)
FN:114,(anonymous_14)
FNF:8
FNH:0
FNDA:0,(anonymous_7)
FNDA:0,(anonymous_8)
FNDA:0,(anonymous_9)
FNDA:0,(anonymous_10)
FNDA:0,(anonymous_11)
FNDA:0,(anonymous_12)
FNDA:0,(anonymous_13)
FNDA:0,(anonymous_14)
DA:1,0
DA:2,0
DA:4,0
DA:5,0
DA:7,0
DA:9,0
DA:11,0
DA:13,0
DA:16,0
DA:26,0
DA:28,0
DA:31,0
DA:44,0
DA:46,0
DA:47,0
DA:48,0
DA:49,0
DA:58,0
DA:60,0
DA:61,0
DA:62,0
DA:63,0
DA:72,0
DA:74,0
DA:77,0
DA:84,0
DA:86,0
DA:89,0
DA:96,0
DA:99,0
DA:102,0
DA:109,0
DA:111,0
DA:114,0
DA:125,0
DA:128,0
DA:129,0
DA:130,0
DA:131,0
DA:132,0
DA:133,0
DA:134,0
DA:135,0
DA:136,0
DA:137,0
DA:138,0
LF:46
LH:0
BRF:0
BRH:0
end_of_record
TN:
SF:client/src/components/ui/alert.tsx
FN:25,(anonymous_7)
FN:38,(anonymous_8)
FN:50,(anonymous_9)
FNF:3
FNH:0
FNDA:0,(anonymous_7)
FNDA:0,(anonymous_8)
FNDA:0,(anonymous_9)
DA:1,0
DA:2,0
DA:4,0
DA:6,0
DA:22,0
DA:25,0
DA:33,0
DA:35,0
DA:38,0
DA:45,0
DA:47,0
DA:50,0
DA:57,0
DA:59,0
LF:14
LH:0
BRF:0
BRH:0
end_of_record
TN:
SF:client/src/components/ui/aspect-ratio.tsx
FNF:0
FNH:0
DA:1,0
DA:3,0
DA:5,0
LF:3
LH:0
BRF:0
BRH:0
end_of_record
TN:
SF:client/src/components/ui/avatar.tsx
FN:11,(anonymous_7)
FN:27,(anonymous_8)
FN:39,(anonymous_9)
FNF:3
FNH:0
FNDA:0,(anonymous_7)
FNDA:0,(anonymous_8)
FNDA:0,(anonymous_9)
DA:3,0
DA:4,0
DA:6,0
DA:8,0
DA:11,0
DA:22,0
DA:24,0
DA:27,0
DA:34,0
DA:36,0
DA:39,0
DA:49,0
DA:51,0
LF:13
LH:0
BRF:0
BRH:0
end_of_record
TN:
SF:client/src/components/ui/badge.tsx
FN:32,Badge
FNF:1
FNH:0
FNDA:0,Badge
DA:2,0
DA:4,0
DA:6,0
DA:32,0
DA:33,0
DA:38,0
LF:6
LH:0
BRF:0
BRH:0
end_of_record
TN:
SF:client/src/components/ui/breadcrumb.tsx
FN:12,(anonymous_7)
FN:18,(anonymous_8)
FN:33,(anonymous_9)
FN:47,(anonymous_10)
FN:63,(anonymous_11)
FN:75,(anonymous_12)
FN:91,(anonymous_13)
FNF:7
FNH:0
FNDA:0,(anonymous_7)
FNDA:0,(anonymous_8)
FNDA:0,(anonymous_9)
FNDA:0,(anonymous_10)
FNDA:0,(anonymous_11)
FNDA:0,(anonymous_12)
FNDA:0,(anonymous_13)
DA:1,0
DA:2,0
DA:3,0
DA:5,0
DA:7,0
DA:12,0
DA:13,0
DA:15,0
DA:18,0
DA:28,0
DA:30,0
DA:33,0
DA:40,0
DA:42,0
DA:47,0
DA:48,0
DA:50,0
DA:58,0
DA:60,0
DA:63,0
DA:73,0
DA:75,0
DA:77,0
DA:78,0
DA:79,0
DA:89,0
DA:91,0
DA:92,0
DA:93,0
DA:94,0
DA:105,0
DA:108,0
DA:109,0
DA:110,0
DA:111,0
DA:112,0
DA:113,0
DA:114,0
LF:38
LH:0
BRDA:48,0,0,0
BRDA:48,0,1,0
BRDA:86,1,0,0
BRDA:86,1,1,0
BRDA:86,2,0,0
BRDA:86,2,1,0
BRF:6
BRH:0
end_of_record
TN:
SF:client/src/components/ui/button.tsx
FN:49,(anonymous_7)
FNF:1
FNH:1
FNDA:13,(anonymous_7)
DA:1,1
DA:2,1
DA:3,1
DA:5,1
DA:7,1
DA:48,1
DA:49,13
DA:50,13
DA:51,13
DA:60,1
DA:62,1
LF:11
LH:11
BRDA:49,0,0,13
BRDA:50,1,0,0
BRDA:50,1,1,13
BRF:3
BRH:2
end_of_record
TN:
SF:client/src/components/ui/calendar.tsx
FN:10,Calendar
FN:55,(anonymous_2)
FN:58,(anonymous_3)
FNF:3
FNH:0
FNDA:0,Calendar
FNDA:0,(anonymous_2)
FNDA:0,(anonymous_3)
DA:2,0
DA:3,0
DA:5,0
DA:6,0
DA:13,0
DA:14,0
DA:16,0
DA:55,0
DA:58,0
DA:66,0
DA:68,0
LF:11
LH:0
BRDA:13,0,0,0
BRF:1
BRH:0
end_of_record
TN:
SF:client/src/components/ui/card.tsx
FN:8,(anonymous_7)
FN:23,(anonymous_8)
FN:35,(anonymous_9)
FN:50,(anonymous_10)
FN:62,(anonymous_11)
FN:70,(anonymous_12)
FNF:6
FNH:0
FNDA:0,(anonymous_7)
FNDA:0,(anonymous_8)
FNDA:0,(anonymous_9)
FNDA:0,(anonymous_10)
FNDA:0,(anonymous_11)
FNDA:0,(anonymous_12)
DA:1,0
DA:3,0
DA:5,0
DA:8,0
DA:18,0
DA:20,0
DA:23,0
DA:30,0
DA:32,0
DA:35,0
DA:45,0
DA:47,0
DA:50,0
DA:57,0
DA:59,0
DA:62,0
DA:65,0
DA:67,0
DA:70,0
DA:77,0
DA:79,0
DA:80,0
DA:81,0
DA:82,0
DA:83,0
DA:84,0
LF:26
LH:0
BRF:0
BRH:0
end_of_record
TN:
SF:client/src/components/ui/carousel.tsx
FN:33,useCarousel
FN:47,(anonymous_9)
FN:69,(anonymous_10)
FN:78,(anonymous_11)
FN:82,(anonymous_12)
FN:87,(anonymous_13)
FN:99,(anonymous_14)
FN:107,(anonymous_15)
FN:116,(anonymous_16)
FN:154,(anonymous_17)
FN:176,(anonymous_18)
FN:198,(anonymous_19)
FN:227,(anonymous_20)
FNF:13
FNH:0
FNDA:0,useCarousel
FNDA:0,(anonymous_9)
FNDA:0,(anonymous_10)
FNDA:0,(anonymous_11)
FNDA:0,(anonymous_12)
FNDA:0,(anonymous_13)
FNDA:0,(anonymous_14)
FNDA:0,(anonymous_15)
FNDA:0,(anonymous_16)
FNDA:0,(anonymous_17)
FNDA:0,(anonymous_18)
FNDA:0,(anonymous_19)
FNDA:0,(anonymous_20)
DA:1,0
DA:2,0
DA:5,0
DA:7,0
DA:8,0
DA:31,0
DA:34,0
DA:36,0
DA:37,0
DA:40,0
DA:43,0
DA:54,0
DA:55,0
DA:59,0
DA:66,0
DA:67,0
DA:69,0
DA:70,0
DA:71,0
DA:74,0
DA:75,0
DA:78,0
DA:79,0
DA:82,0
DA:83,0
DA:86,0
DA:88,0
DA:89,0
DA:90,0
DA:91,0
DA:92,0
DA:93,0
DA:99,0
DA:100,0
DA:101,0
DA:104,0
DA:107,0
DA:108,0
DA:109,0
DA:112,0
DA:113,0
DA:114,0
DA:116,0
DA:117,0
DA:121,0
DA:149,0
DA:151,0
DA:154,0
DA:155,0
DA:157,0
DA:171,0
DA:173,0
DA:176,0
DA:177,0
DA:179,0
DA:193,0
DA:195,0
DA:198,0
DA:199,0
DA:201,0
DA:222,0
DA:224,0
DA:227,0
DA:228,0
DA:230,0
DA:251,0
DA:255,0
DA:256,0
DA:257,0
DA:258,0
DA:259,0
LF:71
LH:0
BRDA:36,0,0,0
BRDA:36,0,1,0
BRDA:49,1,0,0
BRDA:62,2,0,0
BRDA:62,2,1,0
BRDA:70,3,0,0
BRDA:70,3,1,0
BRDA:79,4,0,0
BRDA:79,4,1,0
BRDA:79,5,0,0
BRDA:79,5,1,0
BRDA:83,6,0,0
BRDA:83,6,1,0
BRDA:83,7,0,0
BRDA:83,7,1,0
BRDA:88,8,0,0
BRDA:88,8,1,0
BRDA:91,9,0,0
BRDA:91,9,1,0
BRDA:100,10,0,0
BRDA:100,10,1,0
BRDA:100,11,0,0
BRDA:100,11,1,0
BRDA:108,12,0,0
BRDA:108,12,1,0
BRDA:117,13,0,0
BRDA:117,13,1,0
BRDA:117,14,0,0
BRDA:117,14,1,0
BRDA:128,15,0,0
BRDA:128,15,1,0
BRDA:128,16,0,0
BRDA:128,16,1,0
BRDA:128,17,0,0
BRDA:128,17,1,0
BRDA:128,18,0,0
BRDA:128,18,1,0
BRDA:163,19,0,0
BRDA:163,19,1,0
BRDA:186,20,0,0
BRDA:186,20,1,0
BRDA:198,21,0,0
BRDA:198,22,0,0
BRDA:208,23,0,0
BRDA:208,23,1,0
BRDA:227,24,0,0
BRDA:227,25,0,0
BRDA:237,26,0,0
BRDA:237,26,1,0
BRF:49
BRH:0
end_of_record
TN:
SF:client/src/components/ui/chart.tsx
FN:27,useChart
FN:45,(anonymous_8)
FN:70,(anonymous_9)
FN:72,(anonymous_10)
FN:84,(anonymous_11)
FN:87,(anonymous_12)
FN:116,(anonymous_13)
FN:136,(anonymous_14)
FN:188,(anonymous_15)
FN:269,(anonymous_16)
FN:288,(anonymous_17)
FN:320,getPayloadConfigFromPayload
FNF:12
FNH:0
FNDA:0,useChart
FNDA:0,(anonymous_8)
FNDA:0,(anonymous_9)
FNDA:0,(anonymous_10)
FNDA:0,(anonymous_11)
FNDA:0,(anonymous_12)
FNDA:0,(anonymous_13)
FNDA:0,(anonymous_14)
FNDA:0,(anonymous_15)
FNDA:0,(anonymous_16)
FNDA:0,(anonymous_17)
FNDA:0,getPayloadConfigFromPayload
DA:3,0
DA:4,0
DA:6,0
DA:9,0
DA:25,0
DA:28,0
DA:30,0
DA:31,0
DA:34,0
DA:37,0
DA:45,0
DA:46,0
DA:47,0
DA:49,0
DA:68,0
DA:70,0
DA:71,0
DA:72,0
DA:75,0
DA:76,0
DA:79,0
DA:84,0
DA:89,0
DA:91,0
DA:103,0
DA:105,0
DA:134,0
DA:136,0
DA:137,0
DA:138,0
DA:141,0
DA:142,0
DA:143,0
DA:145,0
DA:149,0
DA:150,0
DA:157,0
DA:158,0
DA:161,0
DA:172,0
DA:173,0
DA:176,0
DA:178,0
DA:189,0
DA:190,0
DA:191,0
DA:193,0
DA:257,0
DA:259,0
DA:261,0
DA:273,0
DA:275,0
DA:276,0
DA:279,0
DA:289,0
DA:290,0
DA:292,0
DA:317,0
DA:325,0
DA:326,0
DA:330,0
DA:336,0
DA:338,0
DA:342,0
DA:343,0
DA:348,0
DA:353,0
DA:359,0
DA:360,0
DA:361,0
DA:362,0
DA:363,0
DA:364,0
LF:73
LH:0
BRDA:30,0,0,0
BRDA:30,0,1,0
BRDA:47,1,0,0
BRDA:47,1,1,0
BRDA:72,2,0,0
BRDA:72,2,1,0
BRDA:75,3,0,0
BRDA:75,3,1,0
BRDA:89,4,0,0
BRDA:89,4,1,0
BRDA:89,5,0,0
BRDA:89,5,1,0
BRDA:89,6,0,0
BRDA:89,6,1,0
BRDA:91,7,0,0
BRDA:91,7,1,0
BRDA:121,8,0,0
BRDA:122,9,0,0
BRDA:123,10,0,0
BRDA:137,11,0,0
BRDA:137,11,1,0
BRDA:137,12,0,0
BRDA:137,12,1,0
BRDA:137,13,0,0
BRDA:137,13,1,0
BRDA:137,14,0,0
BRDA:137,14,1,0
BRDA:142,15,0,0
BRDA:142,15,1,0
BRDA:142,15,2,0
BRDA:142,15,3,0
BRDA:142,16,0,0
BRDA:142,16,1,0
BRDA:142,17,0,0
BRDA:142,17,1,0
BRDA:142,18,0,0
BRDA:142,18,1,0
BRDA:142,19,0,0
BRDA:142,19,1,0
BRDA:145,20,0,0
BRDA:145,20,1,0
BRDA:145,21,0,0
BRDA:145,21,1,0
BRDA:146,22,0,0
BRDA:146,22,1,0
BRDA:146,23,0,0
BRDA:146,23,1,0
BRDA:146,24,0,0
BRDA:146,24,1,0
BRDA:147,25,0,0
BRDA:147,25,1,0
BRDA:147,26,0,0
BRDA:147,26,1,0
BRDA:149,27,0,0
BRDA:149,27,1,0
BRDA:157,28,0,0
BRDA:157,28,1,0
BRDA:172,29,0,0
BRDA:172,29,1,0
BRDA:172,30,0,0
BRDA:172,30,1,0
BRDA:172,31,0,0
BRDA:172,31,1,0
BRDA:172,32,0,0
BRDA:172,32,1,0
BRDA:176,33,0,0
BRDA:176,33,1,0
BRDA:186,34,0,0
BRDA:186,34,1,0
BRDA:189,35,0,0
BRDA:189,35,1,0
BRDA:189,35,2,0
BRDA:189,35,3,0
BRDA:191,36,0,0
BRDA:191,36,1,0
BRDA:191,36,2,0
BRDA:198,37,0,0
BRDA:198,37,1,0
BRDA:201,38,0,0
BRDA:201,38,1,0
BRDA:201,39,0,0
BRDA:201,39,1,0
BRDA:201,39,2,0
BRDA:201,40,0,0
BRDA:201,40,1,0
BRDA:201,41,0,0
BRDA:201,41,1,0
BRDA:205,42,0,0
BRDA:205,42,1,0
BRDA:205,43,0,0
BRDA:205,43,1,0
BRDA:205,44,0,0
BRDA:205,44,1,0
BRDA:208,45,0,0
BRDA:208,45,1,0
BRDA:217,46,0,0
BRDA:217,46,1,0
BRDA:232,47,0,0
BRDA:232,47,1,0
BRDA:236,48,0,0
BRDA:236,48,1,0
BRDA:238,49,0,0
BRDA:238,49,1,0
BRDA:238,50,0,0
BRDA:238,50,1,0
BRDA:238,51,0,0
BRDA:238,51,1,0
BRDA:241,52,0,0
BRDA:241,52,1,0
BRDA:270,53,0,0
BRDA:270,54,0,0
BRDA:275,55,0,0
BRDA:275,55,1,0
BRDA:275,56,0,0
BRDA:275,56,1,0
BRDA:275,57,0,0
BRDA:275,57,1,0
BRDA:284,58,0,0
BRDA:284,58,1,0
BRDA:289,59,0,0
BRDA:289,59,1,0
BRDA:289,59,2,0
BRDA:299,60,0,0
BRDA:299,60,1,0
BRDA:299,61,0,0
BRDA:299,61,1,0
BRDA:299,62,0,0
BRDA:299,62,1,0
BRDA:299,63,0,0
BRDA:299,63,1,0
BRDA:309,64,0,0
BRDA:309,64,1,0
BRDA:309,65,0,0
BRDA:309,65,1,0
BRDA:325,66,0,0
BRDA:325,66,1,0
BRDA:325,67,0,0
BRDA:325,67,1,0
BRDA:330,68,0,0
BRDA:330,68,1,0
BRDA:330,69,0,0
BRDA:330,69,1,0
BRDA:330,69,2,0
BRDA:338,70,0,0
BRDA:338,70,1,0
BRDA:339,71,0,0
BRDA:339,71,1,0
BRDA:343,72,0,0
BRDA:343,72,1,0
BRDA:344,73,0,0
BRDA:344,73,1,0
BRDA:344,73,2,0
BRDA:353,74,0,0
BRDA:353,74,1,0
BRF:154
BRH:0
end_of_record
TN:
SF:client/src/components/ui/checkbox.tsx
FN:10,(anonymous_7)
FNF:1
FNH:0
FNDA:0,(anonymous_7)
DA:1,0
DA:2,0
DA:3,0
DA:5,0
DA:7,0
DA:10,0
DA:26,0
DA:28,0
LF:8
LH:0
BRF:0
BRH:0
end_of_record
TN:
SF:client/src/components/ui/collapsible.tsx
FNF:0
FNH:0
DA:3,0
DA:5,0
DA:7,0
DA:9,0
DA:11,0
LF:5
LH:0
BRF:0
BRH:0
end_of_record
TN:
SF:client/src/components/ui/command.tsx
FN:12,(anonymous_7)
FN:24,(anonymous_8)
FN:39,(anonymous_9)
FN:58,(anonymous_10)
FN:71,(anonymous_11)
FN:84,(anonymous_12)
FN:100,(anonymous_13)
FN:112,(anonymous_14)
FN:125,(anonymous_15)
FNF:9
FNH:0
FNDA:0,(anonymous_7)
FNDA:0,(anonymous_8)
FNDA:0,(anonymous_9)
FNDA:0,(anonymous_10)
FNDA:0,(anonymous_11)
FNDA:0,(anonymous_12)
FNDA:0,(anonymous_13)
FNDA:0,(anonymous_14)
FNDA:0,(anonymous_15)
DA:1,0
DA:3,0
DA:4,0
DA:6,0
DA:7,0
DA:9,0
DA:12,0
DA:22,0
DA:24,0
DA:25,0
DA:36,0
DA:39,0
DA:53,0
DA:55,0
DA:58,0
DA:66,0
DA:68,0
DA:72,0
DA:79,0
DA:81,0
DA:84,0
DA:95,0
DA:97,0
DA:100,0
DA:107,0
DA:109,0
DA:112,0
DA:123,0
DA:125,0
DA:126,0
DA:127,0
DA:129,0
DA:139,0
DA:142,0
DA:143,0
DA:144,0
DA:145,0
DA:146,0
DA:147,0
DA:148,0
DA:149,0
DA:150,0
LF:42
LH:0
BRF:0
BRH:0
end_of_record
TN:
SF:client/src/components/ui/context-menu.tsx
FN:24,(anonymous_7)
FN:43,(anonymous_8)
FN:58,(anonymous_9)
FN:77,(anonymous_10)
FN:93,(anonymous_11)
FN:117,(anonymous_12)
FN:141,(anonymous_13)
FN:157,(anonymous_14)
FN:166,(anonymous_15)
FNF:9
FNH:0
FNDA:0,(anonymous_7)
FNDA:0,(anonymous_8)
FNDA:0,(anonymous_9)
FNDA:0,(anonymous_10)
FNDA:0,(anonymous_11)
FNDA:0,(anonymous_12)
FNDA:0,(anonymous_13)
FNDA:0,(anonymous_14)
FNDA:0,(anonymous_15)
DA:1,0
DA:2,0
DA:3,0
DA:5,0
DA:7,0
DA:9,0
DA:11,0
DA:13,0
DA:15,0
DA:17,0
DA:19,0
DA:24,0
DA:38,0
DA:40,0
DA:43,0
DA:53,0
DA:55,0
DA:58,0
DA:70,0
DA:72,0
DA:77,0
DA:88,0
DA:90,0
DA:93,0
DA:111,0
DA:114,0
DA:117,0
DA:134,0
DA:136,0
DA:141,0
DA:152,0
DA:154,0
DA:157,0
DA:164,0
DA:166,0
DA:167,0
DA:168,0
DA:170,0
DA:180,0
DA:183,0
DA:184,0
DA:185,0
DA:186,0
DA:187,0
DA:188,0
DA:189,0
DA:190,0
DA:191,0
DA:192,0
DA:193,0
DA:194,0
DA:195,0
DA:196,0
DA:197,0
LF:54
LH:0
BRDA:29,0,0,0
BRDA:29,0,1,0
BRDA:82,1,0,0
BRDA:82,1,1,0
BRDA:146,2,0,0
BRDA:146,2,1,0
BRF:6
BRH:0
end_of_record
TN:
SF:client/src/components/ui/dialog.tsx
FN:20,(anonymous_7)
FN:35,(anonymous_8)
FN:56,(anonymous_9)
FN:70,(anonymous_10)
FN:87,(anonymous_11)
FN:102,(anonymous_12)
FNF:6
FNH:0
FNDA:0,(anonymous_7)
FNDA:0,(anonymous_8)
FNDA:0,(anonymous_9)
FNDA:0,(anonymous_10)
FNDA:0,(anonymous_11)
FNDA:0,(anonymous_12)
DA:3,0
DA:4,0
DA:5,0
DA:7,0
DA:9,0
DA:11,0
DA:13,0
DA:15,0
DA:17,0
DA:20,0
DA:30,0
DA:32,0
DA:35,0
DA:54,0
DA:56,0
DA:57,0
DA:58,0
DA:59,0
DA:68,0
DA:70,0
DA:71,0
DA:72,0
DA:73,0
DA:82,0
DA:84,0
DA:87,0
DA:97,0
DA:99,0
DA:102,0
DA:109,0
DA:112,0
DA:113,0
DA:114,0
DA:115,0
DA:116,0
DA:117,0
DA:118,0
DA:119,0
DA:120,0
DA:121,0
LF:40
LH:0
BRF:0
BRH:0
end_of_record
TN:
SF:client/src/components/ui/drawer.tsx
FN:8,(anonymous_7)
FN:28,(anonymous_8)
FN:40,(anonymous_9)
FN:58,(anonymous_10)
FN:69,(anonymous_11)
FN:83,(anonymous_12)
FN:98,(anonymous_13)
FNF:7
FNH:0
FNDA:0,(anonymous_7)
FNDA:0,(anonymous_8)
FNDA:0,(anonymous_9)
FNDA:0,(anonymous_10)
FNDA:0,(anonymous_11)
FNDA:0,(anonymous_12)
FNDA:0,(anonymous_13)
DA:3,0
DA:4,0
DA:6,0
DA:8,0
DA:9,0
DA:10,0
DA:11,0
DA:17,0
DA:19,0
DA:21,0
DA:23,0
DA:25,0
DA:28,0
DA:35,0
DA:37,0
DA:40,0
DA:56,0
DA:58,0
DA:59,0
DA:60,0
DA:61,0
DA:67,0
DA:69,0
DA:70,0
DA:71,0
DA:72,0
DA:78,0
DA:80,0
DA:83,0
DA:93,0
DA:95,0
DA:98,0
DA:105,0
DA:108,0
DA:109,0
DA:110,0
DA:111,0
DA:112,0
DA:113,0
DA:114,0
DA:115,0
DA:116,0
DA:117,0
LF:43
LH:0
BRDA:9,0,0,0
BRF:1
BRH:0
end_of_record
TN:
SF:client/src/components/ui/dropdown-menu.tsx
FN:24,(anonymous_7)
FN:44,(anonymous_8)
FN:60,(anonymous_9)
FN:80,(anonymous_10)
FN:96,(anonymous_11)
FN:120,(anonymous_12)
FN:144,(anonymous_13)
FN:160,(anonymous_14)
FN:169,(anonymous_15)
FNF:9
FNH:0
FNDA:0,(anonymous_7)
FNDA:0,(anonymous_8)
FNDA:0,(anonymous_9)
FNDA:0,(anonymous_10)
FNDA:0,(anonymous_11)
FNDA:0,(anonymous_12)
FNDA:0,(anonymous_13)
FNDA:0,(anonymous_14)
FNDA:0,(anonymous_15)
DA:1,0
DA:2,0
DA:3,0
DA:5,0
DA:7,0
DA:9,0
DA:11,0
DA:13,0
DA:15,0
DA:17,0
DA:19,0
DA:24,0
DA:38,0
DA:41,0
DA:44,0
DA:54,0
DA:57,0
DA:60,0
DA:73,0
DA:75,0
DA:80,0
DA:91,0
DA:93,0
DA:96,0
DA:114,0
DA:117,0
DA:120,0
DA:137,0
DA:139,0
DA:144,0
DA:155,0
DA:157,0
DA:160,0
DA:167,0
DA:169,0
DA:170,0
DA:171,0
DA:173,0
DA:180,0
DA:183,0
DA:184,0
DA:185,0
DA:186,0
DA:187,0
DA:188,0
DA:189,0
DA:190,0
DA:191,0
DA:192,0
DA:193,0
DA:194,0
DA:195,0
DA:196,0
DA:197,0
LF:54
LH:0
BRDA:29,0,0,0
BRDA:29,0,1,0
BRDA:60,1,0,0
BRDA:85,2,0,0
BRDA:85,2,1,0
BRDA:149,3,0,0
BRDA:149,3,1,0
BRF:7
BRH:0
end_of_record
TN:
SF:client/src/components/ui/form.tsx
FN:31,(anonymous_7)
FN:44,(anonymous_8)
FN:78,(anonymous_9)
FN:92,(anonymous_10)
FN:109,(anonymous_11)
FN:131,(anonymous_12)
FN:148,(anonymous_13)
FNF:7
FNH:0
FNDA:0,(anonymous_7)
FNDA:0,(anonymous_8)
FNDA:0,(anonymous_9)
FNDA:0,(anonymous_10)
FNDA:0,(anonymous_11)
FNDA:0,(anonymous_12)
FNDA:0,(anonymous_13)
DA:3,0
DA:5,0
DA:6,0
DA:15,0
DA:16,0
DA:18,0
DA:27,0
DA:31,0
DA:35,0
DA:37,0
DA:44,0
DA:45,0
DA:46,0
DA:47,0
DA:49,0
DA:51,0
DA:52,0
DA:55,0
DA:57,0
DA:71,0
DA:75,0
DA:78,0
DA:79,0
DA:81,0
DA:87,0
DA:89,0
DA:92,0
DA:93,0
DA:95,0
DA:104,0
DA:106,0
DA:109,0
DA:110,0
DA:112,0
DA:126,0
DA:128,0
DA:131,0
DA:132,0
DA:134,0
DA:143,0
DA:145,0
DA:148,0
DA:149,0
DA:150,0
DA:152,0
DA:153,0
DA:156,0
DA:167,0
DA:170,0
DA:171,0
DA:172,0
DA:173,0
DA:174,0
DA:175,0
DA:176,0
DA:177,0
LF:56
LH:0
BRDA:51,0,0,0
BRDA:51,0,1,0
BRDA:98,1,0,0
BRDA:98,1,1,0
BRDA:117,2,0,0
BRDA:117,2,1,0
BRDA:150,3,0,0
BRDA:150,3,1,0
BRDA:150,4,0,0
BRDA:150,4,1,0
BRDA:150,5,0,0
BRDA:150,5,1,0
BRDA:150,6,0,0
BRDA:150,6,1,0
BRDA:150,7,0,0
BRDA:150,7,1,0
BRDA:152,8,0,0
BRDA:152,8,1,0
BRF:18
BRH:0
end_of_record
TN:
SF:client/src/components/ui/hover-card.tsx
FN:15,(anonymous_7)
FNF:1
FNH:0
FNDA:0,(anonymous_7)
DA:3,0
DA:4,0
DA:6,0
DA:8,0
DA:10,0
DA:12,0
DA:15,0
DA:27,0
DA:29,0
LF:9
LH:0
BRDA:15,0,0,0
BRDA:15,1,0,0
BRF:2
BRH:0
end_of_record
TN:
SF:client/src/components/ui/input-otp.tsx
FN:10,(anonymous_7)
FN:26,(anonymous_8)
FN:34,(anonymous_9)
FN:62,(anonymous_10)
FNF:4
FNH:0
FNDA:0,(anonymous_7)
FNDA:0,(anonymous_8)
FNDA:0,(anonymous_9)
FNDA:0,(anonymous_10)
DA:1,0
DA:2,0
DA:3,0
DA:5,0
DA:7,0
DA:10,0
DA:21,0
DA:23,0
DA:26,0
DA:29,0
DA:31,0
DA:34,0
DA:35,0
DA:36,0
DA:38,0
DA:57,0
DA:59,0
DA:62,0
DA:67,0
DA:69,0
LF:20
LH:0
BRDA:43,0,0,0
BRDA:43,0,1,0
BRDA:49,1,0,0
BRDA:49,1,1,0
BRF:4
BRH:0
end_of_record
TN:
SF:client/src/components/ui/input.tsx
FN:6,(anonymous_7)
FNF:1
FNH:0
FNDA:0,(anonymous_7)
DA:1,0
DA:3,0
DA:5,0
DA:6,0
DA:8,0
DA:21,0
DA:23,0
LF:7
LH:0
BRF:0
BRH:0
end_of_record
TN:
SF:client/src/components/ui/label.tsx
FN:15,(anonymous_7)
FNF:1
FNH:0
FNDA:0,(anonymous_7)
DA:1,0
DA:2,0
DA:3,0
DA:5,0
DA:7,0
DA:11,0
DA:15,0
DA:22,0
DA:24,0
LF:9
LH:0
BRF:0
BRH:0
end_of_record
TN:
SF:client/src/components/ui/menubar.tsx
FN:9,MenubarMenu
FN:15,MenubarGroup
FN:21,MenubarPortal
FN:27,MenubarRadioGroup
FN:33,MenubarSub
FN:42,(anonymous_12)
FN:57,(anonymous_13)
FN:74,(anonymous_14)
FN:93,(anonymous_15)
FN:109,(anonymous_16)
FN:135,(anonymous_17)
FN:151,(anonymous_18)
FN:174,(anonymous_19)
FN:198,(anonymous_20)
FN:214,(anonymous_21)
FN:223,(anonymous_22)
FNF:16
FNH:0
FNDA:0,MenubarMenu
FNDA:0,MenubarGroup
FNDA:0,MenubarPortal
FNDA:0,MenubarRadioGroup
FNDA:0,MenubarSub
FNDA:0,(anonymous_12)
FNDA:0,(anonymous_13)
FNDA:0,(anonymous_14)
FNDA:0,(anonymous_15)
FNDA:0,(anonymous_16)
FNDA:0,(anonymous_17)
FNDA:0,(anonymous_18)
FNDA:0,(anonymous_19)
FNDA:0,(anonymous_20)
FNDA:0,(anonymous_21)
FNDA:0,(anonymous_22)
DA:3,0
DA:4,0
DA:5,0
DA:7,0
DA:10,0
DA:12,0
DA:16,0
DA:18,0
DA:22,0
DA:24,0
DA:28,0
DA:30,0
DA:34,0
DA:36,0
DA:39,0
DA:42,0
DA:52,0
DA:54,0
DA:57,0
DA:67,0
DA:69,0
DA:74,0
DA:88,0
DA:90,0
DA:93,0
DA:103,0
DA:105,0
DA:110,0
DA:112,0
DA:128,0
DA:130,0
DA:135,0
DA:146,0
DA:148,0
DA:151,0
DA:169,0
DA:171,0
DA:174,0
DA:191,0
DA:193,0
DA:198,0
DA:209,0
DA:211,0
DA:214,0
DA:221,0
DA:223,0
DA:224,0
DA:225,0
DA:227,0
DA:237,0
DA:240,0
DA:241,0
DA:242,0
DA:243,0
DA:244,0
DA:245,0
DA:246,0
DA:247,0
DA:248,0
DA:249,0
DA:250,0
DA:251,0
DA:252,0
DA:253,0
DA:254,0
DA:255,0
LF:66
LH:0
BRDA:79,0,0,0
BRDA:79,0,1,0
BRDA:110,1,0,0
BRDA:110,2,0,0
BRDA:110,3,0,0
BRDA:140,4,0,0
BRDA:140,4,1,0
BRDA:203,5,0,0
BRDA:203,5,1,0
BRF:9
BRH:0
end_of_record
TN:
SF:client/src/components/ui/navigation-menu.tsx
FN:11,(anonymous_7)
FN:29,(anonymous_8)
FN:50,(anonymous_9)
FN:68,(anonymous_10)
FN:85,(anonymous_11)
FN:103,(anonymous_12)
FNF:6
FNH:0
FNDA:0,(anonymous_7)
FNDA:0,(anonymous_8)
FNDA:0,(anonymous_9)
FNDA:0,(anonymous_10)
FNDA:0,(anonymous_11)
FNDA:0,(anonymous_12)
DA:1,0
DA:2,0
DA:3,0
DA:4,0
DA:6,0
DA:8,0
DA:11,0
DA:24,0
DA:26,0
DA:29,0
DA:39,0
DA:41,0
DA:43,0
DA:47,0
DA:50,0
DA:63,0
DA:65,0
DA:68,0
DA:78,0
DA:80,0
DA:82,0
DA:85,0
DA:97,0
DA:100,0
DA:103,0
DA:115,0
DA:119,0
DA:120,0
DA:121,0
DA:122,0
DA:123,0
DA:124,0
DA:125,0
DA:126,0
DA:127,0
LF:35
LH:0
BRF:0
BRH:0
end_of_record
TN:
SF:client/src/components/ui/pagination.tsx
FN:7,(anonymous_7)
FN:20,(anonymous_8)
FN:32,(anonymous_9)
FN:42,(anonymous_10)
FN:62,(anonymous_11)
FN:78,(anonymous_12)
FN:94,(anonymous_13)
FNF:7
FNH:0
FNDA:0,(anonymous_7)
FNDA:0,(anonymous_8)
FNDA:0,(anonymous_9)
FNDA:0,(anonymous_10)
FNDA:0,(anonymous_11)
FNDA:0,(anonymous_12)
FNDA:0,(anonymous_13)
DA:1,0
DA:2,0
DA:4,0
DA:5,0
DA:7,0
DA:15,0
DA:17,0
DA:20,0
DA:27,0
DA:29,0
DA:32,0
DA:35,0
DA:42,0
DA:45,0
DA:46,0
DA:47,0
DA:60,0
DA:62,0
DA:63,0
DA:64,0
DA:65,0
DA:76,0
DA:78,0
DA:79,0
DA:80,0
DA:81,0
DA:92,0
DA:94,0
DA:95,0
DA:96,0
DA:97,0
DA:107,0
DA:110,0
DA:111,0
DA:112,0
DA:113,0
DA:114,0
DA:115,0
DA:116,0
LF:39
LH:0
BRDA:45,0,0,0
BRDA:49,1,0,0
BRDA:49,1,1,0
BRDA:52,2,0,0
BRDA:52,2,1,0
BRF:5
BRH:0
end_of_record
TN:
SF:client/src/components/ui/popover.tsx
FN:13,(anonymous_7)
FNF:1
FNH:0
FNDA:0,(anonymous_7)
DA:1,0
DA:2,0
DA:4,0
DA:6,0
DA:8,0
DA:10,0
DA:13,0
DA:27,0
DA:29,0
LF:9
LH:0
BRDA:13,0,0,0
BRDA:13,1,0,0
BRF:2
BRH:0
end_of_record
TN:
SF:client/src/components/ui/progress.tsx
FN:11,(anonymous_7)
FNF:1
FNH:0
FNDA:0,(anonymous_7)
DA:3,0
DA:4,0
DA:6,0
DA:8,0
DA:11,0
DA:26,0
DA:28,0
LF:7
LH:0
BRDA:22,0,0,0
BRDA:22,0,1,0
BRF:2
BRH:0
end_of_record
TN:
SF:client/src/components/ui/radio-group.tsx
FN:10,(anonymous_7)
FN:24,(anonymous_8)
FNF:2
FNH:0
FNDA:0,(anonymous_7)
FNDA:0,(anonymous_8)
DA:1,0
DA:2,0
DA:3,0
DA:5,0
DA:7,0
DA:10,0
DA:11,0
DA:19,0
DA:21,0
DA:24,0
DA:25,0
DA:40,0
DA:42,0
LF:13
LH:0
BRF:0
BRH:0
end_of_record
TN:
SF:client/src/components/ui/resizable.tsx
FN:8,(anonymous_7)
FN:23,(anonymous_8)
FNF:2
FNH:0
FNDA:0,(anonymous_7)
FNDA:0,(anonymous_8)
DA:3,0
DA:4,0
DA:6,0
DA:8,0
DA:9,0
DA:10,0
DA:11,0
DA:21,0
DA:23,0
DA:25,0
DA:26,0
DA:29,0
DA:45,0
LF:13
LH:0
BRDA:37,0,0,0
BRDA:37,0,1,0
BRF:2
BRH:0
end_of_record
TN:
SF:client/src/components/ui/scroll-area.tsx
FN:9,(anonymous_7)
FN:27,(anonymous_8)
FNF:2
FNH:0
FNDA:0,(anonymous_7)
FNDA:0,(anonymous_8)
DA:1,0
DA:2,0
DA:4,0
DA:6,0
DA:9,0
DA:22,0
DA:24,0
DA:27,0
DA:44,0
DA:46,0
LF:10
LH:0
BRDA:27,0,0,0
BRDA:33,1,0,0
BRDA:33,1,1,0
BRDA:35,2,0,0
BRDA:35,2,1,0
BRF:5
BRH:0
end_of_record
TN:
SF:client/src/components/ui/select.tsx
FN:18,(anonymous_7)
FN:38,(anonymous_8)
FN:55,(anonymous_9)
FN:73,(anonymous_10)
FN:105,(anonymous_11)
FN:117,(anonymous_12)
FN:140,(anonymous_13)
FNF:7
FNH:0
FNDA:0,(anonymous_7)
FNDA:0,(anonymous_8)
FNDA:0,(anonymous_9)
FNDA:0,(anonymous_10)
FNDA:0,(anonymous_11)
FNDA:0,(anonymous_12)
FNDA:0,(anonymous_13)
DA:3,0
DA:4,0
DA:5,0
DA:7,0
DA:9,0
DA:11,0
DA:13,0
DA:15,0
DA:18,0
DA:33,0
DA:35,0
DA:38,0
DA:50,0
DA:52,0
DA:55,0
DA:67,0
DA:70,0
DA:73,0
DA:100,0
DA:102,0
DA:105,0
DA:112,0
DA:114,0
DA:117,0
DA:135,0
DA:137,0
DA:140,0
DA:147,0
DA:150,0
DA:151,0
DA:152,0
DA:153,0
DA:154,0
DA:155,0
DA:156,0
DA:157,0
DA:158,0
DA:159,0
LF:38
LH:0
BRDA:73,0,0,0
BRDA:79,1,0,0
BRDA:79,1,1,0
BRDA:90,2,0,0
BRDA:90,2,1,0
BRF:5
BRH:0
end_of_record
TN:
SF:client/src/components/ui/separator.tsx
FN:10,(anonymous_7)
FNF:1
FNH:0
FNDA:0,(anonymous_7)
DA:1,0
DA:2,0
DA:4,0
DA:6,0
DA:11,0
DA:13,0
DA:27,0
DA:29,0
LF:8
LH:0
BRDA:11,0,0,0
BRDA:11,1,0,0
BRDA:20,2,0,0
BRDA:20,2,1,0
BRF:4
BRH:0
end_of_record
TN:
SF:client/src/components/ui/sheet.tsx
FN:21,(anonymous_7)
FN:59,(anonymous_8)
FN:77,(anonymous_9)
FN:91,(anonymous_10)
FN:108,(anonymous_11)
FN:120,(anonymous_12)
FNF:6
FNH:0
FNDA:0,(anonymous_7)
FNDA:0,(anonymous_8)
FNDA:0,(anonymous_9)
FNDA:0,(anonymous_10)
FNDA:0,(anonymous_11)
FNDA:0,(anonymous_12)
DA:3,0
DA:4,0
DA:5,0
DA:6,0
DA:8,0
DA:10,0
DA:12,0
DA:14,0
DA:16,0
DA:18,0
DA:21,0
DA:31,0
DA:33,0
DA:56,0
DA:59,0
DA:75,0
DA:77,0
DA:78,0
DA:79,0
DA:80,0
DA:89,0
DA:91,0
DA:92,0
DA:93,0
DA:94,0
DA:103,0
DA:105,0
DA:108,0
DA:115,0
DA:117,0
DA:120,0
DA:127,0
DA:130,0
DA:131,0
DA:132,0
DA:133,0
DA:134,0
DA:135,0
DA:136,0
DA:137,0
DA:138,0
DA:139,0
LF:42
LH:0
BRDA:59,0,0,0
BRF:1
BRH:0
end_of_record
TN:
SF:client/src/components/ui/sidebar.tsx
FN:47,useSidebar
FN:56,SidebarProvider
FN:77,(anonymous_9)
FN:92,(anonymous_10)
FN:93,(anonymous_11)
FN:93,(anonymous_12)
FN:97,(anonymous_13)
FN:98,(anonymous_14)
FN:109,(anonymous_15)
FN:117,(anonymous_16)
FN:154,Sidebar
FN:256,SidebarTrigger
FN:270,(anonymous_19)
FN:282,SidebarRail
FN:308,SidebarInset
FN:322,SidebarInput
FN:336,SidebarHeader
FN:347,SidebarFooter
FN:358,SidebarSeparator
FN:372,SidebarContent
FN:386,SidebarGroup
FN:397,SidebarGroupLabel
FN:418,SidebarGroupAction
FN:441,SidebarGroupContent
FN:455,SidebarMenu
FN:466,SidebarMenuItem
FN:499,SidebarMenuButton
FN:549,SidebarMenuAction
FN:581,SidebarMenuBadge
FN:603,SidebarMenuSkeleton
FN:611,(anonymous_37)
FN:641,SidebarMenuSub
FN:656,SidebarMenuSubItem
FN:670,SidebarMenuSubButton
FNF:34
FNH:0
FNDA:0,useSidebar
FNDA:0,SidebarProvider
FNDA:0,(anonymous_9)
FNDA:0,(anonymous_10)
FNDA:0,(anonymous_11)
FNDA:0,(anonymous_12)
FNDA:0,(anonymous_13)
FNDA:0,(anonymous_14)
FNDA:0,(anonymous_15)
FNDA:0,(anonymous_16)
FNDA:0,Sidebar
FNDA:0,SidebarTrigger
FNDA:0,(anonymous_19)
FNDA:0,SidebarRail
FNDA:0,SidebarInset
FNDA:0,SidebarInput
FNDA:0,SidebarHeader
FNDA:0,SidebarFooter
FNDA:0,SidebarSeparator
FNDA:0,SidebarContent
FNDA:0,SidebarGroup
FNDA:0,SidebarGroupLabel
FNDA:0,SidebarGroupAction
FNDA:0,SidebarGroupContent
FNDA:0,SidebarMenu
FNDA:0,SidebarMenuItem
FNDA:0,SidebarMenuButton
FNDA:0,SidebarMenuAction
FNDA:0,SidebarMenuBadge
FNDA:0,SidebarMenuSkeleton
FNDA:0,(anonymous_37)
FNDA:0,SidebarMenuSub
FNDA:0,SidebarMenuSubItem
FNDA:0,SidebarMenuSubButton
DA:3,0
DA:4,0
DA:5,0
DA:6,0
DA:8,0
DA:9,0
DA:10,0
DA:11,0
DA:12,0
DA:13,0
DA:20,0
DA:21,0
DA:28,0
DA:29,0
DA:30,0
DA:31,0
DA:32,0
DA:33,0
DA:45,0
DA:48,0
DA:49,0
DA:50,0
DA:53,0
DA:62,0
DA:63,0
DA:69,0
DA:70,0
DA:74,0
DA:75,0
DA:76,0
DA:78,0
DA:79,0
DA:80,0
DA:82,0
DA:86,0
DA:92,0
DA:93,0
DA:97,0
DA:98,0
DA:99,0
DA:103,0
DA:104,0
DA:108,0
DA:109,0
DA:114,0
DA:116,0
DA:117,0
DA:129,0
DA:159,0
DA:160,0
DA:166,0
DA:168,0
DA:169,0
DA:183,0
DA:184,0
DA:208,0
DA:258,0
DA:259,0
DA:261,0
DA:263,0
DA:271,0
DA:272,0
DA:282,0
DA:283,0
DA:286,0
DA:308,0
DA:309,0
DA:323,0
DA:324,0
DA:326,0
DA:336,0
DA:337,0
DA:347,0
DA:348,0
DA:359,0
DA:360,0
DA:362,0
DA:372,0
DA:373,0
DA:386,0
DA:387,0
DA:399,0
DA:400,0
DA:402,0
DA:404,0
DA:420,0
DA:421,0
DA:423,0
DA:425,0
DA:442,0
DA:443,0
DA:445,0
DA:455,0
DA:456,0
DA:466,0
DA:467,0
DA:477,0
DA:505,0
DA:506,0
DA:512,0
DA:513,0
DA:516,0
DA:526,0
DA:527,0
DA:530,0
DA:531,0
DA:536,0
DA:552,0
DA:553,0
DA:558,0
DA:560,0
DA:582,0
DA:583,0
DA:585,0
DA:605,0
DA:606,0
DA:611,0
DA:612,0
DA:615,0
DA:641,0
DA:642,0
DA:657,0
DA:658,0
DA:660,0
DA:674,0
DA:675,0
DA:681,0
DA:683,0
DA:703,0
DA:704,0
DA:705,0
DA:706,0
DA:707,0
DA:708,0
DA:709,0
DA:710,0
DA:711,0
DA:712,0
DA:713,0
DA:714,0
DA:715,0
DA:716,0
DA:717,0
DA:718,0
DA:719,0
DA:720,0
DA:721,0
DA:722,0
DA:723,0
DA:724,0
DA:725,0
DA:726,0
LF:152
LH:0
BRDA:49,0,0,0
BRDA:49,0,1,0
BRDA:57,1,0,0
BRDA:75,2,0,0
BRDA:75,2,1,0
BRDA:75,3,0,0
BRDA:75,3,1,0
BRDA:78,4,0,0
BRDA:78,4,1,0
BRDA:79,5,0,0
BRDA:79,5,1,0
BRDA:93,6,0,0
BRDA:93,6,1,0
BRDA:99,7,0,0
BRDA:99,7,1,0
BRDA:100,8,0,0
BRDA:100,8,1,0
BRDA:100,8,2,0
BRDA:114,9,0,0
BRDA:114,9,1,0
BRDA:155,10,0,0
BRDA:156,11,0,0
BRDA:157,12,0,0
BRDA:168,13,0,0
BRDA:168,13,1,0
BRDA:183,14,0,0
BRDA:183,14,1,0
BRDA:212,15,0,0
BRDA:212,15,1,0
BRDA:224,16,0,0
BRDA:224,16,1,0
BRDA:224,17,0,0
BRDA:224,17,1,0
BRDA:233,18,0,0
BRDA:233,18,1,0
BRDA:237,19,0,0
BRDA:237,19,1,0
BRDA:237,20,0,0
BRDA:237,20,1,0
BRDA:271,21,0,0
BRDA:271,21,1,0
BRDA:271,22,0,0
BRDA:271,22,1,0
BRDA:399,23,0,0
BRDA:402,24,0,0
BRDA:402,24,1,0
BRDA:420,25,0,0
BRDA:423,26,0,0
BRDA:423,26,1,0
BRDA:500,27,0,0
BRDA:501,28,0,0
BRDA:502,29,0,0
BRDA:503,30,0,0
BRDA:512,31,0,0
BRDA:512,31,1,0
BRDA:526,32,0,0
BRDA:526,32,1,0
BRDA:530,33,0,0
BRDA:530,33,1,0
BRDA:542,34,0,0
BRDA:542,34,1,0
BRDA:551,35,0,0
BRDA:552,36,0,0
BRDA:558,37,0,0
BRDA:558,37,1,0
BRDA:572,38,0,0
BRDA:572,38,1,0
BRDA:605,39,0,0
BRDA:622,40,0,0
BRDA:622,40,1,0
BRDA:671,41,0,0
BRDA:672,42,0,0
BRDA:673,43,0,0
BRDA:681,44,0,0
BRDA:681,44,1,0
BRDA:692,45,0,0
BRDA:692,45,1,0
BRDA:693,46,0,0
BRDA:693,46,1,0
BRF:79
BRH:0
end_of_record
TN:
SF:client/src/components/ui/skeleton.tsx
FN:3,Skeleton
FNF:1
FNH:0
FNDA:0,Skeleton
DA:1,0
DA:4,0
DA:5,0
DA:7,0
DA:15,0
LF:5
LH:0
BRF:0
BRH:0
end_of_record
TN:
SF:client/src/components/ui/slider.tsx
FN:9,(anonymous_7)
FNF:1
FNH:0
FNDA:0,(anonymous_7)
DA:1,0
DA:2,0
DA:4,0
DA:6,0
DA:9,0
DA:24,0
DA:26,0
LF:7
LH:0
BRF:0
BRH:0
end_of_record
TN:
SF:client/src/components/ui/switch.tsx
FN:9,(anonymous_7)
FNF:1
FNH:0
FNDA:0,(anonymous_7)
DA:1,0
DA:2,0
DA:4,0
DA:6,0
DA:9,0
DA:25,0
DA:27,0
LF:7
LH:0
BRF:0
BRH:0
end_of_record
TN:
SF:client/src/components/ui/table.tsx
FN:8,(anonymous_7)
FN:22,(anonymous_8)
FN:30,(anonymous_9)
FN:42,(anonymous_10)
FN:57,(anonymous_11)
FN:72,(anonymous_12)
FN:87,(anonymous_13)
FN:99,(anonymous_14)
FNF:8
FNH:0
FNDA:0,(anonymous_7)
FNDA:0,(anonymous_8)
FNDA:0,(anonymous_9)
FNDA:0,(anonymous_10)
FNDA:0,(anonymous_11)
FNDA:0,(anonymous_12)
FNDA:0,(anonymous_13)
FNDA:0,(anonymous_14)
DA:1,0
DA:3,0
DA:5,0
DA:8,0
DA:17,0
DA:19,0
DA:22,0
DA:25,0
DA:27,0
DA:30,0
DA:37,0
DA:39,0
DA:42,0
DA:52,0
DA:54,0
DA:57,0
DA:67,0
DA:69,0
DA:72,0
DA:82,0
DA:84,0
DA:87,0
DA:94,0
DA:96,0
DA:99,0
DA:106,0
DA:109,0
DA:110,0
DA:111,0
DA:112,0
DA:113,0
DA:114,0
DA:115,0
DA:116,0
LF:34
LH:0
BRF:0
BRH:0
end_of_record
TN:
SF:client/src/components/ui/tabs.tsx
FN:11,(anonymous_7)
FN:26,(anonymous_8)
FN:41,(anonymous_9)
FNF:3
FNH:0
FNDA:0,(anonymous_7)
FNDA:0,(anonymous_8)
FNDA:0,(anonymous_9)
DA:1,0
DA:2,0
DA:4,0
DA:6,0
DA:8,0
DA:11,0
DA:21,0
DA:23,0
DA:26,0
DA:36,0
DA:38,0
DA:41,0
DA:51,0
DA:53,0
LF:14
LH:0
BRF:0
BRH:0
end_of_record
TN:
SF:client/src/components/ui/textarea.tsx
FN:8,(anonymous_7)
FNF:1
FNH:0
FNDA:0,(anonymous_7)
DA:1,0
DA:3,0
DA:5,0
DA:8,0
DA:9,0
DA:20,0
DA:22,0
LF:7
LH:0
BRF:0
BRH:0
end_of_record
TN:
SF:client/src/components/ui/toast.tsx
FN:13,(anonymous_7)
FN:45,(anonymous_8)
FN:59,(anonymous_9)
FN:74,(anonymous_10)
FN:92,(anonymous_11)
FN:104,(anonymous_12)
FNF:6
FNH:0
FNDA:0,(anonymous_7)
FNDA:0,(anonymous_8)
FNDA:0,(anonymous_9)
FNDA:0,(anonymous_10)
FNDA:0,(anonymous_11)
FNDA:0,(anonymous_12)
DA:1,0
DA:2,0
DA:3,0
DA:4,0
DA:6,0
DA:8,0
DA:10,0
DA:13,0
DA:23,0
DA:25,0
DA:41,0
DA:45,0
DA:46,0
DA:54,0
DA:56,0
DA:59,0
DA:69,0
DA:71,0
DA:74,0
DA:87,0
DA:89,0
DA:92,0
DA:99,0
DA:101,0
DA:104,0
DA:111,0
DA:120,0
DA:121,0
DA:122,0
DA:123,0
DA:124,0
DA:125,0
DA:126,0
LF:33
LH:0
BRF:0
BRH:0
end_of_record
TN:
SF:client/src/components/ui/toaster.tsx
FN:11,Toaster
FN:16,(anonymous_2)
FNF:2
FNH:0
FNDA:0,Toaster
FNDA:0,(anonymous_2)
DA:1,0
DA:2,0
DA:11,0
DA:12,0
DA:14,0
DA:16,0
DA:17,0
LF:7
LH:0
BRDA:20,0,0,0
BRDA:20,0,1,0
BRDA:21,1,0,0
BRDA:21,1,1,0
BRF:4
BRH:0
end_of_record
TN:
SF:client/src/components/ui/toggle-group.tsx
FN:21,(anonymous_7)
FN:39,(anonymous_8)
FNF:2
FNH:0
FNDA:0,(anonymous_7)
FNDA:0,(anonymous_8)
DA:3,0
DA:4,0
DA:7,0
DA:8,0
DA:10,0
DA:17,0
DA:21,0
DA:33,0
DA:35,0
DA:39,0
DA:40,0
DA:42,0
DA:59,0
DA:61,0
LF:14
LH:0
BRDA:47,0,0,0
BRDA:47,0,1,0
BRDA:48,1,0,0
BRDA:48,1,1,0
BRF:4
BRH:0
end_of_record
TN:
SF:client/src/components/ui/toggle.tsx
FN:33,(anonymous_7)
FNF:1
FNH:0
FNDA:0,(anonymous_7)
DA:1,0
DA:2,0
DA:3,0
DA:5,0
DA:7,0
DA:29,0
DA:33,0
DA:41,0
DA:43,0
LF:9
LH:0
BRF:0
BRH:0
end_of_record
TN:
SF:client/src/components/ui/tooltip.tsx
FN:17,(anonymous_7)
FNF:1
FNH:0
FNDA:0,(anonymous_7)
DA:3,0
DA:4,0
DA:6,0
DA:8,0
DA:10,0
DA:12,0
DA:14,0
DA:17,0
DA:28,0
DA:30,0
LF:10
LH:0
BRDA:17,0,0,0
BRF:1
BRH:0
end_of_record
TN:
SF:client/src/hooks/use-mobile.tsx
FN:5,useIsMobile
FN:8,(anonymous_7)
FN:10,(anonymous_8)
FN:15,(anonymous_9)
FNF:4
FNH:4
FNDA:13,useIsMobile
FNDA:6,(anonymous_7)
FNDA:1,(anonymous_8)
FNDA:6,(anonymous_9)
DA:1,1
DA:3,1
DA:5,1
DA:6,13
DA:8,13
DA:9,6
DA:10,6
DA:11,1
DA:13,6
DA:14,6
DA:15,6
DA:18,13
LF:12
LH:12
BRF:0
BRH:0
end_of_record
TN:
SF:client/src/hooks/use-toast.ts
FN:27,genId
FN:58,(anonymous_8)
FN:63,(anonymous_9)
FN:74,(anonymous_10)
FN:85,(anonymous_11)
FN:98,(anonymous_12)
FN:105,(anonymous_13)
FN:124,(anonymous_14)
FN:133,dispatch
FN:135,(anonymous_16)
FN:142,toast
FN:145,(anonymous_18)
FN:150,(anonymous_19)
FN:158,(anonymous_20)
FN:171,useToast
FN:174,(anonymous_22)
FN:176,(anonymous_23)
FN:187,(anonymous_24)
FNF:18
FNH:16
FNDA:10,genId
FNDA:4,(anonymous_8)
FNDA:1,(anonymous_9)
FNDA:20,(anonymous_10)
FNDA:2,(anonymous_11)
FNDA:1,(anonymous_12)
FNDA:4,(anonymous_13)
FNDA:2,(anonymous_14)
FNDA:15,dispatch
FNDA:16,(anonymous_16)
FNDA:10,toast
FNDA:1,(anonymous_18)
FNDA:0,(anonymous_19)
FNDA:0,(anonymous_20)
FNDA:28,useToast
FNDA:27,(anonymous_22)
FNDA:27,(anonymous_23)
FNDA:3,(anonymous_24)
DA:1,2
DA:8,2
DA:9,2
DA:18,2
DA:25,2
DA:28,10
DA:29,10
DA:56,2
DA:58,2
DA:59,4
DA:60,0
DA:63,4
DA:64,1
DA:65,1
DA:71,4
DA:74,2
DA:75,20
DA:77,11
DA:83,2
DA:86,2
DA:91,4
DA:95,4
DA:96,3
DA:98,1
DA:99,1
DA:103,4
DA:106,4
DA:116,3
DA:117,1
DA:122,2
DA:124,2
DA:129,2
DA:131,2
DA:134,15
DA:135,15
DA:136,16
DA:142,10
DA:143,10
DA:145,10
DA:146,1
DA:150,10
DA:152,10
DA:159,0
DA:164,10
DA:172,28
DA:174,28
DA:175,27
DA:176,27
DA:177,27
DA:178,27
DA:179,27
DA:184,28
DA:187,3
DA:191,2
LF:54
LH:52
BRDA:59,0,0,0
BRDA:59,0,1,4
BRDA:75,1,0,11
BRDA:75,1,1,2
BRDA:75,1,2,4
BRDA:75,1,3,3
BRDA:86,2,0,2
BRDA:86,2,1,0
BRDA:95,3,0,3
BRDA:95,3,1,1
BRDA:106,4,0,4
BRDA:106,4,1,0
BRDA:106,5,0,4
BRDA:106,5,1,1
BRDA:116,6,0,1
BRDA:116,6,1,2
BRDA:159,7,0,0
BRDA:159,7,1,0
BRDA:178,8,0,27
BRDA:178,8,1,0
BRF:20
BRH:14
end_of_record
TN:
SF:client/src/hooks/use-waitlist-form.ts
FN:5,useWaitlistForm
FN:11,(anonymous_8)
FN:11,(anonymous_9)
FN:18,(anonymous_10)
FNF:4
FNH:3
FNDA:5,useWaitlistForm
FNDA:1,(anonymous_8)
FNDA:1,(anonymous_9)
FNDA:0,(anonymous_10)
DA:1,1
DA:2,1
DA:3,1
DA:5,1
DA:6,5
DA:7,5
DA:8,5
DA:9,5
DA:11,5
DA:12,1
DA:13,1
DA:15,0
DA:18,0
DA:20,0
DA:25,0
DA:26,0
DA:29,5
LF:17
LH:12
BRDA:13,0,0,1
BRDA:13,0,1,0
BRF:2
BRH:1
end_of_record
TN:
SF:client/src/lib/LanguageContext.tsx
FN:12,LanguageProvider
FN:13,(anonymous_1)
FN:27,(anonymous_2)
FN:32,(anonymous_3)
FN:45,useLanguage
FNF:5
FNH:5
FNDA:29,LanguageProvider
FNDA:19,(anonymous_1)
FNDA:10,(anonymous_2)
FNDA:29,(anonymous_3)
FNDA:34,useLanguage
DA:1,3
DA:2,3
DA:10,3
DA:12,3
DA:13,29
DA:14,19
DA:15,19
DA:16,19
DA:17,3
DA:19,16
DA:20,16
DA:21,0
DA:24,16
DA:27,29
DA:28,10
DA:29,10
DA:32,29
DA:33,29
DA:36,29
DA:38,29
DA:45,3
DA:46,34
DA:47,34
DA:48,4
DA:50,30
LF:25
LH:24
BRDA:14,0,0,19
BRDA:14,0,1,0
BRDA:16,1,0,3
BRDA:16,1,1,16
BRDA:16,2,0,19
BRDA:16,2,1,3
BRDA:16,2,2,3
BRDA:20,3,0,0
BRDA:20,3,1,16
BRDA:47,4,0,4
BRDA:47,4,1,30
BRF:11
BRH:9
end_of_record
TN:
SF:client/src/lib/constants.ts
FNF:0
FNH:0
DA:1,0
DA:4,0
DA:9,0
DA:15,0
DA:21,0
LF:5
LH:0
BRF:0
BRH:0
end_of_record
TN:
SF:client/src/lib/queryClient.ts
FN:3,throwIfResNotOk
FN:10,apiRequest
FN:30,(anonymous_11)
FN:31,(anonymous_12)
FN:31,(anonymous_13)
FNF:5
FNH:1
FNDA:0,throwIfResNotOk
FNDA:0,apiRequest
FNDA:2,(anonymous_11)
FNDA:0,(anonymous_12)
FNDA:0,(anonymous_13)
DA:1,2
DA:4,0
DA:5,0
DA:6,0
DA:10,2
DA:15,0
DA:22,0
DA:23,0
DA:27,2
DA:30,2
DA:31,2
DA:32,0
DA:36,0
DA:37,0
DA:40,0
DA:41,0
DA:44,2
LF:17
LH:6
BRDA:4,0,0,0
BRDA:4,0,1,0
BRDA:5,1,0,0
BRDA:5,1,1,0
BRDA:17,2,0,0
BRDA:17,2,1,0
BRDA:18,3,0,0
BRDA:18,3,1,0
BRDA:36,4,0,0
BRDA:36,4,1,0
BRDA:36,5,0,0
BRDA:36,5,1,0
BRF:12
BRH:0
end_of_record
TN:
SF:client/src/lib/translations.ts
FNF:0
FNH:0
DA:45,4
LF:1
LH:1
BRF:0
BRH:0
end_of_record
TN:
SF:client/src/lib/utils.ts
FN:4,cn
FNF:1
FNH:1
FNDA:13,cn
DA:1,1
DA:2,1
DA:4,1
DA:5,13
LF:4
LH:4
BRF:0
BRH:0
end_of_record
TN:
SF:client/src/pages/Home.tsx
FN:8,Home
FNF:1
FNH:0
FNDA:0,Home
DA:1,0
DA:2,0
DA:3,0
DA:4,0
DA:5,0
DA:6,0
DA:8,0
DA:9,0
LF:8
LH:0
BRF:0
BRH:0
end_of_record
TN:
SF:client/src/pages/not-found.tsx
FN:4,NotFound
FNF:1
FNH:0
FNDA:0,NotFound
DA:1,0
DA:2,0
DA:4,0
DA:5,0
LF:4
LH:0
BRF:0
BRH:0
end_of_record
TN:
SF:server/index.ts
FN:17,(anonymous_14)
FN:25,log
FN:36,(anonymous_16)
FN:42,(anonymous_17)
FN:47,(anonymous_18)
FN:62,(anonymous_19)
FN:62,(anonymous_20)
FN:65,(anonymous_21)
FN:79,(anonymous_22)
FN:94,(anonymous_23)
FNF:10
FNH:0
FNDA:0,(anonymous_14)
FNDA:0,log
FNDA:0,(anonymous_16)
FNDA:0,(anonymous_17)
FNDA:0,(anonymous_18)
FNDA:0,(anonymous_19)
FNDA:0,(anonymous_20)
FNDA:0,(anonymous_21)
FNDA:0,(anonymous_22)
FNDA:0,(anonymous_23)
DA:1,0
DA:2,0
DA:3,0
DA:4,0
DA:6,0
DA:7,0
DA:15,0
DA:18,0
DA:23,0
DA:25,0
DA:26,0
DA:33,0
DA:36,0
DA:37,0
DA:38,0
DA:39,0
DA:41,0
DA:42,0
DA:43,0
DA:44,0
DA:47,0
DA:48,0
DA:49,0
DA:50,0
DA:51,0
DA:52,0
DA:55,0
DA:59,0
DA:62,0
DA:63,0
DA:65,0
DA:66,0
DA:67,0
DA:69,0
DA:70,0
DA:76,0
DA:77,0
DA:79,0
DA:80,0
DA:87,0
DA:88,0
DA:95,0
LF:42
LH:0
BRDA:25,0,0,0
BRDA:49,1,0,0
BRDA:49,1,1,0
BRDA:51,2,0,0
BRDA:51,2,1,0
BRDA:66,3,0,0
BRDA:66,3,1,0
BRDA:66,3,2,0
BRDA:67,4,0,0
BRDA:67,4,1,0
BRDA:76,5,0,0
BRDA:76,5,1,0
BRDA:87,6,0,0
BRDA:87,6,1,0
BRF:14
BRH:0
end_of_record
TN:
SF:server/routes.ts
FN:5,registerRoutes
FNF:1
FNH:0
FNDA:0,registerRoutes
DA:5,0
DA:15,0
LF:2
LH:0
BRF:0
BRH:0
end_of_record
TN:
SF:server/static.ts
FN:5,serveStatic
FN:16,(anonymous_2)
FNF:2
FNH:0
FNDA:0,serveStatic
FNDA:0,(anonymous_2)
DA:1,0
DA:2,0
DA:3,0
DA:5,0
DA:6,0
DA:7,0
DA:8,0
DA:13,0
DA:16,0
DA:17,0
LF:10
LH:0
BRDA:7,0,0,0
BRDA:7,0,1,0
BRF:2
BRH:0
end_of_record
TN:
SF:server/storage.ts
FN:16,(anonymous_7)
FN:20,(anonymous_8)
FN:24,(anonymous_10)
FN:26,(anonymous_12)
FN:30,(anonymous_13)
FNF:5
FNH:0
FNDA:0,(anonymous_7)
FNDA:0,(anonymous_8)
FNDA:0,(anonymous_10)
FNDA:0,(anonymous_12)
FNDA:0,(anonymous_13)
DA:2,0
DA:13,0
DA:17,0
DA:21,0
DA:25,0
DA:26,0
DA:31,0
DA:32,0
DA:33,0
DA:34,0
DA:38,0
LF:11
LH:0
BRF:0
BRH:0
end_of_record
TN:
SF:shared/schema.ts
FNF:0
FNH:0
DA:1,0
DA:2,0
DA:3,0
DA:6,0
DA:12,0
LF:5
LH:0
BRF:0
BRH:0
end_of_record
